[2024-10-07 09:55:23] INFO: {"method":"POST","url":"/api/v1/users/signup","status":"201","responseSize":"294","responseTime":"134.727\n"}
[2024-10-07 10:01:31] INFO: {"method":"POST","url":"/api/v1/users/signup","status":"201","responseSize":"294","responseTime":"140.104\n"}
[2024-10-07 10:02:30] INFO: {"method":"POST","url":"/api/v1/users/signup","status":"201","responseSize":"294","responseTime":"101.008\n"}
[2024-10-07 10:04:11] INFO: {"method":"POST","url":"/api/v1/users/signup","status":"201","responseSize":"299","responseTime":"118.903\n"}
[2024-10-07 10:04:40] ERROR: {"method":"POST","url":"/api/v1/users/signup","status":"400","responseSize":"557","responseTime":"12.207\n"}
[2024-10-07 10:04:50] INFO: {"method":"POST","url":"/api/v1/users/signup","status":"201","responseSize":"292","responseTime":"163.212\n"}
[2024-10-07 10:06:45] INFO: {"method":"POST","url":"/api/v1/users/signup","status":"201","responseSize":"296","responseTime":"105.155\n"}
[2024-10-07 10:54:46] INFO: {"method":"POST","url":"/api/v1/users/signup","status":"201","responseSize":"297","responseTime":"125.186\n"}
[2024-10-07 10:55:26] INFO: {"method":"POST","url":"/api/v1/users/signup","status":"201","responseSize":"299","responseTime":"95.162\n"}
[2024-10-07 10:56:11] INFO: {"method":"POST","url":"/api/v1/users/signup","status":"201","responseSize":"300","responseTime":"112.182\n"}
[2024-10-07 10:59:29] ERROR: {"method":"POST","url":"/api/v1/users/signup","status":"400","responseSize":"557","responseTime":"22.464\n"}
[2024-10-07 11:00:07] ERROR: {"method":"POST","url":"/api/v1/users/signup","status":"400","responseSize":"557","responseTime":"23.620\n"}
[2024-10-07 11:00:57] ERROR: {"method":"POST","url":"/api/v1/users/signup","status":"400","responseSize":"557","responseTime":"32.220\n"}
[2024-10-07 11:01:20] ERROR: {"method":"POST","url":"/api/v1/users/signup","status":"400","responseSize":"557","responseTime":"41.181\n"}
[2024-10-07 11:16:27] ERROR: {"method":"POST","url":"/api/v1/auth/login","status":"400","responseSize":"458","responseTime":"97.594\n"}
[2024-10-07 11:17:05] ERROR: {"method":"POST","url":"/api/v1/auth/login","status":"404","responseSize":"559","responseTime":"33.892\n"}
[2024-10-07 11:17:41] ERROR: {"method":"POST","url":"/api/v1/auth/login","status":"404","responseSize":"557","responseTime":"48.572\n"}
[2024-10-07 11:18:30] ERROR: {"method":"POST","url":"/api/v1/users/signup","status":"400","responseSize":"557","responseTime":"30.084\n"}
[2024-10-07 11:18:53] ERROR: {"method":"POST","url":"/api/v1/auth/login","status":"400","responseSize":"458","responseTime":"116.381\n"}
[2024-10-07 11:19:28] INFO: {"method":"POST","url":"/api/v1/auth/forgot-password","status":"200","responseSize":"131","responseTime":"175.535\n"}
[2024-10-07 11:19:59] WARN: {"method":"POST","url":"/api/v1/auth/reset-password/610071d9d300230bd6538de16d0910d6","status":"500","responseSize":"1469","responseTime":"21.457\n"}
[2024-10-07 11:24:17] WARN: {"method":"POST","url":"/api/v1/auth/reset-password/610071d9d300230bd6538de16d0910d6","status":"500","responseSize":"1469","responseTime":"8.985\n"}
[2024-10-07 11:24:54] WARN: {"method":"POST","url":"/api/v1/auth/reset-password/610071d9d300230bd6538de16d0910d6","status":"500","responseSize":"1469","responseTime":"63.671\n"}
[2024-10-07 11:27:32] WARN: {"method":"POST","url":"/api/v1/auth/reset-password/610071d9d300230bd6538de16d0910d6","status":"500","responseSize":"1525","responseTime":"41.554\n"}
[2024-10-07 11:28:47] WARN: {"method":"POST","url":"/api/v1/auth/reset-password/610071d9d300230bd6538de16d0910d6","status":"500","responseSize":"1517","responseTime":"27.938\n"}
[2024-10-07 11:28:52] WARN: {"method":"POST","url":"/api/v1/auth/reset-password/610071d9d300230bd6538de16d0910d6","status":"500","responseSize":"1517","responseTime":"10.721\n"}
[2024-10-07 11:29:19] WARN: {"method":"POST","url":"/api/v1/auth/reset-password/610071d9d300230bd6538de16d0910d6","status":"500","responseSize":"1517","responseTime":"30.879\n"}
[2024-10-07 11:29:57] ERROR: {"method":"POST","url":"/api/v1/auth/reset-password/610071d9d300230bd6538de16d0910d6","status":"400","responseSize":"540","responseTime":"16.044\n"}
[2024-10-07 11:30:05] ERROR: {"method":"POST","url":"/api/v1/auth/reset-password/610071d9d300230bd6538de16d0910d6","status":"400","responseSize":"540","responseTime":"14.771\n"}
[2024-10-07 11:31:47] INFO: {"method":"POST","url":"/api/v1/auth/forgot-password","status":"200","responseSize":"131","responseTime":"150.711\n"}
[2024-10-07 11:32:09] WARN: {"method":"POST","url":"/api/v1/auth/reset-password/044748aa442d0554df80044bfc56f2a4","status":"500","responseSize":"1523","responseTime":"22.966\n"}
[2024-10-07 11:33:00] WARN: {"method":"POST","url":"/api/v1/auth/reset-password/044748aa442d0554df80044bfc56f2a4","status":"500","responseSize":"1523","responseTime":"44.019\n"}
[2024-10-07 11:33:16] WARN: {"method":"POST","url":"/api/v1/auth/reset-password/044748aa442d0554df80044bfc56f2a4","status":"500","responseSize":"1523","responseTime":"30.238\n"}
[2024-10-07 11:33:29] WARN: {"method":"POST","url":"/api/v1/auth/reset-password/044748aa442d0554df80044bfc56f2a4","status":"500","responseSize":"1523","responseTime":"48.063\n"}
[2024-10-07 11:33:30] WARN: {"method":"POST","url":"/api/v1/auth/reset-password/044748aa442d0554df80044bfc56f2a4","status":"500","responseSize":"1523","responseTime":"7.692\n"}
[2024-10-07 11:33:56] WARN: {"method":"POST","url":"/api/v1/auth/reset-password/044748aa442d0554df80044bfc56f2a4","status":"500","responseSize":"1523","responseTime":"35.391\n"}
[2024-10-07 11:34:05] WARN: {"method":"POST","url":"/api/v1/auth/reset-password/044748aa442d0554df80044bfc56f2a4","status":"500","responseSize":"1523","responseTime":"8.620\n"}
[2024-10-07 11:34:33] WARN: {"method":"POST","url":"/api/v1/auth/reset-password/044748aa442d0554df80044bfc56f2a4","status":"500","responseSize":"1523","responseTime":"56.372\n"}
[2024-10-07 11:34:44] WARN: {"method":"POST","url":"/api/v1/auth/reset-password/044748aa442d0554df80044bfc56f2a4","status":"500","responseSize":"1523","responseTime":"39.101\n"}
[2024-10-07 11:35:46] WARN: {"method":"POST","url":"/api/v1/auth/reset-password/044748aa442d0554df80044bfc56f2a4","status":"500","responseSize":"1523","responseTime":"25.401\n"}
[2024-10-07 11:35:57] WARN: {"method":"POST","url":"/api/v1/auth/reset-password/044748aa442d0554df80044bfc56f2a4","status":"500","responseSize":"1523","responseTime":"37.067\n"}
[2024-10-07 11:38:43] WARN: {"method":"POST","url":"/api/v1/auth/reset-password/044748aa442d0554df80044bfc56f2a4","status":"500","responseSize":"1523","responseTime":"47.637\n"}
[2024-10-07 11:40:06] WARN: {"method":"POST","url":"/api/v1/auth/reset-password/044748aa442d0554df80044bfc56f2a4","status":"500","responseSize":"1837","responseTime":"38.376\n"}
[2024-10-07 11:40:43] WARN: {"method":"POST","url":"/api/v1/auth/reset-password/044748aa442d0554df80044bfc56f2a4","status":"500","responseSize":"1117","responseTime":"37.236\n"}
[2024-10-07 11:41:58] INFO: {"method":"POST","url":"/api/v1/users/signup","status":"201","responseSize":"297","responseTime":"133.983\n"}
[2024-10-07 11:42:33] INFO: {"method":"POST","url":"/api/v1/auth/forgot-password","status":"200","responseSize":"131","responseTime":"173.528\n"}
[2024-10-07 11:44:36] INFO: {"method":"POST","url":"/api/v1/users/signup","status":"201","responseSize":"308","responseTime":"106.288\n"}
[2024-10-07 11:46:18] INFO: {"method":"POST","url":"/api/v1/auth/forgot-password","status":"200","responseSize":"131","responseTime":"85.931\n"}
[2024-10-07 11:46:38] WARN: {"method":"POST","url":"/api/v1/auth/reset-password/2ba2ed2d188c7a0482973d70ee322a76","status":"500","responseSize":"1117","responseTime":"56.044\n"}
[2024-10-07 11:46:46] WARN: {"method":"POST","url":"/api/v1/auth/reset-password/2ba2ed2d188c7a0482973d70ee322a76","status":"500","responseSize":"1117","responseTime":"13.033\n"}
[2024-10-07 11:49:52] WARN: {"method":"POST","url":"/api/v1/auth/reset-password/2ba2ed2d188c7a0482973d70ee322a76","status":"500","responseSize":"1117","responseTime":"18.728\n"}
[2024-10-07 11:50:43] INFO: {"method":"POST","url":"/api/v1/auth/reset-password/2ba2ed2d188c7a0482973d70ee322a76","status":"200","responseSize":"99","responseTime":"95.001\n"}
[2024-10-07 11:52:02] INFO: {"method":"POST","url":"/api/v1/auth/login","status":"200","responseSize":"718","responseTime":"124.879\n"}
[2024-10-07 11:57:09] INFO: {"method":"POST","url":"/api/v1/users/signup","status":"201","responseSize":"308","responseTime":"118.555\n"}
[2024-10-07 11:59:56] INFO: {"method":"POST","url":"/api/v1/users/signup","status":"201","responseSize":"309","responseTime":"111.630\n"}
[2024-10-07 12:03:04] INFO: {"method":"POST","url":"/api/v1/users/signup","status":"201","responseSize":"482","responseTime":"128.280\n"}
[2024-10-07 12:05:07] INFO: {"method":"POST","url":"/api/v1/users/signup","status":"201","responseSize":"308","responseTime":"133.361\n"}
[2024-10-07 12:07:14] INFO: {"method":"POST","url":"/api/v1/users/signup","status":"201","responseSize":"308","responseTime":"102.912\n"}
[2024-10-07 12:08:43] INFO: {"method":"POST","url":"/api/v1/users/signup","status":"201","responseSize":"308","responseTime":"104.819\n"}
[2024-10-07 12:09:15] INFO: {"method":"POST","url":"/api/v1/auth/login","status":"200","responseSize":"695","responseTime":"96.629\n"}
[2024-10-07 12:09:44] ERROR: {"method":"POST","url":"/api/v1/auth/change-password","status":"400","responseSize":"54","responseTime":"0.703\n"}
[2024-10-07 12:10:26] ERROR: {"method":"POST","url":"/api/v1/auth/change-password","status":"400","responseSize":"493","responseTime":"95.869\n"}
[2024-10-07 12:11:31] ERROR: {"method":"POST","url":"/api/v1/auth/change-password","status":"400","responseSize":"493","responseTime":"111.149\n"}
[2024-10-07 12:11:38] ERROR: {"method":"POST","url":"/api/v1/auth/change-password","status":"400","responseSize":"467","responseTime":"142.511\n"}
[2024-10-07 12:11:45] INFO: {"method":"POST","url":"/api/v1/auth/change-password","status":"200","responseSize":"101","responseTime":"220.479\n"}
[2024-10-07 02:30:08] ERROR: {"method":"POST","url":"/api/v1/auth/login","status":"400","responseSize":"457","responseTime":"143.141\n"}
[2024-10-07 02:30:15] INFO: {"method":"POST","url":"/api/v1/auth/login","status":"200","responseSize":"716","responseTime":"102.915\n"}
[2024-10-07 02:39:31] INFO: {"method":"POST","url":"/api/v1/auth/forgot-password","status":"200","responseSize":"130","responseTime":"120.452\n"}
[2024-10-07 02:41:07] INFO: {"method":"POST","url":"/api/v1/auth/forgot-password","status":"200","responseSize":"130","responseTime":"119.263\n"}
[2024-10-07 02:41:41] INFO: {"method":"POST","url":"/api/v1/auth/reset-password/67e8e47ddbbfd66931f050c20fe919bf","status":"200","responseSize":"98","responseTime":"84.912\n"}
[2024-10-07 02:42:01] INFO: {"method":"POST","url":"/api/v1/auth/login","status":"200","responseSize":"716","responseTime":"133.595\n"}
[2024-10-07 02:42:15] INFO: {"method":"POST","url":"/api/v1/auth/login","status":"200","responseSize":"716","responseTime":"194.084\n"}
[2024-10-07 03:26:59] INFO: {"method":"POST","url":"/api/v1/users/signup","status":"201","responseSize":"305","responseTime":"128.229\n"}
[2024-10-07 03:32:02] INFO: {"method":"POST","url":"/api/v1/auth/login","status":"200","responseSize":"692","responseTime":"124.558\n"}
[2024-10-07 03:32:09] INFO: {"method":"POST","url":"/api/v1/users/signup","status":"201","responseSize":"292","responseTime":"126.475\n"}
[2024-10-07 03:32:16] ERROR: {"method":"POST","url":"/api/v1/auth/login","status":"400","responseSize":"540","responseTime":"102.921\n"}
[2024-10-07 03:32:19] ERROR: {"method":"POST","url":"/api/v1/auth/login","status":"400","responseSize":"540","responseTime":"105.415\n"}
[2024-10-07 03:32:36] ERROR: {"method":"POST","url":"/api/v1/auth/login","status":"400","responseSize":"540","responseTime":"121.914\n"}
[2024-10-07 03:32:41] ERROR: {"method":"POST","url":"/api/v1/auth/login","status":"400","responseSize":"540","responseTime":"106.352\n"}
[2024-10-07 03:32:47] ERROR: {"method":"POST","url":"/api/v1/auth/login","status":"400","responseSize":"457","responseTime":"104.735\n"}
[2024-10-07 03:32:47] ERROR: {"method":"POST","url":"/api/v1/auth/login","status":"400","responseSize":"457","responseTime":"115.216\n"}
[2024-10-07 03:32:50] ERROR: {"method":"POST","url":"/api/v1/auth/login","status":"400","responseSize":"457","responseTime":"105.541\n"}
[2024-10-07 03:32:59] ERROR: {"method":"POST","url":"/api/v1/auth/login","status":"404","responseSize":"558","responseTime":"6.577\n"}
[2024-10-07 03:34:13] INFO: {"method":"POST","url":"/api/v1/auth/login","status":"200","responseSize":"692","responseTime":"122.303\n"}
[2024-10-07 03:34:48] ERROR: {"method":"POST","url":"/api/v1/auth/login","status":"400","responseSize":"540","responseTime":"112.095\n"}
[2024-10-07 03:35:06] INFO: {"method":"POST","url":"/api/v1/auth/login","status":"200","responseSize":"716","responseTime":"158.002\n"}
[2024-10-07 03:35:52] ERROR: {"method":"POST","url":"/api/v1/auth/change-password","status":"400","responseSize":"54","responseTime":"0.555\n"}
[2024-10-07 03:36:21] ERROR: {"method":"POST","url":"/api/v1/auth/change-password","status":"400","responseSize":"54","responseTime":"0.702\n"}
[2024-10-07 03:37:13] ERROR: {"method":"POST","url":"/api/v1/auth/change-password","status":"400","responseSize":"54","responseTime":"0.362\n"}
