[2024-10-14 12:15:19] ERROR: {"method":"GET","url":"/api/v1/users/get-user","status":"400","responseSize":"56","responseTime":"0.826\n"}
[2024-10-14 12:17:21] ERROR: {"method":"GET","url":"/api/v1/users/get-user","status":"400","responseSize":"56","responseTime":"0.673\n"}
[2024-10-14 12:17:28] ERROR: {"method":"GET","url":"/api/v1/users/get-user","status":"400","responseSize":"56","responseTime":"2.449\n"}
[2024-10-14 12:18:40] ERROR: {"method":"GET","url":"/api/v1/users/get-user","status":"400","responseSize":"56","responseTime":"2.121\n"}
[2024-10-14 12:28:30] ERROR: {"method":"GET","url":"/api/v1/users/get-user","status":"400","responseSize":"56","responseTime":"1.286\n"}
[2024-10-14 12:29:42] ERROR: {"method":"GET","url":"/api/v1/users/get-user","status":"400","responseSize":"56","responseTime":"2.848\n"}
[2024-10-14 12:31:14] ERROR: {"method":"GET","url":"/api/v1/users/get-user","status":"400","responseSize":"56","responseTime":"1.352\n"}
[2024-10-14 12:32:40] ERROR: {"method":"GET","url":"/api/v1/users/get-user","status":"400","responseSize":"56","responseTime":"1.374\n"}
[2024-10-14 12:36:29] ERROR: {"method":"GET","url":"/api/v1/users/get-user","status":"400","responseSize":"56","responseTime":"4.512\n"}
[2024-10-14 12:36:51] ERROR: {"method":"GET","url":"/api/v1/users/get-user","status":"400","responseSize":"56","responseTime":"3.890\n"}
[2024-10-14 12:43:15] ERROR: {"method":"GET","url":"/api/v1/users/get-user","status":"400","responseSize":"56","responseTime":"1.392\n"}
[2024-10-14 12:49:28] ERROR: {"method":"GET","url":"/api/v1/users/get-user","status":"400","responseSize":"56","responseTime":"3.577\n"}
[2024-10-14 01:17:10] ERROR: {"method":"GET","url":"/api/v1/users/get-user","status":"400","responseSize":"56","responseTime":"0.648\n"}
[2024-10-14 01:19:56] ERROR: {"method":"GET","url":"/api/v1/users/get-user","status":"400","responseSize":"56","responseTime":"3.395\n"}
[2024-10-14 01:29:49] ERROR: {"method":"GET","url":"/api/v1/users/get-user","status":"400","responseSize":"56","responseTime":"3.227\n"}
[2024-10-14 01:41:47] ERROR: {"method":"GET","url":"/api/v1/users/get-user","status":"400","responseSize":"56","responseTime":"3.380\n"}
[2024-10-14 01:41:52] ERROR: {"method":"GET","url":"/api/v1/users/get-user","status":"400","responseSize":"56","responseTime":"1.543\n"}
[2024-10-14 01:47:33] ERROR: {"method":"GET","url":"/api/v1/users/get-user","status":"400","responseSize":"56","responseTime":"2.059\n"}
[2024-10-14 01:47:43] ERROR: {"method":"GET","url":"/api/v1/users/get-user","status":"400","responseSize":"56","responseTime":"2.874\n"}
[2024-10-14 01:47:56] ERROR: {"method":"GET","url":"/api/v1/users/get-user","status":"400","responseSize":"56","responseTime":"2.630\n"}
[2024-10-14 01:48:50] ERROR: {"method":"GET","url":"/api/v1/users/get-user","status":"400","responseSize":"56","responseTime":"4.643\n"}
[2024-10-14 01:49:17] ERROR: {"method":"GET","url":"/api/v1/users/get-user","status":"400","responseSize":"56","responseTime":"0.764\n"}
[2024-10-14 01:49:59] ERROR: {"method":"GET","url":"/api/v1/users/get-user","status":"400","responseSize":"56","responseTime":"1.260\n"}
[2024-10-14 01:51:57] ERROR: {"method":"GET","url":"/api/v1/users/get-user","status":"400","responseSize":"56","responseTime":"1.230\n"}
[2024-10-14 01:52:14] ERROR: {"method":"GET","url":"/api/v1/users/get-user","status":"400","responseSize":"56","responseTime":"0.954\n"}
[2024-10-14 01:52:48] ERROR: {"method":"GET","url":"/api/v1/users/get-user","status":"400","responseSize":"56","responseTime":"2.219\n"}
[2024-10-14 01:52:58] ERROR: {"method":"GET","url":"/api/v1/users/get-user","status":"400","responseSize":"56","responseTime":"3.660\n"}
[2024-10-14 01:53:03] ERROR: {"method":"GET","url":"/api/v1/users/get-user","status":"400","responseSize":"56","responseTime":"1.160\n"}
[2024-10-14 01:57:29] ERROR: {"method":"GET","url":"/api/v1/users/get-user","status":"400","responseSize":"56","responseTime":"1.119\n"}
[2024-10-14 01:59:26] ERROR: {"method":"GET","url":"/api/v1/users/get-user","status":"400","responseSize":"56","responseTime":"1.208\n"}
[2024-10-14 01:59:27] ERROR: {"method":"GET","url":"/api/v1/users/get-user","status":"400","responseSize":"56","responseTime":"1.218\n"}
[2024-10-14 01:59:29] ERROR: {"method":"GET","url":"/api/v1/users/get-user","status":"400","responseSize":"56","responseTime":"1.232\n"}
[2024-10-14 02:04:27] ERROR: {"method":"GET","url":"/api/v1/users/get-user","status":"400","responseSize":"56","responseTime":"1.317\n"}
[2024-10-14 02:08:05] ERROR: {"method":"GET","url":"/api/v1/users/get-user","status":"400","responseSize":"56","responseTime":"4.074\n"}
[2024-10-14 02:09:14] ERROR: {"method":"GET","url":"/api/v1/users/get-user","status":"400","responseSize":"56","responseTime":"1.409\n"}
[2024-10-14 02:10:24] ERROR: {"method":"GET","url":"/api/v1/users/get-user","status":"400","responseSize":"56","responseTime":"180.731\n"}
[2024-10-14 02:11:30] ERROR: {"method":"GET","url":"/api/v1/users/get-user","status":"400","responseSize":"56","responseTime":"1.407\n"}
[2024-10-14 02:12:25] ERROR: {"method":"GET","url":"/api/v1/users/get-user","status":"400","responseSize":"56","responseTime":"1.487\n"}
[2024-10-14 02:27:37] ERROR: {"method":"GET","url":"/api/v1/users/get-user","status":"400","responseSize":"56","responseTime":"0.696\n"}
[2024-10-14 02:32:08] ERROR: {"method":"GET","url":"/api/v1/users/get-user","status":"400","responseSize":"56","responseTime":"1.169\n"}
[2024-10-14 02:32:33] ERROR: {"method":"GET","url":"/api/v1/users/get-user","status":"400","responseSize":"56","responseTime":"0.727\n"}
[2024-10-14 02:33:40] ERROR: {"method":"GET","url":"/api/v1/users/get-user","status":"400","responseSize":"56","responseTime":"0.582\n"}
[2024-10-14 02:34:48] ERROR: {"method":"GET","url":"/api/v1/users/get-user","status":"400","responseSize":"56","responseTime":"1.264\n"}
[2024-10-14 02:35:37] ERROR: {"method":"GET","url":"/api/v1/users/get-user","status":"400","responseSize":"56","responseTime":"3.087\n"}
[2024-10-14 02:37:54] ERROR: {"method":"GET","url":"/api/v1/users/get-user","status":"400","responseSize":"56","responseTime":"0.473\n"}
[2024-10-14 02:38:09] ERROR: {"method":"GET","url":"/api/v1/users/get-user","status":"400","responseSize":"56","responseTime":"1.131\n"}
[2024-10-14 02:38:12] ERROR: {"method":"GET","url":"/api/v1/users/get-user","status":"400","responseSize":"56","responseTime":"1.257\n"}
[2024-10-14 02:38:15] ERROR: {"method":"GET","url":"/api/v1/users/get-user","status":"400","responseSize":"56","responseTime":"1.339\n"}
[2024-10-14 02:38:30] INFO: {"method":"POST","url":"/api/v1/auth/login","status":"200","responseSize":"682","responseTime":"261.338\n"}
[2024-10-14 02:39:17] ERROR: {"method":"GET","url":"/api/v1/users/get-user","status":"400","responseSize":"56","responseTime":"1.244\n"}
[2024-10-14 02:39:37] INFO: {"method":"POST","url":"/api/v1/auth/login","status":"200","responseSize":"682","responseTime":"710.407\n"}
[2024-10-14 02:40:52] INFO: {"method":"GET","url":"/api/v1/users/get-user","status":"200","responseSize":"431","responseTime":"151.714\n"}
[2024-10-14 02:42:53] INFO: {"method":"GET","url":"/api/v1/users/get-user","status":"200","responseSize":"431","responseTime":"116.871\n"}
[2024-10-14 02:43:36] INFO: {"method":"GET","url":"/api/v1/users/get-user","status":"200","responseSize":"431","responseTime":"295.098\n"}
[2024-10-14 02:43:42] INFO: {"method":"GET","url":"/api/v1/auth/logout","status":"200","responseSize":"91","responseTime":"20.788\n"}
[2024-10-14 02:43:43] ERROR: {"method":"GET","url":"/api/v1/users/get-user","status":"400","responseSize":"56","responseTime":"1.967\n"}
[2024-10-14 02:46:54] ERROR: {"method":"GET","url":"/api/v1/users/get-user","status":"400","responseSize":"56","responseTime":"0.642\n"}
[2024-10-14 02:47:34] ERROR: {"method":"GET","url":"/api/v1/users/get-user","status":"400","responseSize":"56","responseTime":"0.475\n"}
[2024-10-14 02:47:45] ERROR: {"method":"GET","url":"/api/v1/users/get-user","status":"400","responseSize":"56","responseTime":"1.502\n"}
[2024-10-14 02:47:50] ERROR: {"method":"GET","url":"/api/v1/users/get-user","status":"400","responseSize":"56","responseTime":"0.699\n"}
[2024-10-14 02:48:24] ERROR: {"method":"GET","url":"/api/v1/users/get-user","status":"400","responseSize":"56","responseTime":"0.566\n"}
[2024-10-14 02:48:29] ERROR: {"method":"GET","url":"/api/v1/users/get-user","status":"400","responseSize":"56","responseTime":"1.411\n"}
[2024-10-14 02:51:33] ERROR: {"method":"GET","url":"/api/v1/users/get-user","status":"400","responseSize":"56","responseTime":"1.805\n"}
[2024-10-14 02:52:17] ERROR: {"method":"GET","url":"/api/v1/users/get-user","status":"400","responseSize":"56","responseTime":"1.213\n"}
[2024-10-14 02:54:30] ERROR: {"method":"GET","url":"/api/v1/users/get-user","status":"400","responseSize":"56","responseTime":"1.148\n"}
[2024-10-14 02:57:45] ERROR: {"method":"GET","url":"/api/v1/users/get-user","status":"400","responseSize":"56","responseTime":"0.753\n"}
[2024-10-14 02:59:38] ERROR: {"method":"GET","url":"/api/v1/users/get-user","status":"400","responseSize":"56","responseTime":"1.206\n"}
[2024-10-14 03:01:09] ERROR: {"method":"GET","url":"/api/v1/users/get-user","status":"400","responseSize":"56","responseTime":"2.911\n"}
[2024-10-14 03:01:15] ERROR: {"method":"GET","url":"/api/v1/users/get-user","status":"400","responseSize":"56","responseTime":"1.160\n"}
[2024-10-14 03:02:33] ERROR: {"method":"GET","url":"/api/v1/users/get-user","status":"400","responseSize":"56","responseTime":"1.227\n"}
[2024-10-14 03:02:39] ERROR: {"method":"GET","url":"/api/v1/users/get-user","status":"400","responseSize":"56","responseTime":"3.922\n"}
[2024-10-14 03:06:50] ERROR: {"method":"GET","url":"/api/v1/users/get-user","status":"400","responseSize":"56","responseTime":"0.971\n"}
[2024-10-14 03:07:19] ERROR: {"method":"GET","url":"/api/v1/users/get-user","status":"400","responseSize":"56","responseTime":"1.169\n"}
[2024-10-14 03:07:28] ERROR: {"method":"GET","url":"/api/v1/users/get-user","status":"400","responseSize":"56","responseTime":"1.495\n"}
[2024-10-14 03:07:30] ERROR: {"method":"GET","url":"/api/v1/users/get-user","status":"400","responseSize":"56","responseTime":"1.281\n"}
[2024-10-14 03:07:33] ERROR: {"method":"GET","url":"/api/v1/users/get-user","status":"400","responseSize":"56","responseTime":"0.923\n"}
[2024-10-14 03:07:56] INFO: {"method":"POST","url":"/api/v1/auth/login","status":"200","responseSize":"682","responseTime":"876.406\n"}
[2024-10-14 03:08:11] ERROR: {"method":"GET","url":"/api/v1/users/get-user","status":"400","responseSize":"56","responseTime":"1.473\n"}
[2024-10-14 03:08:11] ERROR: {"method":"GET","url":"/api/v1/users/get-user","status":"400","responseSize":"56","responseTime":"1.205\n"}
[2024-10-14 03:08:17] ERROR: {"method":"GET","url":"/api/v1/users/get-user","status":"400","responseSize":"56","responseTime":"121.947\n"}
[2024-10-14 03:08:35] INFO: {"method":"POST","url":"/api/v1/auth/login","status":"200","responseSize":"682","responseTime":"501.840\n"}
[2024-10-14 03:08:41] INFO: {"method":"GET","url":"/api/v1/users/get-user","status":"200","responseSize":"431","responseTime":"188.580\n"}
[2024-10-14 03:08:44] INFO: {"method":"GET","url":"/api/v1/users/get-user","status":"200","responseSize":"431","responseTime":"86.601\n"}
[2024-10-14 03:08:51] INFO: {"method":"GET","url":"/api/v1/auth/logout","status":"200","responseSize":"91","responseTime":"10.890\n"}
[2024-10-14 03:08:51] ERROR: {"method":"GET","url":"/api/v1/users/get-user","status":"400","responseSize":"56","responseTime":"1.231\n"}
[2024-10-14 03:09:20] INFO: {"method":"GET","url":"/api/v1/auth/logout","status":"200","responseSize":"91","responseTime":"171.606\n"}
[2024-10-14 03:09:20] ERROR: {"method":"GET","url":"/api/v1/users/get-user","status":"400","responseSize":"56","responseTime":"1.198\n"}
[2024-10-14 03:09:27] ERROR: {"method":"GET","url":"/api/v1/users/get-user","status":"400","responseSize":"56","responseTime":"1.583\n"}
[2024-10-14 03:10:08] ERROR: {"method":"GET","url":"/api/v1/users/get-user","status":"400","responseSize":"56","responseTime":"1.143\n"}
[2024-10-14 03:10:10] ERROR: {"method":"GET","url":"/api/v1/users/get-user","status":"400","responseSize":"56","responseTime":"1.308\n"}
[2024-10-14 03:11:11] ERROR: {"method":"GET","url":"/api/v1/users/get-user","status":"400","responseSize":"56","responseTime":"1.150\n"}
[2024-10-14 03:11:37] ERROR: {"method":"GET","url":"/api/v1/users/get-user","status":"400","responseSize":"56","responseTime":"1.226\n"}
[2024-10-14 03:13:06] ERROR: {"method":"GET","url":"/api/v1/users/get-user","status":"400","responseSize":"56","responseTime":"1.219\n"}
[2024-10-14 03:14:28] ERROR: {"method":"GET","url":"/api/v1/users/get-user","status":"400","responseSize":"56","responseTime":"0.544\n"}
[2024-10-14 03:14:29] ERROR: {"method":"GET","url":"/api/v1/users/get-user","status":"400","responseSize":"56","responseTime":"0.556\n"}
[2024-10-14 03:14:34] ERROR: {"method":"GET","url":"/api/v1/users/get-user","status":"400","responseSize":"56","responseTime":"0.907\n"}
[2024-10-14 03:14:34] ERROR: {"method":"GET","url":"/api/v1/users/get-user","status":"400","responseSize":"56","responseTime":"0.545\n"}
[2024-10-14 03:14:38] ERROR: {"method":"GET","url":"/api/v1/users/get-user","status":"400","responseSize":"56","responseTime":"1.378\n"}
[2024-10-14 03:18:04] ERROR: {"method":"GET","url":"/api/v1/users/get-user","status":"400","responseSize":"56","responseTime":"2.991\n"}
[2024-10-14 03:18:11] ERROR: {"method":"GET","url":"/api/v1/users/get-user","status":"400","responseSize":"56","responseTime":"1.266\n"}
[2024-10-14 03:25:07] ERROR: {"method":"GET","url":"/api/v1/users/get-user","status":"400","responseSize":"56","responseTime":"1.184\n"}
[2024-10-14 03:25:35] ERROR: {"method":"GET","url":"/api/v1/users/get-user","status":"400","responseSize":"56","responseTime":"1.652\n"}
[2024-10-14 10:01:13] ERROR: {"method":"GET","url":"/api/v1/users/get-user","status":"400","responseSize":"56","responseTime":"18.960\n"}
[2024-10-14 10:01:34] ERROR: {"method":"GET","url":"/api/v1/users/get-user","status":"400","responseSize":"56","responseTime":"0.781\n"}
[2024-10-14 10:01:42] ERROR: {"method":"GET","url":"/api/v1/users/get-user","status":"400","responseSize":"56","responseTime":"0.866\n"}
[2024-10-14 10:01:44] ERROR: {"method":"GET","url":"/api/v1/users/get-user","status":"400","responseSize":"56","responseTime":"0.489\n"}
[2024-10-14 10:02:02] ERROR: {"method":"GET","url":"/api/v1/users/get-user","status":"400","responseSize":"56","responseTime":"0.322\n"}
[2024-10-14 10:02:28] ERROR: {"method":"GET","url":"/api/v1/users/get-user","status":"400","responseSize":"56","responseTime":"1.180\n"}
[2024-10-14 10:02:37] WARN: {"method":"POST","url":"/api/v1/auth/login","status":"500","responseSize":"116","responseTime":"54.270\n"}
[2024-10-14 10:03:56] WARN: {"method":"POST","url":"/api/v1/auth/login","status":"500","responseSize":"116","responseTime":"29.947\n"}
[2024-10-14 10:03:59] WARN: {"method":"POST","url":"/api/v1/auth/login","status":"500","responseSize":"116","responseTime":"12.998\n"}
[2024-10-14 10:04:00] WARN: {"method":"POST","url":"/api/v1/auth/login","status":"500","responseSize":"116","responseTime":"29.191\n"}
[2024-10-14 10:05:36] WARN: {"method":"POST","url":"/api/v1/auth/login","status":"500","responseSize":"116","responseTime":"31.297\n"}
[2024-10-14 10:06:06] WARN: {"method":"POST","url":"/api/v1/auth/login","status":"500","responseSize":"105","responseTime":"30.034\n"}
[2024-10-14 10:09:17] ERROR: {"method":"GET","url":"/api/v1/users/get-user","status":"400","responseSize":"56","responseTime":"12.829\n"}
[2024-10-14 10:10:15] WARN: {"method":"POST","url":"/api/v1/users/signup","status":"500","responseSize":"98","responseTime":"74.831\n"}
[2024-10-14 10:19:44] ERROR: {"method":"GET","url":"/api/v1/users/get-user","status":"400","responseSize":"56","responseTime":"0.476\n"}
[2024-10-14 10:20:49] INFO: {"method":"POST","url":"/api/v1/users/signup","status":"201","responseSize":"319","responseTime":"161.082\n"}
[2024-10-14 10:24:09] INFO: {"method":"GET","url":"/api/v1/users/get-user","status":"200","responseSize":"455","responseTime":"13.770\n"}
[2024-10-14 10:24:11] INFO: {"method":"GET","url":"/api/v1/auth/logout","status":"200","responseSize":"92","responseTime":"9.109\n"}
[2024-10-14 10:24:11] ERROR: {"method":"GET","url":"/api/v1/users/get-user","status":"400","responseSize":"56","responseTime":"0.335\n"}
[2024-10-14 10:24:15] ERROR: {"method":"GET","url":"/api/v1/users/get-user","status":"400","responseSize":"56","responseTime":"0.349\n"}
[2024-10-14 10:24:45] INFO: {"method":"POST","url":"/api/v1/users/signup","status":"201","responseSize":"296","responseTime":"136.254\n"}
[2024-10-14 10:25:22] INFO: {"method":"GET","url":"/api/v1/auth/logout","status":"200","responseSize":"92","responseTime":"11.331\n"}
[2024-10-14 10:25:22] ERROR: {"method":"GET","url":"/api/v1/users/get-user","status":"400","responseSize":"56","responseTime":"0.310\n"}
[2024-10-14 10:25:32] INFO: {"method":"POST","url":"/api/v1/auth/login","status":"200","responseSize":"683","responseTime":"136.433\n"}
[2024-10-14 10:25:51] INFO: {"method":"GET","url":"/api/v1/auth/logout","status":"200","responseSize":"92","responseTime":"44.464\n"}
[2024-10-14 10:25:51] ERROR: {"method":"GET","url":"/api/v1/users/get-user","status":"400","responseSize":"56","responseTime":"1.298\n"}
[2024-10-14 10:26:03] INFO: {"method":"POST","url":"/api/v1/auth/login","status":"200","responseSize":"683","responseTime":"103.108\n"}
[2024-10-14 10:26:29] INFO: {"method":"GET","url":"/api/v1/auth/logout","status":"200","responseSize":"92","responseTime":"14.189\n"}
[2024-10-14 10:26:29] ERROR: {"method":"GET","url":"/api/v1/users/get-user","status":"400","responseSize":"56","responseTime":"0.497\n"}
[2024-10-14 10:26:57] INFO: {"method":"POST","url":"/api/v1/auth/login","status":"200","responseSize":"706","responseTime":"119.603\n"}
[2024-10-14 10:27:15] INFO: {"method":"GET","url":"/api/v1/auth/logout","status":"200","responseSize":"92","responseTime":"20.673\n"}
[2024-10-14 10:27:15] ERROR: {"method":"GET","url":"/api/v1/users/get-user","status":"400","responseSize":"56","responseTime":"0.336\n"}
[2024-10-14 10:27:23] INFO: {"method":"POST","url":"/api/v1/auth/login","status":"200","responseSize":"706","responseTime":"101.945\n"}
[2024-10-14 10:27:38] INFO: {"method":"GET","url":"/api/v1/auth/logout","status":"200","responseSize":"92","responseTime":"44.869\n"}
[2024-10-14 10:27:38] ERROR: {"method":"GET","url":"/api/v1/users/get-user","status":"400","responseSize":"56","responseTime":"1.214\n"}
[2024-10-14 10:27:44] INFO: {"method":"POST","url":"/api/v1/auth/login","status":"200","responseSize":"706","responseTime":"123.570\n"}
[2024-10-14 10:32:10] INFO: {"method":"GET","url":"/api/v1/auth/logout","status":"200","responseSize":"92","responseTime":"62.763\n"}
[2024-10-14 10:32:10] ERROR: {"method":"GET","url":"/api/v1/users/get-user","status":"400","responseSize":"56","responseTime":"1.277\n"}
[2024-10-14 10:32:16] ERROR: {"method":"GET","url":"/api/v1/users/get-user","status":"400","responseSize":"56","responseTime":"0.716\n"}
[2024-10-14 10:32:57] INFO: {"method":"POST","url":"/api/v1/users/signup","status":"201","responseSize":"295","responseTime":"163.993\n"}
[2024-10-14 10:33:37] INFO: {"method":"GET","url":"/api/v1/users/get-user","status":"200","responseSize":"431","responseTime":"32.358\n"}
[2024-10-14 10:33:39] INFO: {"method":"GET","url":"/api/v1/auth/logout","status":"200","responseSize":"92","responseTime":"9.958\n"}
[2024-10-14 10:33:39] ERROR: {"method":"GET","url":"/api/v1/users/get-user","status":"400","responseSize":"56","responseTime":"1.072\n"}
[2024-10-14 10:34:22] ERROR: {"method":"GET","url":"/api/v1/users/get-user","status":"400","responseSize":"56","responseTime":"0.307\n"}
[2024-10-14 10:34:29] ERROR: {"method":"POST","url":"/api/v1/auth/login","status":"401","responseSize":"106","responseTime":"135.338\n"}
[2024-10-14 10:34:45] ERROR: {"method":"GET","url":"/api/v1/users/get-user","status":"400","responseSize":"56","responseTime":"0.339\n"}
[2024-10-14 10:34:52] ERROR: {"method":"POST","url":"/api/v1/auth/login","status":"401","responseSize":"106","responseTime":"98.199\n"}
[2024-10-14 10:36:42] ERROR: {"method":"GET","url":"/api/v1/users/get-user","status":"400","responseSize":"56","responseTime":"0.379\n"}
[2024-10-14 10:36:49] ERROR: {"method":"POST","url":"/api/v1/auth/login","status":"401","responseSize":"106","responseTime":"90.249\n"}
[2024-10-14 11:36:13] ERROR: {"method":"GET","url":"/api/v1/users/get-user","status":"400","responseSize":"56","responseTime":"19.572\n"}
[2024-10-14 11:36:33] ERROR: {"method":"GET","url":"/api/v1/users/get-user","status":"400","responseSize":"56","responseTime":"0.713\n"}
[2024-10-14 11:36:41] ERROR: {"method":"POST","url":"/api/v1/auth/login","status":"401","responseSize":"106","responseTime":"110.058\n"}
[2024-10-14 11:36:46] ERROR: {"method":"GET","url":"/api/v1/users/get-user","status":"400","responseSize":"56","responseTime":"1.116\n"}
[2024-10-14 11:36:58] ERROR: {"method":"GET","url":"/api/v1/users/get-user","status":"400","responseSize":"56","responseTime":"0.963\n"}
[2024-10-14 11:37:03] ERROR: {"method":"POST","url":"/api/v1/auth/login","status":"401","responseSize":"106","responseTime":"118.894\n"}
[2024-10-14 11:37:30] ERROR: {"method":"GET","url":"/api/v1/users/get-user","status":"400","responseSize":"56","responseTime":"0.315\n"}
[2024-10-14 11:37:38] ERROR: {"method":"POST","url":"/api/v1/auth/login","status":"401","responseSize":"106","responseTime":"121.648\n"}
[2024-10-14 11:37:47] ERROR: {"method":"GET","url":"/api/v1/users/get-user","status":"400","responseSize":"56","responseTime":"0.547\n"}
[2024-10-14 11:37:54] ERROR: {"method":"POST","url":"/api/v1/auth/login","status":"401","responseSize":"106","responseTime":"124.019\n"}
[2024-10-14 11:38:34] ERROR: {"method":"GET","url":"/api/v1/users/get-user","status":"400","responseSize":"56","responseTime":"0.270\n"}
[2024-10-14 11:38:52] ERROR: {"method":"GET","url":"/api/v1/users/get-user","status":"400","responseSize":"56","responseTime":"0.308\n"}
[2024-10-14 11:38:58] ERROR: {"method":"POST","url":"/api/v1/auth/login","status":"401","responseSize":"106","responseTime":"99.086\n"}
[2024-10-14 11:39:10] ERROR: {"method":"POST","url":"/api/v1/auth/login","status":"401","responseSize":"106","responseTime":"162.497\n"}
[2024-10-14 11:39:16] ERROR: {"method":"GET","url":"/api/v1/users/get-user","status":"400","responseSize":"56","responseTime":"0.960\n"}
[2024-10-14 11:40:06] INFO: {"method":"POST","url":"/api/v1/users/signup","status":"201","responseSize":"291","responseTime":"176.018\n"}
[2024-10-14 11:40:06] INFO: {"method":"GET","url":"/api/v1/users/get-user","status":"200","responseSize":"427","responseTime":"5.240\n"}
[2024-10-14 11:40:06] INFO: {"method":"GET","url":"/api/v1/users/get-user","status":"304","responseSize":"-","responseTime":"1.971\n"}
[2024-10-14 11:40:14] ERROR: {"method":"POST","url":"/api/v1/auth/login","status":"401","responseSize":"106","responseTime":"123.728\n"}
[2024-10-14 11:41:36] INFO: {"method":"GET","url":"/api/v1/users/get-user","status":"200","responseSize":"427","responseTime":"55.860\n"}
[2024-10-14 11:41:42] ERROR: {"method":"POST","url":"/api/v1/auth/login","status":"401","responseSize":"106","responseTime":"95.595\n"}
[2024-10-14 11:42:56] INFO: {"method":"GET","url":"/api/v1/users/get-user","status":"200","responseSize":"427","responseTime":"13.264\n"}
[2024-10-14 11:43:21] ERROR: {"method":"POST","url":"/api/v1/auth/login","status":"401","responseSize":"106","responseTime":"139.777\n"}
[2024-10-14 11:44:14] INFO: {"method":"GET","url":"/api/v1/users/get-user","status":"200","responseSize":"427","responseTime":"39.410\n"}
[2024-10-14 11:46:36] ERROR: {"method":"POST","url":"/api/v1/auth/login","status":"401","responseSize":"106","responseTime":"170.806\n"}
[2024-10-14 11:47:41] INFO: {"method":"GET","url":"/api/v1/users/get-user","status":"200","responseSize":"427","responseTime":"24.774\n"}
[2024-10-14 11:48:07] WARN: {"method":"POST","url":"/api/v1/users/signup","status":"500","responseSize":"107","responseTime":"2.609\n"}
[2024-10-14 11:50:07] ERROR: {"method":"GET","url":"/api/v1/users/get-user","status":"400","responseSize":"56","responseTime":"1.638\n"}
[2024-10-14 11:50:39] INFO: {"method":"POST","url":"/api/v1/users/signup","status":"201","responseSize":"292","responseTime":"216.371\n"}
[2024-10-14 11:50:39] INFO: {"method":"GET","url":"/api/v1/users/get-user","status":"200","responseSize":"428","responseTime":"5.168\n"}
[2024-10-14 11:50:39] INFO: {"method":"GET","url":"/api/v1/users/get-user","status":"304","responseSize":"-","responseTime":"4.749\n"}
[2024-10-14 11:50:49] ERROR: {"method":"POST","url":"/api/v1/auth/login","status":"401","responseSize":"106","responseTime":"152.821\n"}
[2024-10-14 11:50:55] INFO: {"method":"GET","url":"/api/v1/users/get-user","status":"200","responseSize":"428","responseTime":"18.836\n"}
[2024-10-14 11:54:03] INFO: {"method":"GET","url":"/api/v1/users/get-user","status":"200","responseSize":"428","responseTime":"77.936\n"}
[2024-10-14 11:54:08] INFO: {"method":"POST","url":"/api/v1/auth/login","status":"200","responseSize":"678","responseTime":"173.873\n"}
[2024-10-14 11:54:08] INFO: {"method":"GET","url":"/api/v1/users/get-user","status":"200","responseSize":"427","responseTime":"4.577\n"}
[2024-10-14 11:58:20] INFO: {"method":"GET","url":"/api/v1/users/get-user","status":"200","responseSize":"427","responseTime":"35.840\n"}
[2024-10-14 11:58:27] INFO: {"method":"POST","url":"/api/v1/auth/login","status":"200","responseSize":"678","responseTime":"163.299\n"}
[2024-10-14 11:58:27] INFO: {"method":"GET","url":"/api/v1/users/get-user","status":"200","responseSize":"427","responseTime":"3.961\n"}
[2024-10-14 12:05:58] INFO: {"method":"GET","url":"/api/v1/users/get-user","status":"200","responseSize":"427","responseTime":"113.337\n"}
[2024-10-14 12:11:26] ERROR: {"method":"GET","url":"/api/v1/users/get-user","status":"400","responseSize":"56","responseTime":"0.749\n"}
[2024-10-14 12:17:37] ERROR: {"method":"GET","url":"/api/v1/users/get-user","status":"400","responseSize":"56","responseTime":"49.850\n"}
[2024-10-14 12:18:23] WARN: {"method":"GET","url":"/api/v1/auth/get-public-key-pem","status":"500","responseSize":"88","responseTime":"2.732\n"}
[2024-10-14 12:18:56] INFO: {"method":"GET","url":"/api/v1/auth/get-public-key-pem","status":"200","responseSize":"592","responseTime":"46.226\n"}
[2024-10-14 12:19:37] ERROR: {"method":"GET","url":"/api/v1/users/get-user","status":"400","responseSize":"56","responseTime":"1.063\n"}
[2024-10-14 12:19:58] ERROR: {"method":"GET","url":"/api/v1/users/get-user","status":"400","responseSize":"56","responseTime":"0.682\n"}
[2024-10-14 12:20:18] INFO: {"method":"GET","url":"/api/v1/auth/get-public-key-pem","status":"200","responseSize":"592","responseTime":"1.129\n"}
[2024-10-14 12:20:47] ERROR: {"method":"GET","url":"/api/v1/users/get-user","status":"400","responseSize":"56","responseTime":"0.533\n"}
[2024-10-14 12:21:10] INFO: {"method":"GET","url":"/api/v1/auth/get-public-key-pem","status":"200","responseSize":"592","responseTime":"0.954\n"}
[2024-10-14 12:21:30] ERROR: {"method":"GET","url":"/api/v1/users/get-user","status":"400","responseSize":"56","responseTime":"0.445\n"}
[2024-10-14 12:21:52] INFO: {"method":"GET","url":"/api/v1/auth/get-public-key-pem","status":"200","responseSize":"592","responseTime":"1.536\n"}
[2024-10-14 12:23:09] ERROR: {"method":"GET","url":"/api/v1/users/get-user","status":"400","responseSize":"56","responseTime":"0.624\n"}
[2024-10-14 12:23:27] INFO: {"method":"GET","url":"/api/v1/auth/get-public-key-pem","status":"200","responseSize":"592","responseTime":"0.859\n"}
[2024-10-14 12:24:03] ERROR: {"method":"GET","url":"/api/v1/users/get-user","status":"400","responseSize":"56","responseTime":"0.391\n"}
[2024-10-14 12:24:35] INFO: {"method":"GET","url":"/api/v1/auth/get-public-key-pem","status":"200","responseSize":"600","responseTime":"22.319\n"}
[2024-10-14 12:24:35] ERROR: {"method":"POST","url":"/api/v1/users/signup","status":"400","responseSize":"183","responseTime":"91.487\n"}
[2024-10-14 12:25:37] ERROR: {"method":"GET","url":"/api/v1/users/get-user","status":"400","responseSize":"56","responseTime":"0.684\n"}
[2024-10-14 12:25:57] INFO: {"method":"GET","url":"/api/v1/auth/get-public-key-pem","status":"200","responseSize":"600","responseTime":"0.915\n"}
[2024-10-14 12:25:57] ERROR: {"method":"POST","url":"/api/v1/users/signup","status":"400","responseSize":"183","responseTime":"65.127\n"}
[2024-10-14 12:26:05] INFO: {"method":"GET","url":"/api/v1/auth/get-public-key-pem","status":"200","responseSize":"600","responseTime":"0.915\n"}
[2024-10-14 12:26:05] ERROR: {"method":"POST","url":"/api/v1/users/signup","status":"400","responseSize":"183","responseTime":"121.955\n"}
[2024-10-14 12:26:56] INFO: {"method":"GET","url":"/api/v1/auth/get-public-key-pem","status":"200","responseSize":"600","responseTime":"23.496\n"}
[2024-10-14 12:26:56] WARN: {"method":"POST","url":"/api/v1/users/signup","status":"500","responseSize":"182","responseTime":"96.294\n"}
[2024-10-14 12:27:01] INFO: {"method":"GET","url":"/api/v1/auth/get-public-key-pem","status":"200","responseSize":"600","responseTime":"1.582\n"}
[2024-10-14 12:27:01] WARN: {"method":"POST","url":"/api/v1/users/signup","status":"500","responseSize":"182","responseTime":"66.821\n"}
[2024-10-14 12:27:39] INFO: {"method":"GET","url":"/api/v1/auth/get-public-key-pem","status":"200","responseSize":"600","responseTime":"44.868\n"}
[2024-10-14 12:27:39] WARN: {"method":"POST","url":"/api/v1/users/signup","status":"500","responseSize":"182","responseTime":"89.377\n"}
[2024-10-14 12:27:44] INFO: {"method":"GET","url":"/api/v1/auth/get-public-key-pem","status":"200","responseSize":"600","responseTime":"3.275\n"}
[2024-10-14 12:27:44] WARN: {"method":"POST","url":"/api/v1/users/signup","status":"500","responseSize":"182","responseTime":"101.827\n"}
[2024-10-14 12:28:51] ERROR: {"method":"GET","url":"/api/v1/users/get-user","status":"400","responseSize":"56","responseTime":"0.743\n"}
[2024-10-14 12:29:05] INFO: {"method":"GET","url":"/api/v1/auth/get-public-key-pem","status":"200","responseSize":"600","responseTime":"0.863\n"}
[2024-10-14 12:29:05] WARN: {"method":"POST","url":"/api/v1/users/signup","status":"500","responseSize":"182","responseTime":"80.443\n"}
[2024-10-14 12:29:25] ERROR: {"method":"GET","url":"/api/v1/users/get-user","status":"400","responseSize":"56","responseTime":"1.280\n"}
[2024-10-14 12:30:20] INFO: {"method":"GET","url":"/api/v1/auth/get-public-key-pem","status":"200","responseSize":"600","responseTime":"13.221\n"}
[2024-10-14 12:30:20] WARN: {"method":"POST","url":"/api/v1/users/signup","status":"500","responseSize":"182","responseTime":"148.366\n"}
[2024-10-14 12:36:25] INFO: {"method":"GET","url":"/api/v1/auth/get-public-key-pem","status":"200","responseSize":"600","responseTime":"16.846\n"}
[2024-10-14 12:36:25] WARN: {"method":"POST","url":"/api/v1/users/signup","status":"500","responseSize":"91","responseTime":"99.024\n"}
[2024-10-14 12:36:46] INFO: {"method":"GET","url":"/api/v1/auth/get-public-key-pem","status":"200","responseSize":"600","responseTime":"22.157\n"}
[2024-10-14 12:36:46] ERROR: {"method":"POST","url":"/api/v1/users/signup","status":"400","responseSize":"183","responseTime":"136.544\n"}
[2024-10-14 12:37:37] ERROR: {"method":"GET","url":"/api/v1/users/get-user","status":"400","responseSize":"56","responseTime":"3.354\n"}
[2024-10-14 12:38:04] INFO: {"method":"POST","url":"/api/v1/auth/login","status":"200","responseSize":"706","responseTime":"239.461\n"}
[2024-10-14 12:38:04] INFO: {"method":"GET","url":"/api/v1/users/get-user","status":"200","responseSize":"455","responseTime":"5.458\n"}
[2024-10-14 12:39:05] INFO: {"method":"POST","url":"/api/v1/auth/login","status":"200","responseSize":"706","responseTime":"145.369\n"}
[2024-10-14 12:39:05] INFO: {"method":"GET","url":"/api/v1/users/get-user","status":"200","responseSize":"455","responseTime":"3.935\n"}
[2024-10-14 12:39:55] INFO: {"method":"POST","url":"/api/v1/auth/login","status":"200","responseSize":"706","responseTime":"197.491\n"}
[2024-10-14 12:40:05] INFO: {"method":"GET","url":"/api/v1/auth/logout","status":"200","responseSize":"92","responseTime":"6.894\n"}
[2024-10-14 12:40:10] ERROR: {"method":"GET","url":"/api/v1/auth/logout","status":"400","responseSize":"56","responseTime":"0.904\n"}
[2024-10-14 12:40:21] INFO: {"method":"POST","url":"/api/v1/auth/login","status":"200","responseSize":"706","responseTime":"204.200\n"}
[2024-10-14 12:40:23] INFO: {"method":"GET","url":"/api/v1/users/get-user","status":"200","responseSize":"455","responseTime":"3.584\n"}
[2024-10-14 12:40:53] INFO: {"method":"GET","url":"/api/v1/users/get-user","status":"200","responseSize":"455","responseTime":"20.052\n"}
[2024-10-14 12:42:24] INFO: {"method":"GET","url":"/api/v1/users/get-user","status":"200","responseSize":"455","responseTime":"16.295\n"}
[2024-10-14 12:42:24] INFO: {"method":"GET","url":"/api/v1/users/get-user","status":"304","responseSize":"-","responseTime":"3.599\n"}
[2024-10-14 12:42:37] ERROR: {"method":"GET","url":"/api/v1/users/get-user","status":"400","responseSize":"56","responseTime":"0.718\n"}
[2024-10-14 12:42:57] INFO: {"method":"POST","url":"/api/v1/auth/login","status":"200","responseSize":"706","responseTime":"167.190\n"}
[2024-10-14 12:42:57] INFO: {"method":"GET","url":"/api/v1/users/get-user","status":"200","responseSize":"455","responseTime":"2.877\n"}
[2024-10-14 12:45:35] INFO: {"method":"GET","url":"/api/v1/users/get-user","status":"200","responseSize":"455","responseTime":"14.841\n"}
[2024-10-14 12:45:40] INFO: {"method":"GET","url":"/api/v1/auth/logout","status":"200","responseSize":"92","responseTime":"11.310\n"}
[2024-10-14 12:45:44] ERROR: {"method":"GET","url":"/api/v1/users/get-user","status":"400","responseSize":"56","responseTime":"0.251\n"}
[2024-10-14 12:45:51] INFO: {"method":"GET","url":"/api/v1/auth/get-public-key-pem","status":"200","responseSize":"600","responseTime":"2.186\n"}
[2024-10-14 12:45:51] WARN: {"method":"POST","url":"/api/v1/auth/login","status":"500","responseSize":"107","responseTime":"4.842\n"}
[2024-10-14 12:46:41] ERROR: {"method":"GET","url":"/api/v1/users/get-user","status":"400","responseSize":"56","responseTime":"0.338\n"}
[2024-10-14 12:46:50] INFO: {"method":"GET","url":"/api/v1/auth/get-public-key-pem","status":"200","responseSize":"600","responseTime":"0.591\n"}
[2024-10-14 12:46:50] WARN: {"method":"POST","url":"/api/v1/auth/login","status":"500","responseSize":"107","responseTime":"1.127\n"}
[2024-10-14 12:49:05] INFO: {"method":"GET","url":"/api/v1/auth/get-public-key-pem","status":"200","responseSize":"600","responseTime":"29.343\n"}
[2024-10-14 12:49:05] WARN: {"method":"POST","url":"/api/v1/auth/login","status":"500","responseSize":"107","responseTime":"6.871\n"}
[2024-10-14 12:50:09] INFO: {"method":"GET","url":"/api/v1/auth/get-public-key-pem","status":"200","responseSize":"600","responseTime":"2.869\n"}
[2024-10-14 12:50:09] WARN: {"method":"POST","url":"/api/v1/auth/login","status":"500","responseSize":"107","responseTime":"5.438\n"}
[2024-10-14 12:51:37] ERROR: {"method":"GET","url":"/api/v1/users/get-user","status":"400","responseSize":"56","responseTime":"0.740\n"}
[2024-10-14 12:51:43] INFO: {"method":"GET","url":"/api/v1/auth/get-public-key-pem","status":"200","responseSize":"600","responseTime":"6.241\n"}
[2024-10-14 12:51:43] WARN: {"method":"POST","url":"/api/v1/auth/login","status":"500","responseSize":"107","responseTime":"3.631\n"}
[2024-10-14 12:52:35] ERROR: {"method":"GET","url":"/api/v1/users/get-user","status":"400","responseSize":"56","responseTime":"0.681\n"}
[2024-10-14 12:52:40] INFO: {"method":"GET","url":"/api/v1/auth/get-public-key-pem","status":"200","responseSize":"600","responseTime":"1.731\n"}
[2024-10-14 12:52:40] WARN: {"method":"POST","url":"/api/v1/auth/login","status":"500","responseSize":"107","responseTime":"3.115\n"}
[2024-10-14 12:54:02] ERROR: {"method":"GET","url":"/api/v1/users/get-user","status":"400","responseSize":"56","responseTime":"0.506\n"}
[2024-10-14 12:54:08] INFO: {"method":"GET","url":"/api/v1/auth/get-public-key-pem","status":"200","responseSize":"600","responseTime":"1.459\n"}
[2024-10-14 12:54:08] INFO: {"method":"POST","url":"/api/v1/auth/login","status":"200","responseSize":"706","responseTime":"179.093\n"}
[2024-10-14 12:54:08] INFO: {"method":"GET","url":"/api/v1/users/get-user","status":"200","responseSize":"455","responseTime":"3.803\n"}
[2024-10-14 12:55:16] INFO: {"method":"GET","url":"/api/v1/users/get-user","status":"200","responseSize":"455","responseTime":"16.461\n"}
[2024-10-14 12:55:21] INFO: {"method":"GET","url":"/api/v1/auth/logout","status":"200","responseSize":"92","responseTime":"4.069\n"}
[2024-10-14 12:55:24] ERROR: {"method":"GET","url":"/api/v1/users/get-user","status":"400","responseSize":"56","responseTime":"2.311\n"}
[2024-10-14 12:55:30] INFO: {"method":"GET","url":"/api/v1/auth/get-public-key-pem","status":"200","responseSize":"600","responseTime":"1.572\n"}
[2024-10-14 12:55:30] INFO: {"method":"POST","url":"/api/v1/auth/login","status":"200","responseSize":"706","responseTime":"125.143\n"}
[2024-10-14 12:55:30] INFO: {"method":"GET","url":"/api/v1/users/get-user","status":"200","responseSize":"455","responseTime":"3.320\n"}
[2024-10-14 12:55:42] INFO: {"method":"GET","url":"/api/v1/users/get-user","status":"200","responseSize":"455","responseTime":"76.399\n"}
[2024-10-14 12:55:43] INFO: {"method":"GET","url":"/api/v1/auth/logout","status":"200","responseSize":"92","responseTime":"5.903\n"}
[2024-10-14 12:55:43] ERROR: {"method":"GET","url":"/api/v1/users/get-user","status":"400","responseSize":"56","responseTime":"1.013\n"}
[2024-10-14 12:55:50] ERROR: {"method":"GET","url":"/api/v1/users/get-user","status":"400","responseSize":"56","responseTime":"0.722\n"}
[2024-10-14 12:56:00] INFO: {"method":"GET","url":"/api/v1/auth/get-public-key-pem","status":"200","responseSize":"600","responseTime":"1.171\n"}
[2024-10-14 12:56:00] INFO: {"method":"POST","url":"/api/v1/auth/login","status":"200","responseSize":"706","responseTime":"138.410\n"}
[2024-10-14 12:56:00] INFO: {"method":"GET","url":"/api/v1/users/get-user","status":"200","responseSize":"455","responseTime":"4.015\n"}
[2024-10-14 12:56:58] INFO: {"method":"GET","url":"/api/v1/users/get-user","status":"200","responseSize":"455","responseTime":"15.940\n"}
[2024-10-14 12:57:06] INFO: {"method":"GET","url":"/api/v1/auth/get-public-key-pem","status":"200","responseSize":"600","responseTime":"0.728\n"}
[2024-10-14 12:57:06] INFO: {"method":"POST","url":"/api/v1/auth/login","status":"200","responseSize":"706","responseTime":"122.353\n"}
[2024-10-14 12:57:06] INFO: {"method":"GET","url":"/api/v1/users/get-user","status":"200","responseSize":"455","responseTime":"3.626\n"}
[2024-10-14 12:57:18] INFO: {"method":"GET","url":"/api/v1/users/get-user","status":"200","responseSize":"455","responseTime":"17.068\n"}
[2024-10-14 12:57:20] INFO: {"method":"GET","url":"/api/v1/auth/logout","status":"200","responseSize":"92","responseTime":"9.363\n"}
[2024-10-14 12:57:28] ERROR: {"method":"GET","url":"/api/v1/users/get-user","status":"400","responseSize":"56","responseTime":"0.688\n"}
[2024-10-14 12:57:37] INFO: {"method":"GET","url":"/api/v1/auth/get-public-key-pem","status":"200","responseSize":"600","responseTime":"0.680\n"}
[2024-10-14 12:57:37] INFO: {"method":"POST","url":"/api/v1/auth/login","status":"200","responseSize":"706","responseTime":"163.351\n"}
[2024-10-14 12:57:37] INFO: {"method":"GET","url":"/api/v1/users/get-user","status":"200","responseSize":"455","responseTime":"3.189\n"}
[2024-10-14 12:57:55] INFO: {"method":"GET","url":"/api/v1/users/get-user","status":"200","responseSize":"455","responseTime":"19.166\n"}
[2024-10-14 12:58:00] INFO: {"method":"GET","url":"/api/v1/users/get-user","status":"200","responseSize":"455","responseTime":"3.212\n"}
[2024-10-14 12:58:03] INFO: {"method":"GET","url":"/api/v1/auth/logout","status":"200","responseSize":"92","responseTime":"8.143\n"}
[2024-10-14 12:58:08] ERROR: {"method":"GET","url":"/api/v1/users/get-user","status":"400","responseSize":"56","responseTime":"0.370\n"}
[2024-10-14 12:58:16] INFO: {"method":"GET","url":"/api/v1/auth/get-public-key-pem","status":"200","responseSize":"600","responseTime":"0.817\n"}
[2024-10-14 12:58:16] INFO: {"method":"POST","url":"/api/v1/auth/login","status":"200","responseSize":"706","responseTime":"137.755\n"}
[2024-10-14 12:58:56] INFO: {"method":"GET","url":"/api/v1/users/get-user","status":"200","responseSize":"455","responseTime":"22.357\n"}
[2024-10-14 12:59:01] INFO: {"method":"GET","url":"/api/v1/auth/logout","status":"200","responseSize":"92","responseTime":"14.114\n"}
[2024-10-14 12:59:01] ERROR: {"method":"GET","url":"/api/v1/users/get-user","status":"400","responseSize":"56","responseTime":"0.605\n"}
[2024-10-14 12:59:09] INFO: {"method":"GET","url":"/api/v1/auth/get-public-key-pem","status":"200","responseSize":"600","responseTime":"1.527\n"}
[2024-10-14 12:59:09] INFO: {"method":"POST","url":"/api/v1/auth/login","status":"200","responseSize":"706","responseTime":"122.147\n"}
[2024-10-14 12:59:33] INFO: {"method":"GET","url":"/api/v1/users/get-user","status":"200","responseSize":"455","responseTime":"19.653\n"}
[2024-10-14 01:00:35] INFO: {"method":"GET","url":"/api/v1/auth/logout","status":"200","responseSize":"91","responseTime":"47.974\n"}
[2024-10-14 01:00:35] ERROR: {"method":"GET","url":"/api/v1/users/get-user","status":"400","responseSize":"56","responseTime":"0.511\n"}
[2024-10-14 01:00:36] ERROR: {"method":"GET","url":"/api/v1/users/get-user","status":"400","responseSize":"56","responseTime":"1.521\n"}
[2024-10-14 01:01:22] INFO: {"method":"GET","url":"/api/v1/auth/get-public-key-pem","status":"200","responseSize":"599","responseTime":"1.651\n"}
[2024-10-14 01:01:22] WARN: {"method":"POST","url":"/api/v1/users/signup","status":"500","responseSize":"106","responseTime":"1.762\n"}
[2024-10-14 01:11:18] ERROR: {"method":"GET","url":"/api/v1/users/get-user","status":"400","responseSize":"56","responseTime":"1.225\n"}
[2024-10-14 01:12:12] INFO: {"method":"GET","url":"/api/v1/auth/get-public-key-pem","status":"200","responseSize":"599","responseTime":"1.056\n"}
[2024-10-14 01:12:12] WARN: {"method":"POST","url":"/api/v1/users/signup","status":"500","responseSize":"106","responseTime":"2.183\n"}
[2024-10-14 01:12:19] ERROR: {"method":"GET","url":"/api/v1/users/get-user","status":"400","responseSize":"56","responseTime":"0.682\n"}
[2024-10-14 01:12:28] ERROR: {"method":"GET","url":"/api/v1/users/get-user","status":"400","responseSize":"56","responseTime":"0.804\n"}
[2024-10-14 02:13:10] INFO: {"method":"GET","url":"/api/v1/auth/get-public-key-pem","status":"200","responseSize":"599","responseTime":"1.654\n"}
[2024-10-14 02:13:10] WARN: {"method":"POST","url":"/api/v1/users/signup","status":"500","responseSize":"106","responseTime":"3.117\n"}
[2024-10-14 02:13:45] INFO: {"method":"GET","url":"/api/v1/auth/get-public-key-pem","status":"200","responseSize":"599","responseTime":"45.778\n"}
[2024-10-14 02:13:45] WARN: {"method":"POST","url":"/api/v1/users/signup","status":"500","responseSize":"106","responseTime":"6.034\n"}
[2024-10-14 02:14:08] INFO: {"method":"GET","url":"/api/v1/auth/get-public-key-pem","status":"200","responseSize":"599","responseTime":"56.221\n"}
[2024-10-14 02:14:08] WARN: {"method":"POST","url":"/api/v1/users/signup","status":"500","responseSize":"106","responseTime":"8.056\n"}
[2024-10-14 02:14:53] ERROR: {"method":"GET","url":"/api/v1/users/get-user","status":"400","responseSize":"56","responseTime":"0.912\n"}
[2024-10-14 02:15:16] INFO: {"method":"GET","url":"/api/v1/auth/get-public-key-pem","status":"200","responseSize":"599","responseTime":"1.637\n"}
[2024-10-14 02:15:16] ERROR: {"method":"POST","url":"/api/v1/users/signup","status":"400","responseSize":"182","responseTime":"90.482\n"}
[2024-10-14 02:16:14] INFO: {"method":"GET","url":"/api/v1/auth/get-public-key-pem","status":"200","responseSize":"599","responseTime":"32.622\n"}
[2024-10-14 02:16:14] ERROR: {"method":"POST","url":"/api/v1/users/signup","status":"400","responseSize":"182","responseTime":"79.996\n"}
[2024-10-14 02:16:22] INFO: {"method":"GET","url":"/api/v1/auth/get-public-key-pem","status":"200","responseSize":"599","responseTime":"38.583\n"}
[2024-10-14 02:16:22] ERROR: {"method":"POST","url":"/api/v1/users/signup","status":"400","responseSize":"182","responseTime":"140.559\n"}
[2024-10-14 02:16:45] INFO: {"method":"GET","url":"/api/v1/auth/get-public-key-pem","status":"200","responseSize":"599","responseTime":"29.846\n"}
[2024-10-14 02:16:46] ERROR: {"method":"POST","url":"/api/v1/users/signup","status":"400","responseSize":"182","responseTime":"93.430\n"}
[2024-10-14 02:17:04] INFO: {"method":"GET","url":"/api/v1/auth/get-public-key-pem","status":"200","responseSize":"599","responseTime":"60.554\n"}
[2024-10-14 02:17:04] ERROR: {"method":"POST","url":"/api/v1/users/signup","status":"400","responseSize":"182","responseTime":"83.991\n"}
[2024-10-14 02:17:13] INFO: {"method":"GET","url":"/api/v1/auth/get-public-key-pem","status":"200","responseSize":"599","responseTime":"4.542\n"}
[2024-10-14 02:17:13] ERROR: {"method":"POST","url":"/api/v1/users/signup","status":"400","responseSize":"182","responseTime":"75.412\n"}
[2024-10-14 02:17:31] INFO: {"method":"GET","url":"/api/v1/auth/get-public-key-pem","status":"200","responseSize":"599","responseTime":"38.638\n"}
[2024-10-14 02:17:31] ERROR: {"method":"POST","url":"/api/v1/users/signup","status":"400","responseSize":"182","responseTime":"83.672\n"}
[2024-10-14 02:17:39] INFO: {"method":"GET","url":"/api/v1/auth/get-public-key-pem","status":"200","responseSize":"599","responseTime":"11.392\n"}
[2024-10-14 02:17:40] ERROR: {"method":"POST","url":"/api/v1/users/signup","status":"400","responseSize":"182","responseTime":"81.607\n"}
[2024-10-14 02:17:47] INFO: {"method":"GET","url":"/api/v1/auth/get-public-key-pem","status":"200","responseSize":"599","responseTime":"20.029\n"}
[2024-10-14 02:17:47] ERROR: {"method":"POST","url":"/api/v1/users/signup","status":"400","responseSize":"182","responseTime":"85.059\n"}
[2024-10-14 02:17:53] INFO: {"method":"GET","url":"/api/v1/auth/get-public-key-pem","status":"200","responseSize":"599","responseTime":"33.105\n"}
[2024-10-14 02:17:53] ERROR: {"method":"POST","url":"/api/v1/users/signup","status":"400","responseSize":"182","responseTime":"125.896\n"}
[2024-10-14 02:18:01] INFO: {"method":"GET","url":"/api/v1/auth/get-public-key-pem","status":"200","responseSize":"599","responseTime":"32.020\n"}
[2024-10-14 02:18:01] ERROR: {"method":"POST","url":"/api/v1/users/signup","status":"400","responseSize":"182","responseTime":"82.819\n"}
[2024-10-14 02:20:04] INFO: {"method":"GET","url":"/api/v1/auth/get-public-key-pem","status":"200","responseSize":"599","responseTime":"45.179\n"}
[2024-10-14 02:20:05] ERROR: {"method":"POST","url":"/api/v1/users/signup","status":"400","responseSize":"182","responseTime":"73.633\n"}
[2024-10-14 02:20:08] INFO: {"method":"GET","url":"/api/v1/auth/get-public-key-pem","status":"200","responseSize":"599","responseTime":"2.028\n"}
[2024-10-14 02:20:08] ERROR: {"method":"POST","url":"/api/v1/users/signup","status":"400","responseSize":"182","responseTime":"95.931\n"}
[2024-10-14 02:20:20] INFO: {"method":"GET","url":"/api/v1/auth/get-public-key-pem","status":"200","responseSize":"599","responseTime":"54.908\n"}
[2024-10-14 02:20:20] ERROR: {"method":"POST","url":"/api/v1/users/signup","status":"400","responseSize":"182","responseTime":"74.668\n"}
[2024-10-14 02:20:38] INFO: {"method":"GET","url":"/api/v1/auth/get-public-key-pem","status":"200","responseSize":"599","responseTime":"48.313\n"}
[2024-10-14 02:20:38] ERROR: {"method":"POST","url":"/api/v1/users/signup","status":"400","responseSize":"182","responseTime":"75.392\n"}
[2024-10-14 02:20:51] INFO: {"method":"GET","url":"/api/v1/auth/get-public-key-pem","status":"200","responseSize":"599","responseTime":"17.045\n"}
[2024-10-14 02:20:51] ERROR: {"method":"POST","url":"/api/v1/users/signup","status":"400","responseSize":"182","responseTime":"79.715\n"}
[2024-10-14 02:21:24] INFO: {"method":"GET","url":"/api/v1/auth/get-public-key-pem","status":"200","responseSize":"599","responseTime":"16.722\n"}
[2024-10-14 02:21:24] INFO: {"method":"POST","url":"/api/v1/users/signup","status":"201","responseSize":"295","responseTime":"174.261\n"}
[2024-10-14 02:21:29] INFO: {"method":"GET","url":"/api/v1/auth/logout","status":"200","responseSize":"91","responseTime":"22.421\n"}
[2024-10-14 02:21:29] ERROR: {"method":"GET","url":"/api/v1/users/get-user","status":"400","responseSize":"56","responseTime":"5.883\n"}
[2024-10-14 02:22:46] INFO: {"method":"GET","url":"/api/v1/auth/get-public-key-pem","status":"200","responseSize":"599","responseTime":"3.508\n"}
[2024-10-14 02:22:46] INFO: {"method":"POST","url":"/api/v1/auth/login","status":"200","responseSize":"705","responseTime":"156.355\n"}
[2024-10-14 02:23:01] INFO: {"method":"GET","url":"/api/v1/users/get-user","status":"200","responseSize":"454","responseTime":"12.190\n"}
[2024-10-14 02:24:03] INFO: {"method":"GET","url":"/api/v1/auth/get-public-key-pem","status":"200","responseSize":"599","responseTime":"4.243\n"}
[2024-10-14 02:24:03] INFO: {"method":"POST","url":"/api/v1/auth/login","status":"200","responseSize":"705","responseTime":"134.100\n"}
[2024-10-14 02:26:34] INFO: {"method":"GET","url":"/api/v1/users/get-user","status":"200","responseSize":"454","responseTime":"14.220\n"}
[2024-10-14 02:26:49] INFO: {"method":"GET","url":"/api/v1/users/get-user","status":"200","responseSize":"454","responseTime":"12.299\n"}
[2024-10-14 02:26:57] INFO: {"method":"GET","url":"/api/v1/auth/get-public-key-pem","status":"200","responseSize":"599","responseTime":"0.567\n"}
[2024-10-14 02:26:58] ERROR: {"method":"POST","url":"/api/v1/auth/login","status":"401","responseSize":"105","responseTime":"128.219\n"}
[2024-10-14 02:27:02] INFO: {"method":"GET","url":"/api/v1/auth/get-public-key-pem","status":"200","responseSize":"599","responseTime":"0.850\n"}
[2024-10-14 02:27:02] INFO: {"method":"POST","url":"/api/v1/auth/login","status":"200","responseSize":"677","responseTime":"154.976\n"}
[2024-10-14 02:27:28] INFO: {"method":"GET","url":"/api/v1/users/get-user","status":"200","responseSize":"426","responseTime":"40.963\n"}
[2024-10-14 02:27:30] INFO: {"method":"GET","url":"/api/v1/users/get-user","status":"200","responseSize":"426","responseTime":"2.303\n"}
[2024-10-14 02:27:32] INFO: {"method":"GET","url":"/api/v1/auth/logout","status":"200","responseSize":"91","responseTime":"7.603\n"}
[2024-10-14 02:27:32] ERROR: {"method":"GET","url":"/api/v1/users/get-user","status":"400","responseSize":"56","responseTime":"1.080\n"}
[2024-10-14 02:34:29] ERROR: {"method":"GET","url":"/api/v1/users/get-user","status":"400","responseSize":"56","responseTime":"58.032\n"}
[2024-10-14 02:35:04] INFO: {"method":"GET","url":"/api/v1/auth/get-public-key-pem","status":"200","responseSize":"599","responseTime":"2.452\n"}
[2024-10-14 02:35:04] INFO: {"method":"POST","url":"/api/v1/users/signup","status":"201","responseSize":"309","responseTime":"183.310\n"}
[2024-10-14 02:35:09] INFO: {"method":"GET","url":"/api/v1/auth/logout","status":"200","responseSize":"91","responseTime":"25.439\n"}
[2024-10-14 02:35:09] ERROR: {"method":"GET","url":"/api/v1/users/get-user","status":"400","responseSize":"56","responseTime":"2.644\n"}
[2024-10-14 02:35:12] ERROR: {"method":"GET","url":"/api/v1/users/get-user","status":"400","responseSize":"56","responseTime":"0.979\n"}
[2024-10-14 02:35:27] INFO: {"method":"GET","url":"/api/v1/auth/get-public-key-pem","status":"200","responseSize":"599","responseTime":"0.694\n"}
[2024-10-14 02:35:28] WARN: {"method":"POST","url":"/api/v1/users/signup","status":"500","responseSize":"117","responseTime":"136.632\n"}
[2024-10-14 02:36:31] INFO: {"method":"GET","url":"/api/v1/auth/get-public-key-pem","status":"200","responseSize":"599","responseTime":"48.659\n"}
[2024-10-14 02:36:31] WARN: {"method":"POST","url":"/api/v1/users/signup","status":"500","responseSize":"115","responseTime":"97.382\n"}
[2024-10-14 02:53:03] ERROR: {"method":"GET","url":"/api/v1/users/get-user","status":"400","responseSize":"56","responseTime":"30.576\n"}
[2024-10-14 02:55:57] ERROR: {"method":"GET","url":"/api/v1/users/get-user","status":"400","responseSize":"56","responseTime":"0.818\n"}
[2024-10-14 03:08:11] ERROR: {"method":"GET","url":"/api/v1/users/get-user","status":"400","responseSize":"56","responseTime":"0.464\n"}
[2024-10-14 03:08:31] ERROR: {"method":"GET","url":"/api/v1/users/get-user","status":"400","responseSize":"56","responseTime":"0.393\n"}
[2024-10-14 03:08:43] ERROR: {"method":"GET","url":"/api/v1/users/get-user","status":"400","responseSize":"56","responseTime":"0.462\n"}
[2024-10-14 03:08:55] ERROR: {"method":"GET","url":"/api/v1/users/get-user","status":"400","responseSize":"56","responseTime":"0.699\n"}
[2024-10-14 03:09:39] ERROR: {"method":"GET","url":"/api/v1/users/get-user","status":"400","responseSize":"56","responseTime":"0.425\n"}
[2024-10-14 03:09:57] ERROR: {"method":"GET","url":"/api/v1/users/get-user","status":"400","responseSize":"56","responseTime":"1.569\n"}
[2024-10-14 03:10:22] ERROR: {"method":"GET","url":"/api/v1/users/get-user","status":"400","responseSize":"56","responseTime":"0.681\n"}
[2024-10-14 03:10:37] ERROR: {"method":"GET","url":"/api/v1/users/get-user","status":"400","responseSize":"56","responseTime":"0.461\n"}
[2024-10-14 03:10:48] ERROR: {"method":"GET","url":"/api/v1/users/get-user","status":"400","responseSize":"56","responseTime":"0.392\n"}
[2024-10-14 03:11:02] ERROR: {"method":"GET","url":"/api/v1/users/get-user","status":"400","responseSize":"56","responseTime":"0.712\n"}
[2024-10-14 03:11:11] ERROR: {"method":"GET","url":"/api/v1/users/get-user","status":"400","responseSize":"56","responseTime":"0.422\n"}
[2024-10-14 03:11:37] ERROR: {"method":"GET","url":"/api/v1/users/get-user","status":"400","responseSize":"56","responseTime":"0.583\n"}
[2024-10-14 03:12:26] ERROR: {"method":"GET","url":"/api/v1/users/get-user","status":"400","responseSize":"56","responseTime":"0.382\n"}
[2024-10-14 03:13:17] ERROR: {"method":"GET","url":"/api/v1/users/get-user","status":"400","responseSize":"56","responseTime":"0.315\n"}
[2024-10-14 03:13:43] INFO: {"method":"GET","url":"/api/v1/auth/get-public-key-pem","status":"200","responseSize":"599","responseTime":"9.985\n"}
[2024-10-14 03:13:43] ERROR: {"method":"POST","url":"/api/v1/auth/login","status":"404","responseSize":"114","responseTime":"139.032\n"}
[2024-10-14 03:13:51] ERROR: {"method":"GET","url":"/api/v1/users/get-user","status":"400","responseSize":"56","responseTime":"1.172\n"}
[2024-10-14 03:14:00] ERROR: {"method":"GET","url":"/api/v1/users/get-user","status":"400","responseSize":"56","responseTime":"0.341\n"}
[2024-10-14 03:14:28] INFO: {"method":"GET","url":"/api/v1/auth/get-public-key-pem","status":"200","responseSize":"599","responseTime":"18.964\n"}
[2024-10-14 03:14:29] INFO: {"method":"POST","url":"/api/v1/users/signup","status":"201","responseSize":"318","responseTime":"167.732\n"}
[2024-10-14 03:14:41] ERROR: {"method":"GET","url":"/api/v1/auth/logout","status":"400","responseSize":"56","responseTime":"0.292\n"}
[2024-10-14 03:15:47] ERROR: {"method":"GET","url":"/api/v1/users/get-user","status":"400","responseSize":"56","responseTime":"0.373\n"}
[2024-10-14 03:15:47] ERROR: {"method":"GET","url":"/api/v1/users/get-user","status":"400","responseSize":"56","responseTime":"0.892\n"}
[2024-10-14 03:15:55] INFO: {"method":"GET","url":"/api/v1/auth/get-public-key-pem","status":"200","responseSize":"599","responseTime":"12.792\n"}
[2024-10-14 03:15:55] INFO: {"method":"POST","url":"/api/v1/auth/login","status":"200","responseSize":"707","responseTime":"125.597\n"}
[2024-10-14 03:19:14] ERROR: {"method":"GET","url":"/api/v1/auth/logout","status":"400","responseSize":"56","responseTime":"0.433\n"}
[2024-10-14 03:19:43] ERROR: {"method":"GET","url":"/api/v1/users/get-user","status":"400","responseSize":"56","responseTime":"22.933\n"}
[2024-10-14 03:19:43] ERROR: {"method":"GET","url":"/api/v1/users/get-user","status":"400","responseSize":"56","responseTime":"3.755\n"}
[2024-10-14 03:19:52] INFO: {"method":"GET","url":"/api/v1/auth/get-public-key-pem","status":"200","responseSize":"599","responseTime":"2.360\n"}
[2024-10-14 03:19:52] INFO: {"method":"POST","url":"/api/v1/auth/login","status":"200","responseSize":"707","responseTime":"172.428\n"}
[2024-10-14 03:20:31] ERROR: {"method":"GET","url":"/api/v1/auth/logout","status":"400","responseSize":"80","responseTime":"2.456\n"}
[2024-10-14 03:20:40] ERROR: {"method":"GET","url":"/api/v1/auth/logout","status":"400","responseSize":"80","responseTime":"7.725\n"}
[2024-10-14 03:20:46] ERROR: {"method":"GET","url":"/api/v1/auth/logout","status":"400","responseSize":"80","responseTime":"9.738\n"}
[2024-10-14 03:20:52] ERROR: {"method":"GET","url":"/api/v1/users/get-user","status":"400","responseSize":"56","responseTime":"0.437\n"}
[2024-10-14 03:20:52] ERROR: {"method":"GET","url":"/api/v1/users/get-user","status":"400","responseSize":"56","responseTime":"0.589\n"}
[2024-10-14 03:20:59] INFO: {"method":"GET","url":"/api/v1/auth/get-public-key-pem","status":"200","responseSize":"599","responseTime":"5.624\n"}
[2024-10-14 03:20:59] INFO: {"method":"POST","url":"/api/v1/auth/login","status":"200","responseSize":"707","responseTime":"135.985\n"}
[2024-10-14 03:21:16] ERROR: {"method":"GET","url":"/api/v1/users/get-user","status":"400","responseSize":"56","responseTime":"0.400\n"}
[2024-10-14 03:21:23] INFO: {"method":"GET","url":"/api/v1/auth/get-public-key-pem","status":"200","responseSize":"599","responseTime":"1.383\n"}
[2024-10-14 03:21:23] INFO: {"method":"POST","url":"/api/v1/auth/login","status":"200","responseSize":"707","responseTime":"131.619\n"}
[2024-10-14 03:21:27] ERROR: {"method":"GET","url":"/api/v1/auth/logout","status":"400","responseSize":"80","responseTime":"2.921\n"}
[2024-10-14 03:22:47] ERROR: {"method":"GET","url":"/api/v1/auth/logout","status":"400","responseSize":"80","responseTime":"6.969\n"}
[2024-10-14 03:23:16] INFO: {"method":"GET","url":"/api/v1/users/get-user","status":"200","responseSize":"454","responseTime":"37.928\n"}
[2024-10-14 03:23:18] INFO: {"method":"GET","url":"/api/v1/auth/logout","status":"200","responseSize":"91","responseTime":"21.895\n"}
[2024-10-14 03:23:18] ERROR: {"method":"GET","url":"/api/v1/users/get-user","status":"400","responseSize":"56","responseTime":"2.869\n"}
[2024-10-14 03:23:47] INFO: {"method":"GET","url":"/api/v1/auth/get-public-key-pem","status":"200","responseSize":"599","responseTime":"3.735\n"}
[2024-10-14 03:23:47] INFO: {"method":"POST","url":"/api/v1/auth/login","status":"200","responseSize":"707","responseTime":"179.460\n"}
[2024-10-14 03:23:51] INFO: {"method":"GET","url":"/api/v1/auth/logout","status":"200","responseSize":"91","responseTime":"9.943\n"}
[2024-10-14 03:23:51] ERROR: {"method":"GET","url":"/api/v1/users/get-user","status":"400","responseSize":"56","responseTime":"0.762\n"}
[2024-10-14 03:24:01] INFO: {"method":"GET","url":"/api/v1/auth/get-public-key-pem","status":"200","responseSize":"599","responseTime":"8.988\n"}
[2024-10-14 03:24:01] INFO: {"method":"POST","url":"/api/v1/auth/login","status":"200","responseSize":"707","responseTime":"203.831\n"}
[2024-10-14 03:58:02] ERROR: {"method":"GET","url":"/api/v1/users/get-user","status":"400","responseSize":"56","responseTime":"0.362\n"}
[2024-10-14 03:58:02] ERROR: {"method":"GET","url":"/api/v1/users/get-user","status":"400","responseSize":"56","responseTime":"0.332\n"}
[2024-10-14 03:58:11] ERROR: {"method":"GET","url":"/api/v1/users/get-user","status":"400","responseSize":"56","responseTime":"0.225\n"}
[2024-10-14 04:00:20] ERROR: {"method":"GET","url":"/api/v1/users/get-user","status":"400","responseSize":"56","responseTime":"0.996\n"}
[2024-10-14 04:03:13] ERROR: {"method":"GET","url":"/api/v1/users/get-user","status":"400","responseSize":"56","responseTime":"1.099\n"}
[2024-10-14 04:05:09] ERROR: {"method":"GET","url":"/api/v1/users/get-user","status":"400","responseSize":"56","responseTime":"0.224\n"}
[2024-10-14 04:05:15] ERROR: {"method":"GET","url":"/api/v1/users/get-user","status":"400","responseSize":"56","responseTime":"0.609\n"}
[2024-10-14 04:05:18] ERROR: {"method":"GET","url":"/api/v1/users/get-user","status":"400","responseSize":"56","responseTime":"0.724\n"}
[2024-10-14 04:05:34] INFO: {"method":"GET","url":"/api/v1/auth/get-public-key-pem","status":"200","responseSize":"599","responseTime":"1.615\n"}
[2024-10-14 04:05:34] INFO: {"method":"POST","url":"/api/v1/auth/login","status":"200","responseSize":"707","responseTime":"168.391\n"}
[2024-10-14 04:07:52] INFO: {"method":"GET","url":"/api/v1/auth/logout","status":"200","responseSize":"91","responseTime":"48.268\n"}
[2024-10-14 04:07:52] ERROR: {"method":"GET","url":"/api/v1/users/get-user","status":"400","responseSize":"56","responseTime":"3.319\n"}
[2024-10-14 04:09:21] ERROR: {"method":"GET","url":"/api/v1/users/get-user","status":"400","responseSize":"56","responseTime":"0.222\n"}
[2024-10-14 04:09:40] ERROR: {"method":"GET","url":"/api/v1/users/get-user","status":"400","responseSize":"56","responseTime":"1.252\n"}
[2024-10-14 04:09:51] ERROR: {"method":"GET","url":"/api/v1/users/get-user","status":"400","responseSize":"56","responseTime":"0.351\n"}
[2024-10-14 04:11:02] ERROR: {"method":"GET","url":"/api/v1/users/get-user","status":"400","responseSize":"56","responseTime":"1.196\n"}
[2024-10-14 04:11:05] ERROR: {"method":"GET","url":"/api/v1/users/get-user","status":"400","responseSize":"56","responseTime":"0.730\n"}
[2024-10-14 04:11:11] ERROR: {"method":"GET","url":"/api/v1/users/get-user","status":"400","responseSize":"56","responseTime":"0.784\n"}
[2024-10-14 04:13:42] ERROR: {"method":"GET","url":"/api/v1/users/get-user","status":"400","responseSize":"56","responseTime":"0.354\n"}
[2024-10-14 04:14:02] ERROR: {"method":"GET","url":"/api/v1/users/get-user","status":"400","responseSize":"56","responseTime":"0.259\n"}
[2024-10-14 04:14:07] ERROR: {"method":"GET","url":"/api/v1/users/get-user","status":"400","responseSize":"56","responseTime":"0.288\n"}
[2024-10-14 04:17:26] ERROR: {"method":"GET","url":"/api/v1/users/get-user","status":"400","responseSize":"56","responseTime":"0.334\n"}
[2024-10-14 04:20:02] ERROR: {"method":"GET","url":"/api/v1/users/get-user","status":"400","responseSize":"56","responseTime":"1.464\n"}
[2024-10-14 04:23:22] ERROR: {"method":"GET","url":"/api/v1/users/get-user","status":"400","responseSize":"56","responseTime":"0.298\n"}
[2024-10-14 04:24:50] ERROR: {"method":"GET","url":"/api/v1/users/get-user","status":"400","responseSize":"56","responseTime":"0.275\n"}
[2024-10-14 04:25:06] ERROR: {"method":"GET","url":"/api/v1/users/get-user","status":"400","responseSize":"56","responseTime":"0.227\n"}
[2024-10-14 04:25:39] ERROR: {"method":"GET","url":"/api/v1/users/get-user","status":"400","responseSize":"56","responseTime":"0.270\n"}
[2024-10-14 04:25:42] ERROR: {"method":"GET","url":"/api/v1/users/get-user","status":"400","responseSize":"56","responseTime":"0.519\n"}
[2024-10-14 04:28:38] ERROR: {"method":"GET","url":"/api/v1/users/get-user","status":"400","responseSize":"56","responseTime":"0.864\n"}
[2024-10-14 04:52:53] ERROR: {"method":"GET","url":"/api/v1/users/get-user","status":"400","responseSize":"56","responseTime":"0.455\n"}
[2024-10-14 04:53:45] ERROR: {"method":"GET","url":"/api/v1/users/get-user","status":"400","responseSize":"56","responseTime":"0.257\n"}
[2024-10-14 04:53:59] ERROR: {"method":"GET","url":"/api/v1/users/get-user","status":"400","responseSize":"56","responseTime":"0.286\n"}
[2024-10-14 04:54:04] ERROR: {"method":"GET","url":"/api/v1/users/get-user","status":"400","responseSize":"56","responseTime":"0.215\n"}
[2024-10-14 04:54:04] ERROR: {"method":"GET","url":"/api/v1/users/get-user","status":"400","responseSize":"56","responseTime":"0.279\n"}
[2024-10-14 04:54:04] ERROR: {"method":"GET","url":"/api/v1/users/get-user","status":"400","responseSize":"56","responseTime":"0.195\n"}
[2024-10-14 04:54:05] ERROR: {"method":"GET","url":"/api/v1/users/get-user","status":"400","responseSize":"56","responseTime":"0.275\n"}
[2024-10-14 04:54:06] ERROR: {"method":"GET","url":"/api/v1/users/get-user","status":"400","responseSize":"56","responseTime":"0.339\n"}
[2024-10-14 04:54:06] ERROR: {"method":"GET","url":"/api/v1/users/get-user","status":"400","responseSize":"56","responseTime":"0.235\n"}
[2024-10-14 04:54:06] ERROR: {"method":"GET","url":"/api/v1/users/get-user","status":"400","responseSize":"56","responseTime":"0.316\n"}
[2024-10-14 04:54:52] ERROR: {"method":"GET","url":"/api/v1/users/get-user","status":"400","responseSize":"56","responseTime":"0.251\n"}
[2024-10-14 04:55:09] ERROR: {"method":"GET","url":"/api/v1/users/get-user","status":"400","responseSize":"56","responseTime":"0.296\n"}
[2024-10-14 04:55:18] ERROR: {"method":"GET","url":"/api/v1/users/get-user","status":"400","responseSize":"56","responseTime":"0.217\n"}
[2024-10-14 04:57:33] ERROR: {"method":"GET","url":"/api/v1/users/get-user","status":"400","responseSize":"56","responseTime":"0.203\n"}
[2024-10-14 04:57:37] ERROR: {"method":"GET","url":"/api/v1/users/get-user","status":"400","responseSize":"56","responseTime":"0.340\n"}
[2024-10-14 04:57:37] ERROR: {"method":"GET","url":"/api/v1/users/get-user","status":"400","responseSize":"56","responseTime":"0.281\n"}
[2024-10-14 04:57:49] INFO: {"method":"GET","url":"/api/v1/auth/get-public-key-pem","status":"200","responseSize":"599","responseTime":"1.252\n"}
[2024-10-14 04:57:49] INFO: {"method":"POST","url":"/api/v1/auth/login","status":"200","responseSize":"707","responseTime":"161.891\n"}
[2024-10-14 04:57:53] INFO: {"method":"GET","url":"/api/v1/users/get-user","status":"200","responseSize":"454","responseTime":"1.960\n"}
[2024-10-14 05:01:41] INFO: {"method":"GET","url":"/api/v1/auth/logout","status":"200","responseSize":"91","responseTime":"52.386\n"}
[2024-10-14 05:01:41] ERROR: {"method":"GET","url":"/api/v1/users/get-user","status":"400","responseSize":"56","responseTime":"0.708\n"}
[2024-10-14 05:01:46] INFO: {"method":"GET","url":"/api/v1/auth/get-public-key-pem","status":"200","responseSize":"599","responseTime":"1.058\n"}
[2024-10-14 05:01:46] INFO: {"method":"POST","url":"/api/v1/auth/login","status":"200","responseSize":"707","responseTime":"123.689\n"}
[2024-10-14 05:01:49] INFO: {"method":"GET","url":"/api/v1/users/get-user","status":"200","responseSize":"454","responseTime":"1.937\n"}
[2024-10-14 05:02:13] INFO: {"method":"GET","url":"/api/v1/users/get-user","status":"200","responseSize":"454","responseTime":"13.440\n"}
[2024-10-14 05:03:36] INFO: {"method":"GET","url":"/api/v1/auth/logout","status":"200","responseSize":"91","responseTime":"26.879\n"}
[2024-10-14 05:03:41] ERROR: {"method":"GET","url":"/api/v1/users/get-user","status":"400","responseSize":"56","responseTime":"0.666\n"}
[2024-10-14 05:03:48] INFO: {"method":"GET","url":"/api/v1/auth/get-public-key-pem","status":"200","responseSize":"599","responseTime":"2.691\n"}
[2024-10-14 05:03:48] INFO: {"method":"POST","url":"/api/v1/auth/login","status":"200","responseSize":"707","responseTime":"137.145\n"}
[2024-10-14 05:03:53] INFO: {"method":"GET","url":"/api/v1/users/get-user","status":"200","responseSize":"454","responseTime":"3.433\n"}
[2024-10-14 05:04:06] INFO: {"method":"GET","url":"/api/v1/users/get-user","status":"200","responseSize":"454","responseTime":"16.512\n"}
[2024-10-14 05:08:23] INFO: {"method":"GET","url":"/api/v1/users/get-user","status":"200","responseSize":"454","responseTime":"14.901\n"}
[2024-10-14 05:08:31] INFO: {"method":"GET","url":"/api/v1/auth/logout","status":"200","responseSize":"91","responseTime":"5.125\n"}
[2024-10-14 05:08:31] ERROR: {"method":"GET","url":"/api/v1/users/get-user","status":"400","responseSize":"56","responseTime":"0.688\n"}
[2024-10-14 05:08:47] ERROR: {"method":"GET","url":"/api/v1/users/get-user","status":"400","responseSize":"56","responseTime":"0.348\n"}
[2024-10-14 05:08:55] INFO: {"method":"GET","url":"/api/v1/auth/get-public-key-pem","status":"200","responseSize":"599","responseTime":"5.854\n"}
[2024-10-14 05:08:55] INFO: {"method":"POST","url":"/api/v1/auth/login","status":"200","responseSize":"707","responseTime":"122.555\n"}
[2024-10-14 05:09:01] INFO: {"method":"GET","url":"/api/v1/users/get-user","status":"200","responseSize":"454","responseTime":"3.730\n"}
[2024-10-14 05:09:20] INFO: {"method":"GET","url":"/api/v1/users/get-user","status":"200","responseSize":"454","responseTime":"16.568\n"}
[2024-10-14 05:09:42] INFO: {"method":"GET","url":"/api/v1/users/get-user","status":"200","responseSize":"454","responseTime":"15.457\n"}
[2024-10-14 05:11:15] INFO: {"method":"GET","url":"/api/v1/users/get-user","status":"200","responseSize":"454","responseTime":"25.821\n"}
[2024-10-14 05:11:18] INFO: {"method":"GET","url":"/api/v1/auth/logout","status":"200","responseSize":"91","responseTime":"9.300\n"}
[2024-10-14 05:11:18] ERROR: {"method":"GET","url":"/api/v1/users/get-user","status":"400","responseSize":"56","responseTime":"1.141\n"}
[2024-10-14 05:11:30] INFO: {"method":"GET","url":"/api/v1/auth/get-public-key-pem","status":"200","responseSize":"599","responseTime":"3.990\n"}
[2024-10-14 05:11:30] INFO: {"method":"POST","url":"/api/v1/auth/login","status":"200","responseSize":"707","responseTime":"120.788\n"}
[2024-10-14 05:11:44] INFO: {"method":"GET","url":"/api/v1/users/get-user","status":"200","responseSize":"454","responseTime":"17.315\n"}
[2024-10-14 05:11:56] INFO: {"method":"GET","url":"/api/v1/users/get-user","status":"200","responseSize":"454","responseTime":"15.771\n"}
[2024-10-14 05:12:43] INFO: {"method":"GET","url":"/api/v1/users/get-user","status":"200","responseSize":"454","responseTime":"16.064\n"}
[2024-10-14 05:13:10] INFO: {"method":"GET","url":"/api/v1/users/get-user","status":"200","responseSize":"454","responseTime":"22.667\n"}
[2024-10-14 05:14:13] INFO: {"method":"GET","url":"/api/v1/users/get-user","status":"200","responseSize":"454","responseTime":"57.077\n"}
[2024-10-14 05:14:30] INFO: {"method":"GET","url":"/api/v1/users/get-user","status":"200","responseSize":"454","responseTime":"17.348\n"}
[2024-10-14 05:15:50] INFO: {"method":"GET","url":"/api/v1/users/get-user","status":"200","responseSize":"454","responseTime":"19.700\n"}
[2024-10-14 05:17:23] INFO: {"method":"GET","url":"/api/v1/users/get-user","status":"200","responseSize":"454","responseTime":"17.492\n"}
[2024-10-14 05:18:45] INFO: {"method":"GET","url":"/api/v1/users/get-user","status":"200","responseSize":"454","responseTime":"21.206\n"}
[2024-10-14 05:20:40] INFO: {"method":"GET","url":"/api/v1/users/get-user","status":"200","responseSize":"454","responseTime":"29.109\n"}
[2024-10-14 05:20:46] INFO: {"method":"GET","url":"/api/v1/users/get-user","status":"200","responseSize":"454","responseTime":"3.030\n"}
[2024-10-14 05:21:33] ERROR: {"method":"GET","url":"/api/v1/users/get-user","status":"400","responseSize":"56","responseTime":"0.327\n"}
[2024-10-14 05:22:17] ERROR: {"method":"GET","url":"/api/v1/users/get-user","status":"400","responseSize":"56","responseTime":"0.316\n"}
[2024-10-14 05:22:45] ERROR: {"method":"GET","url":"/api/v1/users/get-user","status":"400","responseSize":"56","responseTime":"0.330\n"}
[2024-10-14 05:22:49] ERROR: {"method":"GET","url":"/api/v1/users/get-user","status":"400","responseSize":"56","responseTime":"0.671\n"}
[2024-10-14 05:22:54] INFO: {"method":"GET","url":"/api/v1/auth/get-public-key-pem","status":"200","responseSize":"599","responseTime":"12.140\n"}
[2024-10-14 05:22:54] INFO: {"method":"POST","url":"/api/v1/auth/login","status":"200","responseSize":"707","responseTime":"129.503\n"}
[2024-10-14 05:22:54] INFO: {"method":"GET","url":"/api/v1/users/get-user","status":"200","responseSize":"454","responseTime":"2.996\n"}
[2024-10-14 05:23:11] INFO: {"method":"GET","url":"/api/v1/users/get-user","status":"200","responseSize":"454","responseTime":"17.286\n"}
[2024-10-14 05:23:11] INFO: {"method":"GET","url":"/api/v1/users/get-user","status":"304","responseSize":"-","responseTime":"3.738\n"}
[2024-10-14 05:33:57] ERROR: {"method":"GET","url":"/api/v1/users/get-user","status":"400","responseSize":"56","responseTime":"0.322\n"}
[2024-10-14 05:33:57] ERROR: {"method":"GET","url":"/api/v1/users/get-user","status":"400","responseSize":"56","responseTime":"0.312\n"}
[2024-10-14 05:37:51] ERROR: {"method":"GET","url":"/api/v1/users/get-user","status":"400","responseSize":"56","responseTime":"63.644\n"}
[2024-10-14 05:39:30] ERROR: {"method":"GET","url":"/api/v1/users/get-user","status":"400","responseSize":"56","responseTime":"23.515\n"}
[2024-10-14 05:39:34] ERROR: {"method":"GET","url":"/api/v1/users/get-user","status":"400","responseSize":"56","responseTime":"3.146\n"}
[2024-10-14 05:41:04] ERROR: {"method":"GET","url":"/api/v1/users/get-user","status":"400","responseSize":"56","responseTime":"1.173\n"}
[2024-10-14 05:41:12] INFO: {"method":"GET","url":"/api/v1/auth/get-public-key-pem","status":"200","responseSize":"599","responseTime":"2.611\n"}
[2024-10-14 05:41:13] INFO: {"method":"POST","url":"/api/v1/auth/login","status":"200","responseSize":"498","responseTime":"172.518\n"}
[2024-10-14 05:41:13] INFO: {"method":"GET","url":"/api/v1/users/get-user","status":"200","responseSize":"454","responseTime":"4.275\n"}
[2024-10-14 05:42:35] INFO: {"method":"GET","url":"/api/v1/users/get-user","status":"200","responseSize":"454","responseTime":"17.862\n"}
[2024-10-14 05:42:40] INFO: {"method":"GET","url":"/api/v1/auth/logout","status":"200","responseSize":"91","responseTime":"18.577\n"}
[2024-10-14 05:42:47] ERROR: {"method":"GET","url":"/api/v1/users/get-user","status":"400","responseSize":"56","responseTime":"0.600\n"}
[2024-10-14 05:42:53] INFO: {"method":"GET","url":"/api/v1/auth/get-public-key-pem","status":"200","responseSize":"599","responseTime":"6.863\n"}
[2024-10-14 05:42:53] INFO: {"method":"POST","url":"/api/v1/auth/login","status":"200","responseSize":"498","responseTime":"140.336\n"}
[2024-10-14 05:42:53] INFO: {"method":"GET","url":"/api/v1/users/get-user","status":"200","responseSize":"454","responseTime":"3.560\n"}
[2024-10-14 05:43:19] ERROR: {"method":"GET","url":"/api/v1/users/get-user","status":"400","responseSize":"56","responseTime":"0.326\n"}
[2024-10-14 05:43:24] INFO: {"method":"GET","url":"/api/v1/auth/get-public-key-pem","status":"200","responseSize":"599","responseTime":"4.827\n"}
[2024-10-14 05:43:24] INFO: {"method":"POST","url":"/api/v1/auth/login","status":"200","responseSize":"498","responseTime":"134.950\n"}
[2024-10-14 05:43:24] INFO: {"method":"GET","url":"/api/v1/users/get-user","status":"200","responseSize":"454","responseTime":"3.360\n"}
[2024-10-14 05:44:33] INFO: {"method":"GET","url":"/api/v1/users/get-user","status":"200","responseSize":"454","responseTime":"19.841\n"}
[2024-10-14 05:44:34] INFO: {"method":"GET","url":"/api/v1/auth/logout","status":"200","responseSize":"91","responseTime":"13.209\n"}
[2024-10-14 05:44:38] ERROR: {"method":"GET","url":"/api/v1/users/get-user","status":"400","responseSize":"56","responseTime":"0.326\n"}
[2024-10-14 05:44:43] INFO: {"method":"GET","url":"/api/v1/auth/get-public-key-pem","status":"200","responseSize":"599","responseTime":"9.054\n"}
[2024-10-14 05:44:43] INFO: {"method":"POST","url":"/api/v1/auth/login","status":"200","responseSize":"498","responseTime":"119.447\n"}
[2024-10-14 05:44:43] INFO: {"method":"GET","url":"/api/v1/users/get-user","status":"200","responseSize":"454","responseTime":"3.199\n"}
[2024-10-14 05:45:21] INFO: {"method":"GET","url":"/api/v1/users/get-user","status":"200","responseSize":"454","responseTime":"18.893\n"}
[2024-10-14 05:46:41] INFO: {"method":"GET","url":"/api/v1/auth/logout","status":"200","responseSize":"91","responseTime":"34.582\n"}
[2024-10-14 05:46:44] ERROR: {"method":"GET","url":"/api/v1/users/get-user","status":"400","responseSize":"56","responseTime":"0.769\n"}
[2024-10-14 05:46:49] ERROR: {"method":"GET","url":"/api/v1/users/get-user","status":"400","responseSize":"56","responseTime":"0.504\n"}
[2024-10-14 05:47:29] ERROR: {"method":"GET","url":"/api/v1/users/get-user","status":"400","responseSize":"56","responseTime":"0.371\n"}
[2024-10-14 05:48:04] INFO: {"method":"GET","url":"/api/v1/auth/get-public-key-pem","status":"200","responseSize":"599","responseTime":"1.335\n"}
[2024-10-14 05:48:04] INFO: {"method":"POST","url":"/api/v1/auth/login","status":"200","responseSize":"498","responseTime":"134.287\n"}
[2024-10-14 05:48:04] INFO: {"method":"GET","url":"/api/v1/users/get-user","status":"200","responseSize":"454","responseTime":"3.489\n"}
[2024-10-14 07:11:20] INFO: {"method":"GET","url":"/api/v1/auth/get-public-key-pem","status":"200","responseSize":"599","responseTime":"3.525\n"}
[2024-10-14 07:11:20] INFO: {"method":"POST","url":"/api/v1/auth/login","status":"200","responseSize":"498","responseTime":"174.351\n"}
[2024-10-14 07:11:20] INFO: {"method":"GET","url":"/api/v1/users/get-user","status":"200","responseSize":"454","responseTime":"3.239\n"}
[2024-10-14 07:11:38] ERROR: {"method":"GET","url":"/api/v1/users/get-user","status":"400","responseSize":"56","responseTime":"0.303\n"}
[2024-10-14 07:11:57] INFO: {"method":"GET","url":"/api/v1/auth/get-public-key-pem","status":"200","responseSize":"599","responseTime":"2.824\n"}
[2024-10-14 07:11:57] INFO: {"method":"POST","url":"/api/v1/auth/login","status":"200","responseSize":"498","responseTime":"128.458\n"}
[2024-10-14 07:11:57] INFO: {"method":"GET","url":"/api/v1/users/get-user","status":"200","responseSize":"454","responseTime":"2.133\n"}
[2024-10-14 07:18:11] ERROR: {"method":"GET","url":"/api/v1/users/get-user","status":"400","responseSize":"56","responseTime":"0.278\n"}
[2024-10-14 07:18:17] INFO: {"method":"GET","url":"/api/v1/auth/get-public-key-pem","status":"200","responseSize":"599","responseTime":"1.924\n"}
[2024-10-14 07:18:18] INFO: {"method":"POST","url":"/api/v1/auth/login","status":"200","responseSize":"498","responseTime":"122.643\n"}
[2024-10-14 07:18:18] INFO: {"method":"GET","url":"/api/v1/users/get-user","status":"200","responseSize":"454","responseTime":"3.165\n"}
[2024-10-14 07:20:40] INFO: {"method":"GET","url":"/api/v1/users/get-user","status":"200","responseSize":"454","responseTime":"57.087\n"}
[2024-10-14 07:20:50] ERROR: {"method":"GET","url":"/api/v1/users/get-user","status":"400","responseSize":"56","responseTime":"0.373\n"}
[2024-10-14 07:21:02] ERROR: {"method":"GET","url":"/api/v1/users/get-user","status":"400","responseSize":"56","responseTime":"0.356\n"}
[2024-10-14 07:21:32] INFO: {"method":"GET","url":"/api/v1/auth/get-public-key-pem","status":"200","responseSize":"599","responseTime":"2.220\n"}
[2024-10-14 07:21:32] INFO: {"method":"POST","url":"/api/v1/auth/login","status":"200","responseSize":"498","responseTime":"124.039\n"}
[2024-10-14 07:21:32] INFO: {"method":"GET","url":"/api/v1/users/get-user","status":"200","responseSize":"454","responseTime":"3.009\n"}
[2024-10-14 07:22:52] INFO: {"method":"GET","url":"/api/v1/users/get-user","status":"200","responseSize":"454","responseTime":"17.198\n"}
[2024-10-14 07:22:58] ERROR: {"method":"GET","url":"/api/v1/users/get-user","status":"400","responseSize":"56","responseTime":"0.340\n"}
[2024-10-14 07:23:07] INFO: {"method":"GET","url":"/api/v1/auth/get-public-key-pem","status":"200","responseSize":"599","responseTime":"1.673\n"}
[2024-10-14 07:23:07] INFO: {"method":"POST","url":"/api/v1/auth/login","status":"200","responseSize":"498","responseTime":"131.147\n"}
[2024-10-14 07:23:07] INFO: {"method":"GET","url":"/api/v1/users/get-user","status":"200","responseSize":"454","responseTime":"2.878\n"}
[2024-10-14 07:23:53] INFO: {"method":"GET","url":"/api/v1/users/get-user","status":"200","responseSize":"454","responseTime":"20.296\n"}
[2024-10-14 07:24:02] ERROR: {"method":"GET","url":"/api/v1/users/get-user","status":"400","responseSize":"56","responseTime":"0.347\n"}
[2024-10-14 07:24:09] INFO: {"method":"GET","url":"/api/v1/auth/get-public-key-pem","status":"200","responseSize":"599","responseTime":"1.920\n"}
[2024-10-14 07:24:10] INFO: {"method":"POST","url":"/api/v1/auth/login","status":"200","responseSize":"498","responseTime":"124.552\n"}
[2024-10-14 07:24:10] INFO: {"method":"GET","url":"/api/v1/users/get-user","status":"200","responseSize":"454","responseTime":"3.011\n"}
[2024-10-14 07:24:33] INFO: {"method":"GET","url":"/api/v1/users/get-user","status":"200","responseSize":"454","responseTime":"14.513\n"}
[2024-10-14 07:24:39] ERROR: {"method":"GET","url":"/api/v1/users/get-user","status":"400","responseSize":"56","responseTime":"0.352\n"}
[2024-10-14 07:24:39] ERROR: {"method":"GET","url":"/api/v1/users/get-user","status":"400","responseSize":"56","responseTime":"0.353\n"}
[2024-10-14 07:24:45] INFO: {"method":"GET","url":"/api/v1/auth/get-public-key-pem","status":"200","responseSize":"599","responseTime":"4.925\n"}
[2024-10-14 07:24:46] INFO: {"method":"POST","url":"/api/v1/auth/login","status":"200","responseSize":"498","responseTime":"121.128\n"}
[2024-10-14 07:24:57] INFO: {"method":"GET","url":"/api/v1/users/get-user","status":"200","responseSize":"454","responseTime":"26.615\n"}
[2024-10-14 07:25:06] INFO: {"method":"GET","url":"/api/v1/users/get-user","status":"200","responseSize":"454","responseTime":"4.790\n"}
[2024-10-14 07:25:13] INFO: {"method":"GET","url":"/api/v1/users/get-user","status":"200","responseSize":"454","responseTime":"5.396\n"}
[2024-10-14 07:25:22] INFO: {"method":"GET","url":"/api/v1/users/get-user","status":"200","responseSize":"454","responseTime":"3.065\n"}
[2024-10-14 07:25:27] INFO: {"method":"GET","url":"/api/v1/users/get-user","status":"200","responseSize":"454","responseTime":"4.777\n"}
[2024-10-14 07:25:34] INFO: {"method":"GET","url":"/api/v1/users/get-user","status":"200","responseSize":"454","responseTime":"3.987\n"}
[2024-10-14 07:25:40] INFO: {"method":"GET","url":"/api/v1/auth/logout","status":"200","responseSize":"91","responseTime":"15.164\n"}
[2024-10-14 07:25:40] ERROR: {"method":"GET","url":"/api/v1/users/get-user","status":"400","responseSize":"56","responseTime":"1.172\n"}
[2024-10-14 07:25:45] ERROR: {"method":"GET","url":"/api/v1/users/get-user","status":"400","responseSize":"56","responseTime":"0.309\n"}
[2024-10-14 07:25:45] ERROR: {"method":"GET","url":"/api/v1/users/get-user","status":"400","responseSize":"56","responseTime":"0.310\n"}
[2024-10-14 07:25:53] ERROR: {"method":"GET","url":"/api/v1/users/get-user","status":"400","responseSize":"56","responseTime":"0.449\n"}
[2024-10-14 07:25:57] ERROR: {"method":"GET","url":"/api/v1/users/get-user","status":"400","responseSize":"56","responseTime":"0.344\n"}
[2024-10-14 07:26:08] ERROR: {"method":"GET","url":"/api/v1/users/get-user","status":"400","responseSize":"56","responseTime":"0.350\n"}
[2024-10-14 07:26:31] ERROR: {"method":"GET","url":"/api/v1/users/get-user","status":"400","responseSize":"56","responseTime":"0.292\n"}
[2024-10-14 07:26:31] ERROR: {"method":"GET","url":"/api/v1/users/get-user","status":"400","responseSize":"56","responseTime":"0.304\n"}
[2024-10-14 07:26:48] ERROR: {"method":"GET","url":"/api/v1/users/get-user","status":"400","responseSize":"56","responseTime":"0.350\n"}
[2024-10-14 07:28:43] ERROR: {"method":"GET","url":"/api/v1/users/get-user","status":"400","responseSize":"56","responseTime":"0.259\n"}
[2024-10-14 07:32:09] ERROR: {"method":"GET","url":"/api/v1/users/get-user","status":"400","responseSize":"56","responseTime":"2.032\n"}
[2024-10-14 07:32:19] INFO: {"method":"GET","url":"/api/v1/auth/get-public-key-pem","status":"200","responseSize":"599","responseTime":"0.452\n"}
[2024-10-14 07:32:19] INFO: {"method":"POST","url":"/api/v1/auth/login","status":"200","responseSize":"498","responseTime":"177.498\n"}
[2024-10-14 07:33:39] INFO: {"method":"GET","url":"/api/v1/users/get-user","status":"200","responseSize":"454","responseTime":"13.075\n"}
[2024-10-14 07:33:45] INFO: {"method":"GET","url":"/api/v1/users/get-user","status":"200","responseSize":"454","responseTime":"3.223\n"}
[2024-10-14 07:33:48] INFO: {"method":"GET","url":"/api/v1/auth/logout","status":"200","responseSize":"91","responseTime":"8.730\n"}
[2024-10-14 07:33:48] ERROR: {"method":"GET","url":"/api/v1/users/get-user","status":"400","responseSize":"56","responseTime":"0.679\n"}
[2024-10-14 07:35:30] ERROR: {"method":"GET","url":"/api/v1/auth/logout","status":"400","responseSize":"56","responseTime":"0.296\n"}
[2024-10-14 07:35:53] INFO: {"method":"GET","url":"/api/v1/auth/get-public-key-pem","status":"200","responseSize":"599","responseTime":"0.539\n"}
[2024-10-14 07:35:53] INFO: {"method":"POST","url":"/api/v1/auth/login","status":"200","responseSize":"498","responseTime":"122.335\n"}
[2024-10-14 07:36:01] INFO: {"method":"GET","url":"/api/v1/users/get-user","status":"200","responseSize":"454","responseTime":"1.769\n"}
[2024-10-14 07:36:04] INFO: {"method":"GET","url":"/api/v1/auth/logout","status":"200","responseSize":"91","responseTime":"3.290\n"}
[2024-10-14 07:36:04] ERROR: {"method":"GET","url":"/api/v1/users/get-user","status":"400","responseSize":"56","responseTime":"0.242\n"}
[2024-10-14 07:36:39] ERROR: {"method":"GET","url":"/api/v1/users/get-user","status":"400","responseSize":"56","responseTime":"0.839\n"}
[2024-10-14 07:37:39] ERROR: {"method":"GET","url":"/api/v1/users/get-user","status":"400","responseSize":"56","responseTime":"0.264\n"}
[2024-10-14 07:39:00] ERROR: {"method":"GET","url":"/api/v1/users/get-user","status":"400","responseSize":"56","responseTime":"0.219\n"}
[2024-10-14 07:39:00] ERROR: {"method":"GET","url":"/api/v1/users/get-user","status":"400","responseSize":"56","responseTime":"0.222\n"}
[2024-10-14 07:47:19] ERROR: {"method":"GET","url":"/api/v1/users/get-user","status":"400","responseSize":"56","responseTime":"0.198\n"}
[2024-10-14 08:07:57] ERROR: {"method":"GET","url":"/api/v1/users/get-user","status":"400","responseSize":"56","responseTime":"0.270\n"}
[2024-10-14 08:09:17] ERROR: {"method":"GET","url":"/api/v1/users/get-user","status":"400","responseSize":"56","responseTime":"0.269\n"}
[2024-10-14 08:10:30] ERROR: {"method":"GET","url":"/api/v1/users/get-user","status":"400","responseSize":"56","responseTime":"0.373\n"}
[2024-10-14 08:10:32] ERROR: {"method":"GET","url":"/api/v1/users/get-user","status":"400","responseSize":"56","responseTime":"0.566\n"}
[2024-10-14 08:10:36] ERROR: {"method":"GET","url":"/api/v1/users/get-user","status":"400","responseSize":"56","responseTime":"0.731\n"}
[2024-10-14 08:11:06] ERROR: {"method":"GET","url":"/api/v1/users/get-user","status":"400","responseSize":"56","responseTime":"1.041\n"}
[2024-10-14 08:11:07] ERROR: {"method":"GET","url":"/api/v1/users/get-user","status":"400","responseSize":"56","responseTime":"0.448\n"}
[2024-10-14 08:11:13] ERROR: {"method":"GET","url":"/api/v1/users/get-user","status":"400","responseSize":"56","responseTime":"0.734\n"}
[2024-10-14 08:11:14] ERROR: {"method":"GET","url":"/api/v1/users/get-user","status":"400","responseSize":"56","responseTime":"0.704\n"}
[2024-10-14 08:25:40] ERROR: {"method":"GET","url":"/api/v1/users/get-user","status":"400","responseSize":"56","responseTime":"45.559\n"}
[2024-10-14 08:26:37] ERROR: {"method":"GET","url":"/api/v1/users/get-user","status":"400","responseSize":"56","responseTime":"2.267\n"}
