[2024-10-04 09:37:52] INFO: {"method":"POST","url":"/api/v1/auth/forgot-password","status":"200","responseSize":"132","responseTime":"4244.926\n"}
[2024-10-04 09:38:00] INFO: {"method":"POST","url":"/api/v1/auth/forgot-password","status":"200","responseSize":"132","responseTime":"3631.309\n"}
[2024-10-04 09:38:02] INFO: {"method":"POST","url":"/api/v1/auth/forgot-password","status":"200","responseSize":"132","responseTime":"3597.817\n"}
[2024-10-04 09:38:02] INFO: {"method":"POST","url":"/api/v1/auth/forgot-password","status":"200","responseSize":"132","responseTime":"3680.107\n"}
[2024-10-04 09:38:02] INFO: {"method":"POST","url":"/api/v1/auth/forgot-password","status":"200","responseSize":"132","responseTime":"3722.231\n"}
[2024-10-04 09:38:02] INFO: {"method":"POST","url":"/api/v1/auth/forgot-password","status":"200","responseSize":"132","responseTime":"3671.717\n"}
[2024-10-04 09:38:02] INFO: {"method":"POST","url":"/api/v1/auth/forgot-password","status":"200","responseSize":"132","responseTime":"3843.985\n"}
[2024-10-04 09:39:05] INFO: {"method":"POST","url":"/api/v1/auth/forgot-password","status":"200","responseSize":"132","responseTime":"4083.079\n"}
[2024-10-04 09:39:06] INFO: {"method":"POST","url":"/api/v1/auth/forgot-password","status":"200","responseSize":"132","responseTime":"3994.978\n"}
[2024-10-04 09:39:09] INFO: {"method":"POST","url":"/api/v1/auth/forgot-password","status":"200","responseSize":"132","responseTime":"4309.807\n"}
[2024-10-04 09:39:53] INFO: {"method":"POST","url":"/api/v1/auth/forgot-password","status":"200","responseSize":"132","responseTime":"4124.754\n"}
[2024-10-04 09:39:56] INFO: {"method":"POST","url":"/api/v1/auth/forgot-password","status":"200","responseSize":"132","responseTime":"4229.178\n"}
[2024-10-04 09:41:46] INFO: {"method":"POST","url":"/api/v1/auth/forgot-password","status":"200","responseSize":"132","responseTime":"4256.886\n"}
[2024-10-04 09:45:35] WARN: {"method":"POST","url":"/api/v1/auth/login","status":"400","responseSize":"92","responseTime":"85.928\n"}
[2024-10-04 09:45:38] WARN: {"method":"POST","url":"/api/v1/auth/login","status":"400","responseSize":"92","responseTime":"76.715\n"}
[2024-10-04 09:45:39] WARN: {"method":"POST","url":"/api/v1/auth/login","status":"400","responseSize":"92","responseTime":"105.905\n"}
[2024-10-04 09:45:39] WARN: {"method":"POST","url":"/api/v1/auth/login","status":"400","responseSize":"92","responseTime":"83.922\n"}
[2024-10-04 09:45:40] WARN: {"method":"POST","url":"/api/v1/auth/login","status":"400","responseSize":"92","responseTime":"98.754\n"}
[2024-10-04 09:45:42] WARN: {"method":"POST","url":"/api/v1/auth/login","status":"400","responseSize":"92","responseTime":"109.551\n"}
[2024-10-04 09:45:43] WARN: {"method":"POST","url":"/api/v1/auth/login","status":"400","responseSize":"92","responseTime":"99.494\n"}
[2024-10-04 09:45:43] WARN: {"method":"POST","url":"/api/v1/auth/login","status":"400","responseSize":"92","responseTime":"83.090\n"}
[2024-10-04 09:45:46] WARN: {"method":"POST","url":"/api/v1/auth/login","status":"400","responseSize":"92","responseTime":"132.057\n"}
[2024-10-04 09:45:48] WARN: {"method":"POST","url":"/api/v1/auth/login","status":"400","responseSize":"92","responseTime":"126.479\n"}
[2024-10-04 09:45:53] WARN: {"method":"POST","url":"/api/v1/auth/login","status":"400","responseSize":"92","responseTime":"100.468\n"}
[2024-10-04 09:45:53] WARN: {"method":"POST","url":"/api/v1/auth/login","status":"400","responseSize":"92","responseTime":"100.202\n"}
[2024-10-04 09:45:53] WARN: {"method":"POST","url":"/api/v1/auth/login","status":"400","responseSize":"92","responseTime":"72.109\n"}
[2024-10-04 09:45:53] WARN: {"method":"POST","url":"/api/v1/auth/login","status":"400","responseSize":"92","responseTime":"102.994\n"}
[2024-10-04 09:45:54] WARN: {"method":"POST","url":"/api/v1/auth/login","status":"400","responseSize":"92","responseTime":"73.061\n"}
[2024-10-04 09:45:54] WARN: {"method":"POST","url":"/api/v1/auth/login","status":"400","responseSize":"92","responseTime":"96.072\n"}
[2024-10-04 09:46:57] WARN: {"method":"POST","url":"/api/v1/auth/login","status":"400","responseSize":"92","responseTime":"83.892\n"}
[2024-10-04 09:47:51] WARN: {"method":"POST","url":"/api/v1/auth/login","status":"400","responseSize":"92","responseTime":"153.799\n"}
[2024-10-04 09:47:57] WARN: {"method":"POST","url":"/api/v1/auth/login","status":"400","responseSize":"92","responseTime":"162.788\n"}
[2024-10-04 09:48:02] WARN: {"method":"POST","url":"/api/v1/auth/login","status":"400","responseSize":"92","responseTime":"166.958\n"}
[2024-10-04 09:49:27] WARN: {"method":"POST","url":"/api/v1/auth/login","status":"400","responseSize":"92","responseTime":"82.436\n"}
[2024-10-04 09:50:35] WARN: {"method":"POST","url":"/api/v1/auth/login","status":"400","responseSize":"92","responseTime":"93.114\n"}
[2024-10-04 09:51:27] WARN: {"method":"POST","url":"/api/v1/auth/login","status":"400","responseSize":"92","responseTime":"135.644\n"}
[2024-10-04 09:51:32] WARN: {"method":"POST","url":"/api/v1/auth/login","status":"400","responseSize":"92","responseTime":"132.337\n"}
[2024-10-04 09:51:39] WARN: {"method":"POST","url":"/api/v1/auth/login","status":"400","responseSize":"92","responseTime":"151.662\n"}
[2024-10-04 09:51:45] WARN: {"method":"POST","url":"/api/v1/auth/login","status":"400","responseSize":"92","responseTime":"110.424\n"}
[2024-10-04 09:51:55] WARN: {"method":"POST","url":"/api/v1/auth/login","status":"400","responseSize":"92","responseTime":"120.476\n"}
[2024-10-04 09:52:05] INFO: {"method":"POST","url":"/api/v1/auth/forgot-password","status":"200","responseSize":"132","responseTime":"4307.440\n"}
[2024-10-04 09:52:07] INFO: {"method":"POST","url":"/api/v1/auth/forgot-password","status":"200","responseSize":"132","responseTime":"3827.503\n"}
[2024-10-04 09:52:08] INFO: {"method":"POST","url":"/api/v1/auth/forgot-password","status":"200","responseSize":"132","responseTime":"3811.360\n"}
[2024-10-04 09:52:09] INFO: {"method":"POST","url":"/api/v1/auth/forgot-password","status":"200","responseSize":"132","responseTime":"3934.214\n"}
[2024-10-04 09:53:09] WARN: {"method":"GET","url":"/api/v1/auth/reset-password/c7ddcd1032d82a4863aa17b60edad45d","status":"400","responseSize":"122","responseTime":"1.786\n"}
[2024-10-04 09:53:09] WARN: {"method":"GET","url":"/favicon.ico","status":"400","responseSize":"74","responseTime":"0.330\n"}
[2024-10-04 10:06:06] INFO: {"method":"POST","url":"/api/v1/users/signup","status":"201","responseSize":"310","responseTime":"125.524\n"}
[2024-10-04 10:06:31] WARN: {"method":"POST","url":"/api/v1/auth/forgot-password","status":"404","responseSize":"96","responseTime":"177.507\n"}
[2024-10-04 10:07:23] WARN: {"method":"POST","url":"/api/v1/auth/forgot-password","status":"404","responseSize":"119","responseTime":"143.084\n"}
[2024-10-04 10:08:04] WARN: {"method":"POST","url":"/api/v1/auth/forgot-password","status":"404","responseSize":"119","responseTime":"148.673\n"}
[2024-10-04 10:09:43] INFO: {"method":"POST","url":"/api/v1/auth/forgot-password","status":"200","responseSize":"133","responseTime":"7454.516\n"}
[2024-10-04 10:20:10] INFO: {"method":"POST","url":"/api/v1/auth/forgot-password","status":"200","responseSize":"133","responseTime":"7420.964\n"}
[2024-10-04 10:21:22] WARN: {"method":"POST","url":"/api/v1/auth/reset-password/:token","status":"400","responseSize":"103","responseTime":"24.454\n"}
[2024-10-04 10:42:03] INFO: {"method":"POST","url":"/api/v1/users/signup","status":"201","responseSize":"308","responseTime":"126.152\n"}
[2024-10-04 10:42:34] INFO: {"method":"POST","url":"/api/v1/auth/login","status":"200","responseSize":"489","responseTime":"127.662\n"}
[2024-10-04 10:42:49] INFO: {"method":"POST","url":"/api/v1/auth/forgot-password","status":"200","responseSize":"133","responseTime":"7376.317\n"}
[2024-10-04 10:44:59] WARN: {"method":"POST","url":"/api/v1/auth/reset-password/:token","status":"400","responseSize":"103","responseTime":"24.665\n"}
[2024-10-04 10:51:15] WARN: {"method":"POST","url":"/api/v1/auth/forgot-password","status":"404","responseSize":"100","responseTime":"31.214\n"}
[2024-10-04 10:51:30] WARN: {"method":"POST","url":"/api/v1/auth/forgot-password","status":"404","responseSize":"100","responseTime":"54.030\n"}
[2024-10-04 10:53:52] INFO: {"method":"POST","url":"/api/v1/auth/forgot-password","status":"200","responseSize":"133","responseTime":"7563.378\n"}
[2024-10-04 10:53:53] INFO: {"method":"POST","url":"/api/v1/auth/forgot-password","status":"200","responseSize":"133","responseTime":"6203.067\n"}
[2024-10-04 10:55:48] INFO: {"method":"POST","url":"/api/v1/auth/forgot-password","status":"200","responseSize":"133","responseTime":"8085.045\n"}
[2024-10-04 11:00:40] WARN: {"method":"POST","url":"/api/v1/auth/forgot-password","status":"404","responseSize":"109","responseTime":"143.494\n"}
[2024-10-04 11:01:25] WARN: {"method":"POST","url":"/api/v1/auth/forgot-password","status":"404","responseSize":"109","responseTime":"145.347\n"}
[2024-10-04 11:02:29] WARN: {"method":"POST","url":"/api/v1/auth/forgot-password","status":"404","responseSize":"109","responseTime":"162.400\n"}
[2024-10-04 11:03:33] WARN: {"method":"POST","url":"/api/v1/auth/forgot-password","status":"404","responseSize":"109","responseTime":"142.230\n"}
[2024-10-04 11:04:07] WARN: {"method":"POST","url":"/api/v1/auth/forgot-password","status":"404","responseSize":"109","responseTime":"169.264\n"}
[2024-10-04 11:05:44] WARN: {"method":"POST","url":"/api/v1/auth/forgot-password","status":"404","responseSize":"105","responseTime":"28.764\n"}
[2024-10-04 11:06:14] WARN: {"method":"POST","url":"/api/v1/auth/forgot-password","status":"404","responseSize":"109","responseTime":"153.775\n"}
[2024-10-04 11:06:38] WARN: {"method":"POST","url":"/api/v1/auth/forgot-password","status":"404","responseSize":"109","responseTime":"155.677\n"}
[2024-10-04 11:07:09] WARN: {"method":"POST","url":"/api/v1/auth/forgot-password","status":"404","responseSize":"109","responseTime":"3723.476\n"}
[2024-10-04 11:08:08] WARN: {"method":"POST","url":"/api/v1/auth/forgot-password","status":"404","responseSize":"109","responseTime":"3013.647\n"}
[2024-10-04 11:10:51] WARN: {"method":"POST","url":"/api/v1/auth/forgot-password","status":"404","responseSize":"109","responseTime":"3699.442\n"}
[2024-10-04 11:12:43] WARN: {"method":"POST","url":"/api/v1/auth/forgot-password","status":"404","responseSize":"109","responseTime":"3667.709\n"}
[2024-10-04 11:13:42] INFO: {"method":"POST","url":"/api/v1/auth/forgot-password","status":"200","responseSize":"133","responseTime":"6795.553\n"}
[2024-10-04 11:14:22] INFO: {"method":"POST","url":"/api/v1/auth/forgot-password","status":"200","responseSize":"133","responseTime":"7136.974\n"}
[2024-10-04 11:15:55] INFO: {"method":"POST","url":"/api/v1/auth/forgot-password","status":"200","responseSize":"133","responseTime":"3994.641\n"}
[2024-10-04 11:17:57] INFO: {"method":"POST","url":"/api/v1/auth/forgot-password","status":"200","responseSize":"133","responseTime":"3981.257\n"}
[2024-10-04 11:19:55] INFO: {"method":"POST","url":"/api/v1/auth/forgot-password","status":"200","responseSize":"133","responseTime":"4598.757\n"}
[2024-10-04 11:22:49] INFO: {"method":"POST","url":"/api/v1/auth/forgot-password","status":"200","responseSize":"133","responseTime":"3796.646\n"}
[2024-10-04 11:24:31] INFO: {"method":"POST","url":"/api/v1/auth/forgot-password","status":"200","responseSize":"133","responseTime":"3841.210\n"}
[2024-10-04 11:25:44] INFO: {"method":"POST","url":"/api/v1/auth/forgot-password","status":"200","responseSize":"133","responseTime":"3772.577\n"}
[2024-10-04 11:26:47] INFO: {"method":"POST","url":"/api/v1/auth/forgot-password","status":"200","responseSize":"133","responseTime":"3586.922\n"}
[2024-10-04 11:27:42] INFO: {"method":"POST","url":"/api/v1/auth/forgot-password","status":"200","responseSize":"133","responseTime":"3838.481\n"}
[2024-10-04 11:28:20] INFO: {"method":"POST","url":"/api/v1/auth/forgot-password","status":"200","responseSize":"133","responseTime":"3614.211\n"}
[2024-10-04 11:31:17] INFO: {"method":"POST","url":"/api/v1/auth/forgot-password","status":"200","responseSize":"133","responseTime":"3838.631\n"}
[2024-10-04 11:31:58] INFO: {"method":"POST","url":"/api/v1/auth/forgot-password","status":"200","responseSize":"133","responseTime":"3996.461\n"}
[2024-10-04 11:32:53] INFO: {"method":"POST","url":"/api/v1/auth/forgot-password","status":"200","responseSize":"133","responseTime":"3813.286\n"}
[2024-10-04 11:34:00] INFO: {"method":"POST","url":"/api/v1/auth/forgot-password","status":"200","responseSize":"133","responseTime":"4028.985\n"}
[2024-10-04 11:34:48] WARN: {"method":"POST","url":"/api/v1/auth/reset-password/:token","status":"400","responseSize":"71","responseTime":"31.595\n"}
[2024-10-04 11:43:16] INFO: {"method":"POST","url":"/api/v1/auth/forgot-password","status":"200","responseSize":"133","responseTime":"3906.055\n"}
[2024-10-04 11:43:40] WARN: {"method":"POST","url":"/api/v1/auth/reset-password/:token","status":"400","responseSize":"71","responseTime":"29.336\n"}
[2024-10-04 11:44:19] WARN: {"method":"POST","url":"/api/v1/auth/reset-password/:token","status":"400","responseSize":"71","responseTime":"25.696\n"}
[2024-10-04 11:44:25] WARN: {"method":"POST","url":"/api/v1/auth/reset-password/:token","status":"400","responseSize":"71","responseTime":"14.768\n"}
[2024-10-04 11:45:14] WARN: {"method":"POST","url":"/api/v1/auth/reset-password/:token","status":"400","responseSize":"71","responseTime":"15.939\n"}
[2024-10-04 11:47:31] WARN: {"method":"POST","url":"/api/v1/auth/reset-password/:token","status":"400","responseSize":"71","responseTime":"38.883\n"}
[2024-10-04 11:49:08] WARN: {"method":"POST","url":"/api/v1/auth/reset-password/:token","status":"400","responseSize":"71","responseTime":"46.985\n"}
[2024-10-04 11:49:33] WARN: {"method":"POST","url":"/api/v1/auth/reset-password/:token","status":"400","responseSize":"71","responseTime":"36.580\n"}
[2024-10-04 11:49:51] WARN: {"method":"POST","url":"/api/v1/auth/reset-password/:token","status":"400","responseSize":"71","responseTime":"63.779\n"}
[2024-10-04 11:50:09] WARN: {"method":"POST","url":"/api/v1/auth/reset-password/:token","status":"400","responseSize":"71","responseTime":"22.447\n"}
[2024-10-04 11:54:21] WARN: {"method":"POST","url":"/api/v1/auth/reset-password/:token","status":"400","responseSize":"71","responseTime":"19.459\n"}
[2024-10-04 11:55:27] WARN: {"method":"POST","url":"/api/v1/auth/reset-password/e42a5b62a5175320a0084c635a308eb7","status":"400","responseSize":"71","responseTime":"25.177\n"}
[2024-10-04 11:56:03] WARN: {"method":"POST","url":"/api/v1/auth/reset-password/e42a5b62a5175320a0084c635a308eb7","status":"400","responseSize":"71","responseTime":"26.051\n"}
[2024-10-04 11:56:31] WARN: {"method":"POST","url":"/api/v1/auth/reset-password/e42a5b62a5175320a0084c635a308eb7","status":"400","responseSize":"71","responseTime":"19.712\n"}
[2024-10-04 11:57:57] WARN: {"method":"POST","url":"/api/v1/auth/reset-password/e42a5b62a5175320a0084c635a308eb7","status":"400","responseSize":"71","responseTime":"49.424\n"}
[2024-10-04 11:58:38] WARN: {"method":"POST","url":"/api/v1/auth/reset-password/e42a5b62a5175320a0084c635a308eb7","status":"400","responseSize":"71","responseTime":"43.746\n"}
[2024-10-04 12:01:24] INFO: {"method":"POST","url":"/api/v1/auth/forgot-password","status":"200","responseSize":"133","responseTime":"3735.456\n"}
[2024-10-04 12:01:54] WARN: {"method":"POST","url":"/api/v1/auth/reset-password/a62d4c4913e045a62ba82de5639a72c6","status":"400","responseSize":"71","responseTime":"30.054\n"}
[2024-10-04 12:04:34] WARN: {"method":"POST","url":"/api/v1/auth/reset-password/a62d4c4913e045a62ba82de5639a72c6","status":"400","responseSize":"71","responseTime":"29.453\n"}
[2024-10-04 12:05:01] WARN: {"method":"POST","url":"/api/v1/auth/reset-password/a62d4c4913e045a62ba82de5639a72c6","status":"400","responseSize":"71","responseTime":"21.800\n"}
[2024-10-04 12:05:14] WARN: {"method":"POST","url":"/api/v1/auth/reset-password/a62d4c4913e045a62ba82de5639a72c6","status":"400","responseSize":"71","responseTime":"22.556\n"}
[2024-10-04 12:07:46] WARN: {"method":"POST","url":"/api/v1/auth/reset-password/a62d4c4913e045a62ba82de5639a72c6","status":"400","responseSize":"71","responseTime":"38.818\n"}
[2024-10-04 12:09:28] WARN: {"method":"POST","url":"/api/v1/auth/reset-password/a62d4c4913e045a62ba82de5639a72c6","status":"400","responseSize":"71","responseTime":"31.053\n"}
[2024-10-04 12:11:10] INFO: {"method":"POST","url":"/api/v1/auth/forgot-password","status":"200","responseSize":"133","responseTime":"3736.218\n"}
[2024-10-04 12:11:36] WARN: {"method":"POST","url":"/api/v1/auth/reset-password/8a50dffea3f7965cfdce567f17f2ab3b","status":"400","responseSize":"71","responseTime":"26.040\n"}
[2024-10-04 12:15:23] WARN: {"method":"POST","url":"/api/v1/auth/reset-password/8a50dffea3f7965cfdce567f17f2ab3b","status":"400","responseSize":"71","responseTime":"26.092\n"}
[2024-10-04 12:15:56] WARN: {"method":"POST","url":"/api/v1/auth/reset-password/8a50dffea3f7965cfdce567f17f2ab3b","status":"400","responseSize":"71","responseTime":"26.381\n"}
