[2024-10-08 09:37:32] INFO: {"method":"POST","url":"/api/v1/users/signup","status":"201","responseSize":"305","responseTime":"46.679\n"}
[2024-10-08 09:54:22] INFO: {"method":"POST","url":"/api/v1/users/signup","status":"201","responseSize":"295","responseTime":"164.013\n"}
[2024-10-08 10:03:21] INFO: {"method":"POST","url":"/api/v1/users/signup","status":"201","responseSize":"296","responseTime":"90.637\n"}
[2024-10-08 10:06:58] INFO: {"method":"POST","url":"/api/v1/users/signup","status":"201","responseSize":"296","responseTime":"101.488\n"}
[2024-10-08 10:24:00] INFO: {"method":"POST","url":"/api/v1/users/signup","status":"201","responseSize":"296","responseTime":"96.624\n"}
[2024-10-08 10:24:53] INFO: {"method":"POST","url":"/api/v1/users/signup","status":"201","responseSize":"296","responseTime":"99.763\n"}
[2024-10-08 10:26:44] INFO: {"method":"POST","url":"/api/v1/users/signup","status":"201","responseSize":"297","responseTime":"107.834\n"}
[2024-10-08 10:30:56] INFO: {"method":"POST","url":"/api/v1/users/signup","status":"201","responseSize":"295","responseTime":"104.977\n"}
[2024-10-08 10:34:46] INFO: {"method":"POST","url":"/api/v1/users/signup","status":"201","responseSize":"296","responseTime":"106.945\n"}
[2024-10-08 10:37:35] INFO: {"method":"POST","url":"/api/v1/users/signup","status":"201","responseSize":"287","responseTime":"125.179\n"}
[2024-10-08 10:41:01] INFO: {"method":"POST","url":"/api/v1/users/signup","status":"201","responseSize":"288","responseTime":"97.778\n"}
[2024-10-08 10:42:42] INFO: {"method":"POST","url":"/api/v1/users/signup","status":"201","responseSize":"287","responseTime":"105.082\n"}
[2024-10-08 10:43:22] INFO: {"method":"POST","url":"/api/v1/users/signup","status":"201","responseSize":"287","responseTime":"126.631\n"}
[2024-10-08 11:01:16] INFO: {"method":"POST","url":"/api/v1/users/signup","status":"201","responseSize":"295","responseTime":"132.642\n"}
[2024-10-08 11:01:43] INFO: {"method":"POST","url":"/api/v1/auth/login","status":"200","responseSize":"682","responseTime":"86.491\n"}
[2024-10-08 11:02:06] INFO: {"method":"POST","url":"/api/v1/auth/login","status":"200","responseSize":"682","responseTime":"109.301\n"}
[2024-10-08 11:04:24] INFO: {"method":"POST","url":"/api/v1/auth/login","status":"200","responseSize":"682","responseTime":"133.685\n"}
[2024-10-08 11:07:08] INFO: {"method":"POST","url":"/api/v1/auth/login","status":"200","responseSize":"682","responseTime":"89.316\n"}
[2024-10-08 11:08:26] INFO: {"method":"POST","url":"/api/v1/auth/login","status":"200","responseSize":"682","responseTime":"85.169\n"}
[2024-10-08 11:09:08] INFO: {"method":"POST","url":"/api/v1/auth/login","status":"200","responseSize":"682","responseTime":"160.703\n"}
[2024-10-08 11:47:32] ERROR: {"method":"POST","url":"/api/v1/users/signup","status":"400","responseSize":"679","responseTime":"7.927\n"}
[2024-10-08 11:47:38] INFO: {"method":"POST","url":"/api/v1/users/signup","status":"201","responseSize":"298","responseTime":"89.360\n"}
[2024-10-08 11:47:55] INFO: {"method":"POST","url":"/api/v1/auth/login","status":"200","responseSize":"685","responseTime":"82.312\n"}
[2024-10-08 11:56:54] INFO: {"method":"POST","url":"/api/v1/auth/login","status":"200","responseSize":"682","responseTime":"123.326\n"}
[2024-10-08 11:57:34] INFO: {"method":"POST","url":"/api/v1/auth/login","status":"200","responseSize":"682","responseTime":"116.250\n"}
[2024-10-08 11:58:17] INFO: {"method":"POST","url":"/api/v1/auth/login","status":"200","responseSize":"682","responseTime":"191.145\n"}
[2024-10-08 11:59:54] INFO: {"method":"POST","url":"/api/v1/auth/login","status":"200","responseSize":"682","responseTime":"109.211\n"}
[2024-10-08 12:03:37] INFO: {"method":"POST","url":"/api/v1/auth/login","status":"200","responseSize":"682","responseTime":"141.995\n"}
[2024-10-08 12:12:27] INFO: {"method":"POST","url":"/api/v1/auth/login","status":"200","responseSize":"682","responseTime":"97.994\n"}
[2024-10-08 12:13:13] ERROR: {"method":"POST","url":"/api/v1/auth/change-password","status":"400","responseSize":"493","responseTime":"81.600\n"}
[2024-10-08 12:13:38] INFO: {"method":"POST","url":"/api/v1/auth/login","status":"200","responseSize":"682","responseTime":"129.103\n"}
[2024-10-08 12:13:49] INFO: {"method":"POST","url":"/api/v1/auth/login","status":"200","responseSize":"682","responseTime":"110.280\n"}
[2024-10-08 12:14:16] ERROR: {"method":"POST","url":"/api/v1/auth/change-password","status":"400","responseSize":"493","responseTime":"80.854\n"}
[2024-10-08 12:15:52] ERROR: {"method":"POST","url":"/api/v1/auth/change-password","status":"400","responseSize":"467","responseTime":"96.832\n"}
[2024-10-08 12:16:19] INFO: {"method":"POST","url":"/api/v1/auth/login","status":"200","responseSize":"682","responseTime":"123.068\n"}
[2024-10-08 12:16:45] ERROR: {"method":"POST","url":"/api/v1/auth/change-password","status":"400","responseSize":"467","responseTime":"150.385\n"}
[2024-10-08 12:17:34] INFO: {"method":"POST","url":"/api/v1/auth/login","status":"200","responseSize":"682","responseTime":"103.269\n"}
[2024-10-08 12:17:35] INFO: {"method":"POST","url":"/api/v1/auth/login","status":"200","responseSize":"682","responseTime":"148.135\n"}
[2024-10-08 12:18:01] ERROR: {"method":"POST","url":"/api/v1/auth/change-password","status":"400","responseSize":"467","responseTime":"128.415\n"}
[2024-10-08 12:30:46] ERROR: {"method":"POST","url":"/api/v1/auth/change-password","status":"400","responseSize":"43","responseTime":"1.295\n"}
[2024-10-08 12:31:19] INFO: {"method":"POST","url":"/api/v1/auth/login","status":"200","responseSize":"682","responseTime":"135.870\n"}
[2024-10-08 12:31:41] ERROR: {"method":"POST","url":"/api/v1/auth/change-password","status":"400","responseSize":"467","responseTime":"83.426\n"}
[2024-10-08 12:42:32] INFO: {"method":"POST","url":"/api/v1/auth/login","status":"200","responseSize":"682","responseTime":"156.891\n"}
[2024-10-08 12:42:49] ERROR: {"method":"POST","url":"/api/v1/auth/change-password","status":"400","responseSize":"467","responseTime":"83.876\n"}
[2024-10-08 12:43:01] ERROR: {"method":"POST","url":"/api/v1/auth/change-password","status":"400","responseSize":"493","responseTime":"111.588\n"}
[2024-10-08 12:46:20] INFO: {"method":"POST","url":"/api/v1/auth/login","status":"200","responseSize":"682","responseTime":"157.936\n"}
[2024-10-08 02:45:38] INFO: {"method":"POST","url":"/api/v1/auth/login","status":"200","responseSize":"681","responseTime":"148.677\n"}
[2024-10-08 03:11:16] ERROR: {"method":"POST","url":"/api/v1/auth/reset-password/ytiyuiyuukujm","status":"400","responseSize":"543","responseTime":"26.074\n"}
[2024-10-08 03:12:30] INFO: {"method":"POST","url":"/api/v1/auth/login","status":"200","responseSize":"681","responseTime":"116.842\n"}
[2024-10-08 03:13:58] INFO: {"method":"POST","url":"/api/v1/auth/login","status":"200","responseSize":"681","responseTime":"117.939\n"}
