[2024-10-15 01:54:47] ERROR: {"method":"POST","url":"/api/v1/auth/send-otp","status":"404","responseSize":"1324","responseTime":"68.466\n"}
[2024-10-15 01:55:21] INFO: {"method":"POST","url":"/api/v1/auth/send-OTP","status":"200","responseSize":"119","responseTime":"397.377\n"}
[2024-10-15 01:56:49] INFO: {"method":"POST","url":"/api/v1/auth/send-OTP","status":"200","responseSize":"119","responseTime":"657.546\n"}
[2024-10-15 01:57:00] INFO: {"method":"POST","url":"/api/v1/auth/send-OTP","status":"200","responseSize":"119","responseTime":"98.870\n"}
[2024-10-15 01:58:05] INFO: {"method":"POST","url":"/api/v1/auth/send-OTP","status":"200","responseSize":"119","responseTime":"318.845\n"}
[2024-10-15 02:03:06] INFO: {"method":"POST","url":"/api/v1/auth/send-OTP","status":"200","responseSize":"119","responseTime":"614.838\n"}
[2024-10-15 02:08:08] INFO: {"method":"POST","url":"/api/v1/auth/send-OTP","status":"200","responseSize":"119","responseTime":"340.350\n"}
[2024-10-15 02:09:25] INFO: {"method":"POST","url":"/api/v1/auth/send-OTP","status":"200","responseSize":"119","responseTime":"1151.455\n"}
[2024-10-15 02:09:55] INFO: {"method":"POST","url":"/api/v1/auth/send-OTP","status":"200","responseSize":"119","responseTime":"970.566\n"}
[2024-10-15 02:10:24] INFO: {"method":"POST","url":"/api/v1/auth/send-OTP","status":"200","responseSize":"119","responseTime":"817.106\n"}
[2024-10-15 02:10:53] INFO: {"method":"POST","url":"/api/v1/auth/send-OTP","status":"200","responseSize":"119","responseTime":"821.010\n"}
[2024-10-15 02:11:36] INFO: {"method":"POST","url":"/api/v1/auth/send-OTP","status":"200","responseSize":"119","responseTime":"203.614\n"}
[2024-10-15 02:13:22] INFO: {"method":"POST","url":"/api/v1/auth/send-OTP","status":"200","responseSize":"119","responseTime":"285.241\n"}
[2024-10-15 03:05:38] INFO: {"method":"POST","url":"/api/v1/users/signup","status":"201","responseSize":"373","responseTime":"1377.382\n"}
[2024-10-15 03:07:41] INFO: {"method":"GET","url":"/api/v1/auth/logout","status":"200","responseSize":"91","responseTime":"123.024\n"}
[2024-10-15 03:08:32] ERROR: {"method":"POST","url":"/api/v1/auth/send-OTP","status":"401","responseSize":"531","responseTime":"165.740\n"}
[2024-10-15 03:09:04] INFO: {"method":"POST","url":"/api/v1/auth/send-OTP","status":"200","responseSize":"119","responseTime":"708.763\n"}
[2024-10-15 03:15:35] ERROR: {"method":"GET","url":"/api/v1/auth/login-via-OTP","status":"404","responseSize":"1344","responseTime":"111.224\n"}
[2024-10-15 03:15:59] ERROR: {"method":"POST","url":"/api/v1/auth/login-via-OTP","status":"404","responseSize":"567","responseTime":"225.240\n"}
[2024-10-15 03:16:27] ERROR: {"method":"POST","url":"/api/v1/auth/login-via-OTP","status":"404","responseSize":"567","responseTime":"159.966\n"}
[2024-10-15 03:16:39] WARN: {"method":"POST","url":"/api/v1/auth/login-via-OTP","status":"500","responseSize":"1414","responseTime":"140.482\n"}
[2024-10-15 03:18:02] INFO: {"method":"POST","url":"/api/v1/auth/login-via-OTP","status":"200","responseSize":"786","responseTime":"74.418\n"}
[2024-10-15 03:19:15] INFO: {"method":"POST","url":"/api/v1/auth/send-OTP","status":"200","responseSize":"119","responseTime":"589.158\n"}
[2024-10-15 03:19:46] INFO: {"method":"POST","url":"/api/v1/auth/login-via-OTP","status":"200","responseSize":"579","responseTime":"197.682\n"}
[2024-10-15 03:21:34] INFO: {"method":"POST","url":"/api/v1/auth/login-via-OTP","status":"200","responseSize":"579","responseTime":"542.370\n"}
[2024-10-15 03:22:21] INFO: {"method":"POST","url":"/api/v1/auth/login-via-OTP","status":"200","responseSize":"579","responseTime":"317.830\n"}
[2024-10-15 03:22:55] ERROR: {"method":"POST","url":"/api/v1/auth/login-via-OTP","status":"401","responseSize":"501","responseTime":"274.406\n"}
[2024-10-15 03:23:28] INFO: {"method":"POST","url":"/api/v1/auth/login-via-OTP","status":"200","responseSize":"579","responseTime":"250.136\n"}
[2024-10-15 03:25:15] INFO: {"method":"POST","url":"/api/v1/auth/login-via-OTP","status":"200","responseSize":"553","responseTime":"208.171\n"}
[2024-10-15 09:57:24] ERROR: {"method":"GET","url":"/api/v1/users/get-user","status":"400","responseSize":"56","responseTime":"20.151\n"}
[2024-10-15 09:57:27] ERROR: {"method":"GET","url":"/api/v1/users/get-user","status":"400","responseSize":"56","responseTime":"2.040\n"}
[2024-10-15 09:58:17] ERROR: {"method":"GET","url":"/api/v1/users/get-user","status":"400","responseSize":"56","responseTime":"0.378\n"}
[2024-10-15 10:09:33] ERROR: {"method":"GET","url":"/api/v1/users/get-user","status":"400","responseSize":"56","responseTime":"0.445\n"}
[2024-10-15 10:09:38] ERROR: {"method":"GET","url":"/api/v1/users/get-user","status":"400","responseSize":"56","responseTime":"0.262\n"}
[2024-10-15 10:14:06] ERROR: {"method":"GET","url":"/api/v1/users/get-user","status":"400","responseSize":"56","responseTime":"0.668\n"}
[2024-10-15 10:18:21] INFO: {"method":"GET","url":"/api/v1/auth/get-public-key-pem","status":"200","responseSize":"600","responseTime":"2.037\n"}
[2024-10-15 10:18:21] WARN: {"method":"POST","url":"/api/v1/users/signup","status":"500","responseSize":"116","responseTime":"98.236\n"}
[2024-10-15 10:28:52] INFO: {"method":"GET","url":"/api/v1/auth/get-public-key-pem","status":"200","responseSize":"600","responseTime":"38.373\n"}
[2024-10-15 10:28:52] WARN: {"method":"POST","url":"/api/v1/users/signup","status":"500","responseSize":"113","responseTime":"104.915\n"}
[2024-10-15 11:04:24] ERROR: {"method":"GET","url":"/api/v1/users/get-user","status":"400","responseSize":"56","responseTime":"0.668\n"}
[2024-10-15 11:07:45] ERROR: {"method":"GET","url":"/api/v1/users/get-user","status":"400","responseSize":"56","responseTime":"0.475\n"}
[2024-10-15 11:10:05] INFO: {"method":"GET","url":"/api/v1/auth/get-public-key-pem","status":"200","responseSize":"600","responseTime":"2.723\n"}
[2024-10-15 11:10:06] WARN: {"method":"POST","url":"/api/v1/users/signup","status":"500","responseSize":"113","responseTime":"63.254\n"}
[2024-10-15 11:11:34] INFO: {"method":"GET","url":"/api/v1/auth/get-public-key-pem","status":"200","responseSize":"600","responseTime":"2.160\n"}
[2024-10-15 11:11:35] INFO: {"method":"POST","url":"/api/v1/users/signup","status":"201","responseSize":"384","responseTime":"165.303\n"}
[2024-10-15 11:13:21] ERROR: {"method":"GET","url":"/api/v1/auth/logout","status":"400","responseSize":"80","responseTime":"31.599\n"}
[2024-10-15 11:13:34] ERROR: {"method":"GET","url":"/api/v1/users/get-user","status":"400","responseSize":"56","responseTime":"1.045\n"}
[2024-10-15 11:13:34] ERROR: {"method":"GET","url":"/api/v1/users/get-user","status":"400","responseSize":"56","responseTime":"3.618\n"}
[2024-10-15 11:13:36] ERROR: {"method":"GET","url":"/api/v1/users/get-user","status":"400","responseSize":"56","responseTime":"0.429\n"}
[2024-10-15 11:14:18] INFO: {"method":"GET","url":"/api/v1/auth/get-public-key-pem","status":"200","responseSize":"600","responseTime":"4.849\n"}
[2024-10-15 11:14:18] INFO: {"method":"POST","url":"/api/v1/users/signup","status":"201","responseSize":"370","responseTime":"239.169\n"}
[2024-10-15 11:17:41] INFO: {"method":"GET","url":"/api/v1/users/get-user","status":"200","responseSize":"506","responseTime":"21.372\n"}
[2024-10-15 11:17:43] INFO: {"method":"GET","url":"/api/v1/auth/logout","status":"200","responseSize":"92","responseTime":"12.806\n"}
[2024-10-15 11:17:43] ERROR: {"method":"GET","url":"/api/v1/users/get-user","status":"400","responseSize":"56","responseTime":"3.850\n"}
[2024-10-15 11:17:45] ERROR: {"method":"GET","url":"/api/v1/users/get-user","status":"400","responseSize":"56","responseTime":"1.723\n"}
[2024-10-15 11:19:04] INFO: {"method":"GET","url":"/api/v1/auth/get-public-key-pem","status":"200","responseSize":"600","responseTime":"4.542\n"}
[2024-10-15 11:19:04] INFO: {"method":"POST","url":"/api/v1/users/signup","status":"201","responseSize":"340","responseTime":"148.212\n"}
[2024-10-15 11:19:29] INFO: {"method":"GET","url":"/api/v1/auth/logout","status":"200","responseSize":"92","responseTime":"99.288\n"}
[2024-10-15 11:19:29] ERROR: {"method":"GET","url":"/api/v1/users/get-user","status":"400","responseSize":"56","responseTime":"0.575\n"}
[2024-10-15 11:19:36] INFO: {"method":"GET","url":"/api/v1/auth/get-public-key-pem","status":"200","responseSize":"600","responseTime":"0.313\n"}
[2024-10-15 11:19:36] WARN: {"method":"POST","url":"/api/v1/auth/login","status":"500","responseSize":"126","responseTime":"3.066\n"}
[2024-10-15 11:22:08] INFO: {"method":"GET","url":"/api/v1/auth/get-public-key-pem","status":"200","responseSize":"600","responseTime":"0.525\n"}
[2024-10-15 11:22:08] WARN: {"method":"POST","url":"/api/v1/auth/login","status":"500","responseSize":"126","responseTime":"1.198\n"}
[2024-10-15 11:23:01] ERROR: {"method":"GET","url":"/api/v1/users/get-user","status":"400","responseSize":"56","responseTime":"0.332\n"}
[2024-10-15 11:23:42] INFO: {"method":"GET","url":"/api/v1/auth/get-public-key-pem","status":"200","responseSize":"600","responseTime":"1.347\n"}
[2024-10-15 11:23:42] WARN: {"method":"POST","url":"/api/v1/auth/login","status":"500","responseSize":"126","responseTime":"0.747\n"}
[2024-10-15 11:24:38] ERROR: {"method":"GET","url":"/api/v1/users/get-user","status":"400","responseSize":"56","responseTime":"0.360\n"}
[2024-10-15 11:24:46] INFO: {"method":"GET","url":"/api/v1/auth/get-public-key-pem","status":"200","responseSize":"600","responseTime":"0.588\n"}
[2024-10-15 11:24:46] WARN: {"method":"POST","url":"/api/v1/auth/login","status":"500","responseSize":"126","responseTime":"0.779\n"}
[2024-10-15 11:25:45] ERROR: {"method":"GET","url":"/api/v1/users/get-user","status":"400","responseSize":"56","responseTime":"0.404\n"}
[2024-10-15 11:26:10] INFO: {"method":"GET","url":"/api/v1/auth/get-public-key-pem","status":"200","responseSize":"600","responseTime":"48.979\n"}
[2024-10-15 11:26:10] WARN: {"method":"POST","url":"/api/v1/auth/login","status":"500","responseSize":"126","responseTime":"1.319\n"}
[2024-10-15 11:26:44] INFO: {"method":"GET","url":"/api/v1/auth/get-public-key-pem","status":"200","responseSize":"600","responseTime":"44.200\n"}
[2024-10-15 11:26:44] WARN: {"method":"POST","url":"/api/v1/auth/login","status":"500","responseSize":"126","responseTime":"1.775\n"}
[2024-10-15 11:27:15] INFO: {"method":"GET","url":"/api/v1/auth/get-public-key-pem","status":"200","responseSize":"600","responseTime":"27.814\n"}
[2024-10-15 11:27:15] WARN: {"method":"POST","url":"/api/v1/auth/login","status":"500","responseSize":"126","responseTime":"4.441\n"}
[2024-10-15 11:28:09] INFO: {"method":"GET","url":"/api/v1/auth/get-public-key-pem","status":"200","responseSize":"600","responseTime":"34.652\n"}
[2024-10-15 11:28:10] INFO: {"method":"POST","url":"/api/v1/auth/login","status":"200","responseSize":"520","responseTime":"164.741\n"}
[2024-10-15 11:28:43] INFO: {"method":"GET","url":"/api/v1/users/get-user","status":"200","responseSize":"476","responseTime":"68.305\n"}
[2024-10-15 11:29:07] INFO: {"method":"GET","url":"/api/v1/users/get-user","status":"200","responseSize":"476","responseTime":"22.125\n"}
[2024-10-15 11:29:11] INFO: {"method":"GET","url":"/api/v1/auth/logout","status":"200","responseSize":"92","responseTime":"14.047\n"}
[2024-10-15 11:29:11] ERROR: {"method":"GET","url":"/api/v1/users/get-user","status":"400","responseSize":"56","responseTime":"2.301\n"}
[2024-10-15 11:29:36] ERROR: {"method":"GET","url":"/api/v1/users/get-user","status":"400","responseSize":"56","responseTime":"0.954\n"}
[2024-10-15 11:30:36] ERROR: {"method":"GET","url":"/api/v1/users/get-user","status":"400","responseSize":"56","responseTime":"1.294\n"}
[2024-10-15 11:30:41] INFO: {"method":"GET","url":"/api/v1/auth/get-public-key-pem","status":"200","responseSize":"600","responseTime":"4.781\n"}
[2024-10-15 11:30:42] INFO: {"method":"POST","url":"/api/v1/auth/login","status":"200","responseSize":"550","responseTime":"176.534\n"}
[2024-10-15 11:31:39] INFO: {"method":"GET","url":"/api/v1/auth/logout","status":"200","responseSize":"92","responseTime":"53.163\n"}
[2024-10-15 11:31:39] ERROR: {"method":"GET","url":"/api/v1/users/get-user","status":"400","responseSize":"56","responseTime":"0.380\n"}
[2024-10-15 11:31:41] ERROR: {"method":"GET","url":"/api/v1/users/get-user","status":"400","responseSize":"56","responseTime":"1.986\n"}
[2024-10-15 11:31:50] ERROR: {"method":"GET","url":"/api/v1/users/get-user","status":"400","responseSize":"56","responseTime":"1.837\n"}
[2024-10-15 11:35:59] ERROR: {"method":"GET","url":"/api/v1/users/get-user","status":"400","responseSize":"56","responseTime":"0.994\n"}
[2024-10-15 11:36:01] ERROR: {"method":"GET","url":"/api/v1/users/get-user","status":"400","responseSize":"56","responseTime":"0.626\n"}
[2024-10-15 11:36:26] WARN: {"method":"POST","url":"/api/v1/auth/forgot-password","status":"500","responseSize":"128","responseTime":"16.431\n"}
[2024-10-15 11:37:54] WARN: {"method":"POST","url":"/api/v1/auth/forgot-password","status":"500","responseSize":"128","responseTime":"41.638\n"}
[2024-10-15 11:44:08] ERROR: {"method":"GET","url":"/api/v1/users/get-user","status":"400","responseSize":"56","responseTime":"3.279\n"}
[2024-10-15 11:44:16] INFO: {"method":"GET","url":"/api/v1/auth/get-public-key-pem","status":"200","responseSize":"600","responseTime":"8.156\n"}
[2024-10-15 11:44:16] INFO: {"method":"POST","url":"/api/v1/auth/login","status":"200","responseSize":"550","responseTime":"178.741\n"}
[2024-10-15 11:44:32] ERROR: {"method":"GET","url":"/api/v1/auth/logout","status":"400","responseSize":"56","responseTime":"1.886\n"}
[2024-10-15 11:44:58] ERROR: {"method":"GET","url":"/api/v1/users/get-user","status":"400","responseSize":"56","responseTime":"0.710\n"}
[2024-10-15 11:44:58] ERROR: {"method":"GET","url":"/api/v1/users/get-user","status":"400","responseSize":"56","responseTime":"0.414\n"}
[2024-10-15 11:58:40] INFO: {"method":"GET","url":"/api/v1/auth/get-public-key-pem","status":"200","responseSize":"600","responseTime":"35.196\n"}
[2024-10-15 11:58:40] INFO: {"method":"POST","url":"/api/v1/auth/login","status":"200","responseSize":"550","responseTime":"202.825\n"}
[2024-10-15 11:59:33] ERROR: {"method":"GET","url":"/api/v1/auth/logout","status":"400","responseSize":"56","responseTime":"2.691\n"}
[2024-10-15 11:59:35] ERROR: {"method":"GET","url":"/api/v1/users/get-user","status":"400","responseSize":"56","responseTime":"0.782\n"}
[2024-10-15 11:59:35] ERROR: {"method":"GET","url":"/api/v1/users/get-user","status":"400","responseSize":"56","responseTime":"0.564\n"}
[2024-10-15 11:59:38] ERROR: {"method":"GET","url":"/api/v1/users/get-user","status":"400","responseSize":"56","responseTime":"1.569\n"}
[2024-10-15 12:00:42] ERROR: {"method":"GET","url":"/api/v1/users/get-user","status":"400","responseSize":"56","responseTime":"0.352\n"}
[2024-10-15 12:01:03] ERROR: {"method":"GET","url":"/api/v1/users/get-user","status":"400","responseSize":"56","responseTime":"0.368\n"}
[2024-10-15 12:01:04] ERROR: {"method":"GET","url":"/api/v1/users/get-user","status":"400","responseSize":"56","responseTime":"2.401\n"}
[2024-10-15 12:01:58] WARN: {"method":"POST","url":"/api/v1/auth/forgot-password","status":"500","responseSize":"128","responseTime":"13.752\n"}
[2024-10-15 12:02:47] ERROR: {"method":"GET","url":"/api/v1/users/get-user","status":"400","responseSize":"56","responseTime":"0.311\n"}
[2024-10-15 12:03:16] WARN: {"method":"POST","url":"/api/v1/auth/forgot-password","status":"500","responseSize":"128","responseTime":"15.946\n"}
[2024-10-15 12:06:18] ERROR: {"method":"GET","url":"/api/v1/users/get-user","status":"400","responseSize":"56","responseTime":"22.528\n"}
[2024-10-15 12:06:33] INFO: {"method":"GET","url":"/api/v1/auth/get-public-key-pem","status":"200","responseSize":"600","responseTime":"3.203\n"}
[2024-10-15 12:06:33] INFO: {"method":"POST","url":"/api/v1/auth/login","status":"200","responseSize":"550","responseTime":"181.332\n"}
[2024-10-15 12:06:42] INFO: {"method":"GET","url":"/api/v1/auth/logout","status":"200","responseSize":"92","responseTime":"2.323\n"}
[2024-10-15 12:06:42] ERROR: {"method":"GET","url":"/api/v1/users/get-user","status":"400","responseSize":"56","responseTime":"4.133\n"}
[2024-10-15 12:07:44] ERROR: {"method":"GET","url":"/api/v1/users/get-user","status":"400","responseSize":"56","responseTime":"0.552\n"}
[2024-10-15 12:07:45] ERROR: {"method":"GET","url":"/api/v1/users/get-user","status":"400","responseSize":"56","responseTime":"0.909\n"}
[2024-10-15 12:08:08] ERROR: {"method":"POST","url":"/api/v1/auth/forgot-password","status":"404","responseSize":"108","responseTime":"19.497\n"}
[2024-10-15 12:08:14] ERROR: {"method":"GET","url":"/api/v1/users/get-user","status":"400","responseSize":"56","responseTime":"1.719\n"}
[2024-10-15 12:08:19] ERROR: {"method":"GET","url":"/api/v1/users/get-user","status":"400","responseSize":"56","responseTime":"0.684\n"}
[2024-10-15 12:08:29] ERROR: {"method":"GET","url":"/api/v1/users/get-user","status":"400","responseSize":"56","responseTime":"1.056\n"}
[2024-10-15 12:08:31] ERROR: {"method":"GET","url":"/api/v1/users/get-user","status":"400","responseSize":"56","responseTime":"0.790\n"}
[2024-10-15 12:08:33] ERROR: {"method":"GET","url":"/api/v1/users/get-user","status":"400","responseSize":"56","responseTime":"1.571\n"}
[2024-10-15 12:08:43] ERROR: {"method":"GET","url":"/api/v1/users/get-user","status":"400","responseSize":"56","responseTime":"0.436\n"}
[2024-10-15 12:09:04] INFO: {"method":"POST","url":"/api/v1/auth/forgot-password","status":"200","responseSize":"132","responseTime":"109.626\n"}
[2024-10-15 12:09:10] INFO: {"method":"POST","url":"/api/v1/auth/forgot-password","status":"200","responseSize":"132","responseTime":"85.268\n"}
[2024-10-15 12:09:14] INFO: {"method":"POST","url":"/api/v1/auth/forgot-password","status":"200","responseSize":"132","responseTime":"132.142\n"}
[2024-10-15 12:09:18] INFO: {"method":"POST","url":"/api/v1/auth/forgot-password","status":"200","responseSize":"132","responseTime":"161.414\n"}
[2024-10-15 12:35:42] ERROR: {"method":"GET","url":"/api/v1/users/get-user","status":"400","responseSize":"56","responseTime":"0.410\n"}
[2024-10-15 12:36:28] ERROR: {"method":"GET","url":"/api/v1/users/get-user","status":"400","responseSize":"56","responseTime":"0.760\n"}
[2024-10-15 12:36:35] ERROR: {"method":"GET","url":"/api/v1/users/get-user","status":"400","responseSize":"56","responseTime":"0.269\n"}
[2024-10-15 12:37:08] ERROR: {"method":"GET","url":"/api/v1/users/get-user","status":"400","responseSize":"56","responseTime":"14.952\n"}
[2024-10-15 12:37:13] ERROR: {"method":"GET","url":"/api/v1/users/get-user","status":"400","responseSize":"56","responseTime":"0.346\n"}
[2024-10-15 12:37:16] ERROR: {"method":"GET","url":"/api/v1/users/get-user","status":"400","responseSize":"56","responseTime":"0.464\n"}
[2024-10-15 12:37:22] ERROR: {"method":"GET","url":"/api/v1/users/get-user","status":"400","responseSize":"56","responseTime":"0.278\n"}
[2024-10-15 12:39:44] ERROR: {"method":"GET","url":"/api/v1/users/get-user","status":"400","responseSize":"56","responseTime":"0.265\n"}
[2024-10-15 12:39:47] ERROR: {"method":"GET","url":"/api/v1/users/get-user","status":"400","responseSize":"56","responseTime":"1.257\n"}
[2024-10-15 12:39:54] ERROR: {"method":"GET","url":"/api/v1/users/get-user","status":"400","responseSize":"56","responseTime":"0.340\n"}
[2024-10-15 12:42:19] ERROR: {"method":"GET","url":"/api/v1/users/get-user","status":"400","responseSize":"56","responseTime":"0.683\n"}
[2024-10-15 12:42:24] ERROR: {"method":"GET","url":"/api/v1/users/get-user","status":"400","responseSize":"56","responseTime":"0.293\n"}
[2024-10-15 12:42:28] ERROR: {"method":"GET","url":"/api/v1/users/get-user","status":"400","responseSize":"56","responseTime":"0.784\n"}
[2024-10-15 12:43:13] ERROR: {"method":"GET","url":"/api/v1/users/get-user","status":"400","responseSize":"56","responseTime":"0.256\n"}
[2024-10-15 12:43:33] INFO: {"method":"POST","url":"/api/v1/auth/forgot-password","status":"200","responseSize":"132","responseTime":"177.739\n"}
[2024-10-15 12:44:09] ERROR: {"method":"GET","url":"/api/v1/users/get-user","status":"400","responseSize":"56","responseTime":"0.321\n"}
[2024-10-15 12:45:07] ERROR: {"method":"GET","url":"/api/v1/users/get-user","status":"400","responseSize":"56","responseTime":"0.332\n"}
[2024-10-15 12:45:29] INFO: {"method":"GET","url":"/api/v1/auth/get-public-key-pem","status":"200","responseSize":"600","responseTime":"0.329\n"}
[2024-10-15 12:45:59] INFO: {"method":"GET","url":"/api/v1/auth/get-public-key-pem","status":"200","responseSize":"600","responseTime":"0.335\n"}
[2024-10-15 12:46:04] INFO: {"method":"GET","url":"/api/v1/auth/get-public-key-pem","status":"200","responseSize":"600","responseTime":"0.384\n"}
[2024-10-15 12:46:43] ERROR: {"method":"GET","url":"/api/v1/users/get-user","status":"400","responseSize":"56","responseTime":"0.314\n"}
[2024-10-15 12:46:44] ERROR: {"method":"GET","url":"/api/v1/users/get-user","status":"400","responseSize":"56","responseTime":"0.340\n"}
[2024-10-15 12:47:02] INFO: {"method":"GET","url":"/api/v1/auth/get-public-key-pem","status":"200","responseSize":"600","responseTime":"0.767\n"}
[2024-10-15 12:49:52] ERROR: {"method":"GET","url":"/api/v1/users/get-user","status":"400","responseSize":"56","responseTime":"0.258\n"}
[2024-10-15 12:49:53] ERROR: {"method":"GET","url":"/api/v1/users/get-user","status":"400","responseSize":"56","responseTime":"0.419\n"}
[2024-10-15 12:51:05] INFO: {"method":"POST","url":"/api/v1/auth/forgot-password","status":"200","responseSize":"132","responseTime":"161.242\n"}
[2024-10-15 12:51:21] ERROR: {"method":"GET","url":"/api/v1/users/get-user","status":"400","responseSize":"56","responseTime":"0.285\n"}
[2024-10-15 12:52:27] INFO: {"method":"POST","url":"/api/v1/auth/forgot-password","status":"200","responseSize":"132","responseTime":"95.332\n"}
[2024-10-15 12:53:06] ERROR: {"method":"GET","url":"/api/v1/users/get-user","status":"400","responseSize":"56","responseTime":"0.311\n"}
[2024-10-15 12:55:53] ERROR: {"method":"GET","url":"/api/v1/users/get-user","status":"400","responseSize":"56","responseTime":"0.290\n"}
[2024-10-15 12:56:05] INFO: {"method":"GET","url":"/api/v1/auth/get-public-key-pem","status":"200","responseSize":"600","responseTime":"1.224\n"}
[2024-10-15 12:56:05] WARN: {"method":"POST","url":"/api/v1/auth/reset-password/undefined","status":"500","responseSize":"103","responseTime":"61.463\n"}
[2024-10-15 12:57:35] INFO: {"method":"GET","url":"/api/v1/auth/get-public-key-pem","status":"200","responseSize":"600","responseTime":"1.836\n"}
[2024-10-15 12:57:35] WARN: {"method":"POST","url":"/api/v1/auth/reset-password/undefined","status":"500","responseSize":"103","responseTime":"42.769\n"}
[2024-10-15 01:01:02] INFO: {"method":"GET","url":"/api/v1/auth/get-public-key-pem","status":"200","responseSize":"599","responseTime":"35.227\n"}
[2024-10-15 01:01:02] ERROR: {"method":"POST","url":"/api/v1/auth/reset-password/undefined","status":"401","responseSize":"105","responseTime":"102.828\n"}
[2024-10-15 01:01:23] ERROR: {"method":"GET","url":"/api/v1/users/get-user","status":"400","responseSize":"56","responseTime":"0.726\n"}
[2024-10-15 01:01:39] INFO: {"method":"POST","url":"/api/v1/auth/forgot-password","status":"200","responseSize":"131","responseTime":"113.055\n"}
[2024-10-15 01:01:48] ERROR: {"method":"GET","url":"/api/v1/users/get-user","status":"400","responseSize":"56","responseTime":"0.564\n"}
[2024-10-15 01:01:57] INFO: {"method":"GET","url":"/api/v1/auth/get-public-key-pem","status":"200","responseSize":"599","responseTime":"2.341\n"}
[2024-10-15 01:01:57] ERROR: {"method":"POST","url":"/api/v1/auth/reset-password/undefined","status":"401","responseSize":"105","responseTime":"73.761\n"}
[2024-10-15 01:03:02] INFO: {"method":"GET","url":"/api/v1/auth/get-public-key-pem","status":"200","responseSize":"599","responseTime":"19.044\n"}
[2024-10-15 01:03:03] ERROR: {"method":"POST","url":"/api/v1/auth/reset-password/undefined","status":"401","responseSize":"105","responseTime":"85.981\n"}
[2024-10-15 01:03:06] INFO: {"method":"GET","url":"/api/v1/auth/get-public-key-pem","status":"200","responseSize":"599","responseTime":"1.816\n"}
[2024-10-15 01:03:06] ERROR: {"method":"POST","url":"/api/v1/auth/reset-password/undefined","status":"401","responseSize":"105","responseTime":"56.444\n"}
[2024-10-15 01:03:22] INFO: {"method":"GET","url":"/api/v1/auth/get-public-key-pem","status":"200","responseSize":"599","responseTime":"61.705\n"}
[2024-10-15 01:03:22] ERROR: {"method":"POST","url":"/api/v1/auth/reset-password/undefined","status":"401","responseSize":"105","responseTime":"85.751\n"}
[2024-10-15 01:03:41] INFO: {"method":"GET","url":"/api/v1/auth/get-public-key-pem","status":"200","responseSize":"599","responseTime":"10.965\n"}
[2024-10-15 01:03:41] ERROR: {"method":"POST","url":"/api/v1/auth/reset-password/undefined","status":"401","responseSize":"105","responseTime":"86.720\n"}
[2024-10-15 01:06:48] INFO: {"method":"GET","url":"/api/v1/auth/get-public-key-pem","status":"200","responseSize":"599","responseTime":"44.041\n"}
[2024-10-15 01:06:49] ERROR: {"method":"POST","url":"/api/v1/auth/reset-password/undefined","status":"401","responseSize":"105","responseTime":"84.295\n"}
[2024-10-15 01:10:48] ERROR: {"method":"GET","url":"/api/v1/users/get-user","status":"400","responseSize":"56","responseTime":"1.255\n"}
[2024-10-15 01:10:53] INFO: {"method":"GET","url":"/api/v1/auth/get-public-key-pem","status":"200","responseSize":"599","responseTime":"0.736\n"}
[2024-10-15 01:10:53] ERROR: {"method":"POST","url":"/api/v1/auth/reset-password/undefined","status":"401","responseSize":"105","responseTime":"78.164\n"}
[2024-10-15 01:14:09] ERROR: {"method":"GET","url":"/api/v1/users/get-user","status":"400","responseSize":"56","responseTime":"0.667\n"}
[2024-10-15 01:14:19] INFO: {"method":"GET","url":"/api/v1/auth/get-public-key-pem","status":"200","responseSize":"599","responseTime":"1.689\n"}
[2024-10-15 01:14:19] ERROR: {"method":"POST","url":"/api/v1/auth/reset-password/1cdacbcd1d9e41c10e1c1b53732cec05","status":"401","responseSize":"105","responseTime":"74.976\n"}
[2024-10-15 01:14:45] ERROR: {"method":"GET","url":"/api/v1/users/get-user","status":"400","responseSize":"56","responseTime":"0.507\n"}
[2024-10-15 01:15:02] INFO: {"method":"POST","url":"/api/v1/auth/forgot-password","status":"200","responseSize":"131","responseTime":"106.711\n"}
[2024-10-15 01:15:18] ERROR: {"method":"GET","url":"/api/v1/users/get-user","status":"400","responseSize":"56","responseTime":"0.282\n"}
[2024-10-15 01:15:30] INFO: {"method":"GET","url":"/api/v1/auth/get-public-key-pem","status":"200","responseSize":"599","responseTime":"0.420\n"}
[2024-10-15 01:15:30] INFO: {"method":"POST","url":"/api/v1/auth/reset-password/ef2bd399905a79c814e3ae31a935a86e","status":"200","responseSize":"99","responseTime":"137.562\n"}
[2024-10-15 01:15:30] ERROR: {"method":"GET","url":"/api/v1/users/get-user","status":"400","responseSize":"56","responseTime":"0.424\n"}
[2024-10-15 01:15:55] INFO: {"method":"GET","url":"/api/v1/auth/get-public-key-pem","status":"200","responseSize":"599","responseTime":"1.656\n"}
[2024-10-15 01:15:55] ERROR: {"method":"POST","url":"/api/v1/auth/login","status":"401","responseSize":"105","responseTime":"142.422\n"}
[2024-10-15 01:15:58] INFO: {"method":"GET","url":"/api/v1/auth/get-public-key-pem","status":"200","responseSize":"599","responseTime":"0.229\n"}
[2024-10-15 01:15:58] ERROR: {"method":"POST","url":"/api/v1/auth/login","status":"401","responseSize":"105","responseTime":"117.996\n"}
[2024-10-15 01:16:02] INFO: {"method":"GET","url":"/api/v1/auth/get-public-key-pem","status":"200","responseSize":"599","responseTime":"0.469\n"}
[2024-10-15 01:16:02] INFO: {"method":"POST","url":"/api/v1/auth/login","status":"200","responseSize":"571","responseTime":"128.080\n"}
[2024-10-15 01:17:39] INFO: {"method":"GET","url":"/api/v1/auth/get-public-key-pem","status":"200","responseSize":"599","responseTime":"1.247\n"}
[2024-10-15 01:17:39] WARN: {"method":"POST","url":"/api/v1/auth/change-password","status":"500","responseSize":"102","responseTime":"58.598\n"}
[2024-10-15 01:18:16] INFO: {"method":"GET","url":"/api/v1/auth/get-public-key-pem","status":"200","responseSize":"599","responseTime":"17.952\n"}
[2024-10-15 01:18:17] ERROR: {"method":"POST","url":"/api/v1/auth/change-password","status":"401","responseSize":"107","responseTime":"161.734\n"}
[2024-10-15 01:18:23] INFO: {"method":"GET","url":"/api/v1/auth/get-public-key-pem","status":"200","responseSize":"599","responseTime":"1.996\n"}
[2024-10-15 01:18:23] INFO: {"method":"POST","url":"/api/v1/auth/change-password","status":"200","responseSize":"101","responseTime":"226.544\n"}
[2024-10-15 01:19:24] INFO: {"method":"GET","url":"/api/v1/auth/get-public-key-pem","status":"200","responseSize":"599","responseTime":"2.372\n"}
[2024-10-15 01:19:24] INFO: {"method":"POST","url":"/api/v1/auth/change-password","status":"200","responseSize":"101","responseTime":"225.412\n"}
[2024-10-15 02:20:38] ERROR: {"method":"GET","url":"/api/v1/users/get-user","status":"400","responseSize":"56","responseTime":"14.374\n"}
[2024-10-15 02:20:58] INFO: {"method":"GET","url":"/api/v1/auth/get-public-key-pem","status":"200","responseSize":"599","responseTime":"6.057\n"}
[2024-10-15 02:20:58] ERROR: {"method":"POST","url":"/api/v1/auth/login","status":"404","responseSize":"114","responseTime":"92.405\n"}
[2024-10-15 02:21:23] INFO: {"method":"GET","url":"/api/v1/auth/get-public-key-pem","status":"200","responseSize":"599","responseTime":"1.861\n"}
[2024-10-15 02:21:23] ERROR: {"method":"POST","url":"/api/v1/auth/login","status":"401","responseSize":"105","responseTime":"156.573\n"}
[2024-10-15 02:21:29] INFO: {"method":"GET","url":"/api/v1/auth/get-public-key-pem","status":"200","responseSize":"599","responseTime":"5.495\n"}
[2024-10-15 02:21:29] INFO: {"method":"POST","url":"/api/v1/auth/login","status":"200","responseSize":"571","responseTime":"136.862\n"}
[2024-10-15 02:22:39] INFO: {"method":"GET","url":"/api/v1/auth/get-public-key-pem","status":"200","responseSize":"599","responseTime":"1.546\n"}
[2024-10-15 02:22:39] INFO: {"method":"POST","url":"/api/v1/auth/change-password","status":"200","responseSize":"101","responseTime":"214.766\n"}
[2024-10-15 02:24:44] INFO: {"method":"GET","url":"/api/v1/users/get-user","status":"200","responseSize":"527","responseTime":"22.492\n"}
[2024-10-15 02:25:04] INFO: {"method":"GET","url":"/api/v1/auth/logout","status":"200","responseSize":"91","responseTime":"0.730\n"}
[2024-10-15 02:25:04] ERROR: {"method":"GET","url":"/api/v1/users/get-user","status":"400","responseSize":"56","responseTime":"0.450\n"}
[2024-10-15 02:25:07] ERROR: {"method":"GET","url":"/api/v1/users/get-user","status":"400","responseSize":"56","responseTime":"1.569\n"}
[2024-10-15 02:25:24] INFO: {"method":"POST","url":"/api/v1/auth/forgot-password","status":"200","responseSize":"131","responseTime":"162.899\n"}
[2024-10-15 02:25:39] ERROR: {"method":"GET","url":"/api/v1/users/get-user","status":"400","responseSize":"56","responseTime":"0.291\n"}
[2024-10-15 02:25:53] INFO: {"method":"GET","url":"/api/v1/auth/get-public-key-pem","status":"200","responseSize":"599","responseTime":"1.334\n"}
[2024-10-15 02:26:47] ERROR: {"method":"GET","url":"/api/v1/users/get-user","status":"400","responseSize":"56","responseTime":"0.359\n"}
[2024-10-15 02:26:47] ERROR: {"method":"GET","url":"/api/v1/users/get-user","status":"400","responseSize":"56","responseTime":"0.415\n"}
[2024-10-15 02:29:45] ERROR: {"method":"GET","url":"/api/v1/users/get-user","status":"400","responseSize":"56","responseTime":"25.082\n"}
[2024-10-15 02:30:13] INFO: {"method":"GET","url":"/api/v1/auth/get-public-key-pem","status":"200","responseSize":"599","responseTime":"3.109\n"}
[2024-10-15 02:30:14] ERROR: {"method":"POST","url":"/api/v1/auth/login","status":"404","responseSize":"114","responseTime":"95.057\n"}
[2024-10-15 02:30:24] ERROR: {"method":"GET","url":"/api/v1/users/get-user","status":"400","responseSize":"56","responseTime":"0.572\n"}
[2024-10-15 02:32:26] ERROR: {"method":"GET","url":"/api/v1/users/get-user","status":"400","responseSize":"56","responseTime":"1.118\n"}
[2024-10-15 02:33:25] ERROR: {"method":"GET","url":"/api/v1/users/get-user","status":"400","responseSize":"56","responseTime":"1.282\n"}
[2024-10-15 02:33:34] INFO: {"method":"GET","url":"/api/v1/auth/get-public-key-pem","status":"200","responseSize":"599","responseTime":"1.462\n"}
[2024-10-15 02:33:35] ERROR: {"method":"POST","url":"/api/v1/auth/login","status":"404","responseSize":"114","responseTime":"73.184\n"}
[2024-10-15 02:33:38] ERROR: {"method":"GET","url":"/api/v1/users/get-user","status":"400","responseSize":"56","responseTime":"1.358\n"}
[2024-10-15 02:33:42] ERROR: {"method":"GET","url":"/api/v1/users/get-user","status":"400","responseSize":"56","responseTime":"0.932\n"}
[2024-10-15 02:35:23] INFO: {"method":"GET","url":"/api/v1/auth/get-public-key-pem","status":"200","responseSize":"599","responseTime":"0.923\n"}
[2024-10-15 02:35:23] INFO: {"method":"POST","url":"/api/v1/users/signup","status":"201","responseSize":"364","responseTime":"243.295\n"}
[2024-10-15 02:35:57] INFO: {"method":"GET","url":"/api/v1/auth/logout","status":"200","responseSize":"91","responseTime":"1.242\n"}
[2024-10-15 02:35:57] ERROR: {"method":"GET","url":"/api/v1/users/get-user","status":"400","responseSize":"56","responseTime":"1.336\n"}
[2024-10-15 02:36:20] ERROR: {"method":"GET","url":"/api/v1/users/get-user","status":"400","responseSize":"56","responseTime":"0.778\n"}
[2024-10-15 02:37:26] INFO: {"method":"GET","url":"/api/v1/auth/get-public-key-pem","status":"200","responseSize":"599","responseTime":"1.408\n"}
[2024-10-15 02:37:26] ERROR: {"method":"POST","url":"/api/v1/users/signup","status":"400","responseSize":"121","responseTime":"70.795\n"}
[2024-10-15 02:38:40] ERROR: {"method":"GET","url":"/api/v1/users/get-user","status":"400","responseSize":"56","responseTime":"0.857\n"}
[2024-10-15 02:40:45] ERROR: {"method":"GET","url":"/api/v1/users/get-user","status":"400","responseSize":"56","responseTime":"0.242\n"}
[2024-10-15 02:40:48] ERROR: {"method":"GET","url":"/api/v1/users/get-user","status":"400","responseSize":"56","responseTime":"0.776\n"}
[2024-10-15 02:41:25] INFO: {"method":"GET","url":"/api/v1/auth/get-public-key-pem","status":"200","responseSize":"599","responseTime":"0.611\n"}
[2024-10-15 02:41:25] INFO: {"method":"POST","url":"/api/v1/users/signup","status":"201","responseSize":"341","responseTime":"142.363\n"}
[2024-10-15 02:41:46] INFO: {"method":"GET","url":"/api/v1/auth/logout","status":"200","responseSize":"91","responseTime":"1.396\n"}
[2024-10-15 02:41:46] ERROR: {"method":"GET","url":"/api/v1/users/get-user","status":"400","responseSize":"56","responseTime":"2.696\n"}
[2024-10-15 02:41:49] ERROR: {"method":"GET","url":"/api/v1/users/get-user","status":"400","responseSize":"56","responseTime":"0.529\n"}
[2024-10-15 02:42:27] INFO: {"method":"GET","url":"/api/v1/auth/get-public-key-pem","status":"200","responseSize":"599","responseTime":"0.492\n"}
[2024-10-15 02:42:27] INFO: {"method":"POST","url":"/api/v1/users/signup","status":"201","responseSize":"349","responseTime":"148.199\n"}
[2024-10-15 02:42:32] INFO: {"method":"GET","url":"/api/v1/auth/logout","status":"200","responseSize":"91","responseTime":"1.180\n"}
[2024-10-15 02:42:32] ERROR: {"method":"GET","url":"/api/v1/users/get-user","status":"400","responseSize":"56","responseTime":"2.541\n"}
[2024-10-15 02:42:33] ERROR: {"method":"GET","url":"/api/v1/users/get-user","status":"400","responseSize":"56","responseTime":"1.216\n"}
[2024-10-15 02:42:52] INFO: {"method":"GET","url":"/api/v1/auth/get-public-key-pem","status":"200","responseSize":"599","responseTime":"0.698\n"}
[2024-10-15 02:42:53] ERROR: {"method":"POST","url":"/api/v1/users/signup","status":"400","responseSize":"121","responseTime":"52.607\n"}
[2024-10-15 02:45:19] INFO: {"method":"GET","url":"/api/v1/auth/get-public-key-pem","status":"200","responseSize":"599","responseTime":"0.846\n"}
[2024-10-15 02:45:19] ERROR: {"method":"POST","url":"/api/v1/users/signup","status":"400","responseSize":"121","responseTime":"75.124\n"}
[2024-10-15 02:45:23] INFO: {"method":"GET","url":"/api/v1/auth/get-public-key-pem","status":"200","responseSize":"599","responseTime":"1.195\n"}
[2024-10-15 02:45:23] ERROR: {"method":"POST","url":"/api/v1/users/signup","status":"400","responseSize":"121","responseTime":"77.105\n"}
[2024-10-15 02:45:25] INFO: {"method":"GET","url":"/api/v1/auth/get-public-key-pem","status":"200","responseSize":"599","responseTime":"0.770\n"}
[2024-10-15 02:45:26] ERROR: {"method":"POST","url":"/api/v1/users/signup","status":"400","responseSize":"121","responseTime":"46.135\n"}
[2024-10-15 02:45:27] INFO: {"method":"GET","url":"/api/v1/auth/get-public-key-pem","status":"200","responseSize":"599","responseTime":"0.324\n"}
[2024-10-15 02:45:27] ERROR: {"method":"POST","url":"/api/v1/users/signup","status":"400","responseSize":"121","responseTime":"95.475\n"}
[2024-10-15 02:53:10] ERROR: {"method":"GET","url":"/api/v1/users/get-user","status":"400","responseSize":"56","responseTime":"0.241\n"}
[2024-10-15 02:53:12] ERROR: {"method":"GET","url":"/api/v1/users/get-user","status":"400","responseSize":"56","responseTime":"0.320\n"}
[2024-10-15 02:53:13] ERROR: {"method":"GET","url":"/api/v1/users/get-user","status":"400","responseSize":"56","responseTime":"0.275\n"}
[2024-10-15 02:53:13] ERROR: {"method":"GET","url":"/api/v1/users/get-user","status":"400","responseSize":"56","responseTime":"0.631\n"}
[2024-10-15 02:53:15] ERROR: {"method":"GET","url":"/api/v1/users/get-user","status":"400","responseSize":"56","responseTime":"0.314\n"}
[2024-10-15 02:53:36] INFO: {"method":"GET","url":"/api/v1/auth/get-public-key-pem","status":"200","responseSize":"599","responseTime":"3.976\n"}
[2024-10-15 02:53:36] ERROR: {"method":"POST","url":"/api/v1/users/signup","status":"400","responseSize":"121","responseTime":"52.206\n"}
[2024-10-15 02:56:35] ERROR: {"method":"GET","url":"/api/v1/users/get-user","status":"400","responseSize":"56","responseTime":"0.359\n"}
[2024-10-15 02:56:54] INFO: {"method":"GET","url":"/api/v1/auth/get-public-key-pem","status":"200","responseSize":"599","responseTime":"1.071\n"}
[2024-10-15 02:56:54] ERROR: {"method":"POST","url":"/api/v1/users/signup","status":"400","responseSize":"121","responseTime":"53.054\n"}
[2024-10-15 02:57:05] INFO: {"method":"GET","url":"/api/v1/auth/get-public-key-pem","status":"200","responseSize":"599","responseTime":"1.245\n"}
[2024-10-15 02:57:05] ERROR: {"method":"POST","url":"/api/v1/users/signup","status":"400","responseSize":"121","responseTime":"50.874\n"}
[2024-10-15 03:03:00] ERROR: {"method":"GET","url":"/api/v1/users/get-user","status":"400","responseSize":"56","responseTime":"0.504\n"}
[2024-10-15 03:03:05] INFO: {"method":"GET","url":"/api/v1/auth/get-public-key-pem","status":"200","responseSize":"599","responseTime":"3.574\n"}
[2024-10-15 03:03:05] INFO: {"method":"POST","url":"/api/v1/auth/login","status":"200","responseSize":"529","responseTime":"137.882\n"}
[2024-10-15 03:04:44] INFO: {"method":"GET","url":"/api/v1/users/get-user","status":"200","responseSize":"485","responseTime":"12.111\n"}
[2024-10-15 03:05:39] INFO: {"method":"GET","url":"/api/v1/users/get-user","status":"200","responseSize":"485","responseTime":"12.187\n"}
[2024-10-15 03:05:39] INFO: {"method":"GET","url":"/api/v1/users/get-user","status":"304","responseSize":"-","responseTime":"2.412\n"}
[2024-10-15 03:41:06] ERROR: {"method":"GET","url":"/api/v1/users/get-user","status":"400","responseSize":"56","responseTime":"13.078\n"}
[2024-10-15 03:41:56] INFO: {"method":"GET","url":"/api/v1/auth/get-public-key-pem","status":"200","responseSize":"590","responseTime":"43.928\n"}
[2024-10-15 03:41:56] WARN: {"method":"POST","url":"/api/v1/users/signup","status":"500","responseSize":"125","responseTime":"1.258\n"}
[2024-10-15 03:43:37] ERROR: {"method":"GET","url":"/api/v1/users/get-user","status":"400","responseSize":"56","responseTime":"0.902\n"}
[2024-10-15 03:44:09] INFO: {"method":"GET","url":"/api/v1/auth/get-public-key-pem","status":"200","responseSize":"590","responseTime":"2.995\n"}
[2024-10-15 03:44:09] WARN: {"method":"POST","url":"/api/v1/users/signup","status":"500","responseSize":"125","responseTime":"0.800\n"}
[2024-10-15 03:44:51] ERROR: {"method":"GET","url":"/api/v1/users/get-user","status":"400","responseSize":"56","responseTime":"0.418\n"}
[2024-10-15 03:44:51] ERROR: {"method":"GET","url":"/api/v1/users/get-user","status":"400","responseSize":"56","responseTime":"0.423\n"}
[2024-10-15 03:44:51] ERROR: {"method":"GET","url":"/api/v1/users/get-user","status":"400","responseSize":"56","responseTime":"0.437\n"}
[2024-10-15 03:44:51] ERROR: {"method":"GET","url":"/api/v1/users/get-user","status":"400","responseSize":"56","responseTime":"0.618\n"}
[2024-10-15 03:44:51] ERROR: {"method":"GET","url":"/api/v1/users/get-user","status":"400","responseSize":"56","responseTime":"0.462\n"}
[2024-10-15 03:45:28] INFO: {"method":"GET","url":"/api/v1/auth/get-public-key-pem","status":"200","responseSize":"590","responseTime":"3.264\n"}
[2024-10-15 03:45:28] WARN: {"method":"POST","url":"/api/v1/users/signup","status":"500","responseSize":"125","responseTime":"1.173\n"}
[2024-10-15 03:46:13] ERROR: {"method":"GET","url":"/api/v1/users/get-user","status":"400","responseSize":"56","responseTime":"0.372\n"}
[2024-10-15 03:46:14] ERROR: {"method":"GET","url":"/api/v1/users/get-user","status":"400","responseSize":"56","responseTime":"0.498\n"}
[2024-10-15 03:46:14] ERROR: {"method":"GET","url":"/api/v1/users/get-user","status":"400","responseSize":"56","responseTime":"0.288\n"}
[2024-10-15 03:46:14] ERROR: {"method":"GET","url":"/api/v1/users/get-user","status":"400","responseSize":"56","responseTime":"0.335\n"}
[2024-10-15 03:46:14] ERROR: {"method":"GET","url":"/api/v1/users/get-user","status":"400","responseSize":"56","responseTime":"0.365\n"}
[2024-10-15 03:46:32] INFO: {"method":"GET","url":"/api/v1/auth/get-public-key-pem","status":"200","responseSize":"590","responseTime":"0.917\n"}
[2024-10-15 03:46:32] WARN: {"method":"POST","url":"/api/v1/users/signup","status":"500","responseSize":"125","responseTime":"0.815\n"}
[2024-10-15 03:47:24] ERROR: {"method":"GET","url":"/api/v1/users/get-user","status":"400","responseSize":"56","responseTime":"0.342\n"}
[2024-10-15 03:47:24] ERROR: {"method":"GET","url":"/api/v1/users/get-user","status":"400","responseSize":"56","responseTime":"0.305\n"}
[2024-10-15 03:47:25] ERROR: {"method":"GET","url":"/api/v1/users/get-user","status":"400","responseSize":"56","responseTime":"0.404\n"}
[2024-10-15 03:47:25] ERROR: {"method":"GET","url":"/api/v1/users/get-user","status":"400","responseSize":"56","responseTime":"3.775\n"}
[2024-10-15 03:47:25] ERROR: {"method":"GET","url":"/api/v1/users/get-user","status":"400","responseSize":"56","responseTime":"0.367\n"}
[2024-10-15 03:48:27] INFO: {"method":"GET","url":"/api/v1/auth/get-public-key-pem","status":"200","responseSize":"590","responseTime":"1.193\n"}
[2024-10-15 03:48:27] WARN: {"method":"POST","url":"/api/v1/users/signup","status":"500","responseSize":"125","responseTime":"1.056\n"}
[2024-10-15 03:49:45] ERROR: {"method":"GET","url":"/api/v1/users/get-user","status":"400","responseSize":"56","responseTime":"48.538\n"}
[2024-10-15 03:49:46] ERROR: {"method":"GET","url":"/api/v1/users/get-user","status":"400","responseSize":"56","responseTime":"0.782\n"}
[2024-10-15 03:49:46] ERROR: {"method":"GET","url":"/api/v1/users/get-user","status":"400","responseSize":"56","responseTime":"0.494\n"}
[2024-10-15 03:49:46] ERROR: {"method":"GET","url":"/api/v1/users/get-user","status":"400","responseSize":"56","responseTime":"0.488\n"}
[2024-10-15 03:49:46] ERROR: {"method":"GET","url":"/api/v1/users/get-user","status":"400","responseSize":"56","responseTime":"0.617\n"}
[2024-10-15 03:50:10] INFO: {"method":"GET","url":"/api/v1/auth/get-public-key-pem","status":"200","responseSize":"590","responseTime":"6.626\n"}
[2024-10-15 03:50:10] WARN: {"method":"POST","url":"/api/v1/users/signup","status":"500","responseSize":"125","responseTime":"3.099\n"}
[2024-10-15 03:50:41] ERROR: {"method":"GET","url":"/api/v1/users/get-user","status":"400","responseSize":"56","responseTime":"0.528\n"}
[2024-10-15 03:50:41] ERROR: {"method":"GET","url":"/api/v1/users/get-user","status":"400","responseSize":"56","responseTime":"1.635\n"}
[2024-10-15 03:50:42] ERROR: {"method":"GET","url":"/api/v1/users/get-user","status":"400","responseSize":"56","responseTime":"0.597\n"}
[2024-10-15 03:50:42] ERROR: {"method":"GET","url":"/api/v1/users/get-user","status":"400","responseSize":"56","responseTime":"0.405\n"}
[2024-10-15 03:50:42] ERROR: {"method":"GET","url":"/api/v1/users/get-user","status":"400","responseSize":"56","responseTime":"0.450\n"}
[2024-10-15 03:51:01] INFO: {"method":"GET","url":"/api/v1/auth/get-public-key-pem","status":"200","responseSize":"590","responseTime":"4.254\n"}
[2024-10-15 03:51:01] WARN: {"method":"POST","url":"/api/v1/users/signup","status":"500","responseSize":"97","responseTime":"195.700\n"}
[2024-10-15 03:51:32] INFO: {"method":"GET","url":"/api/v1/auth/get-public-key-pem","status":"200","responseSize":"590","responseTime":"21.702\n"}
[2024-10-15 03:51:32] ERROR: {"method":"POST","url":"/api/v1/users/signup","status":"400","responseSize":"121","responseTime":"83.459\n"}
[2024-10-15 03:51:42] INFO: {"method":"GET","url":"/api/v1/auth/get-public-key-pem","status":"200","responseSize":"590","responseTime":"6.680\n"}
[2024-10-15 03:51:43] ERROR: {"method":"POST","url":"/api/v1/users/signup","status":"400","responseSize":"121","responseTime":"107.945\n"}
[2024-10-15 03:51:48] INFO: {"method":"GET","url":"/api/v1/auth/get-public-key-pem","status":"200","responseSize":"590","responseTime":"5.315\n"}
[2024-10-15 03:51:48] INFO: {"method":"POST","url":"/api/v1/users/signup","status":"200","responseSize":"354","responseTime":"159.714\n"}
[2024-10-15 03:53:41] ERROR: {"method":"GET","url":"/api/v1/users/get-user","status":"400","responseSize":"56","responseTime":"2.110\n"}
[2024-10-15 03:53:42] ERROR: {"method":"GET","url":"/api/v1/users/get-user","status":"400","responseSize":"56","responseTime":"0.390\n"}
[2024-10-15 03:53:42] WARN: {"method":"GET","url":"/api/v1/users/get-user","status":"500","responseSize":"86","responseTime":"30.520\n"}
[2024-10-15 03:53:42] ERROR: {"method":"GET","url":"/api/v1/users/get-user","status":"400","responseSize":"56","responseTime":"1.448\n"}
[2024-10-15 03:53:42] WARN: {"method":"GET","url":"/api/v1/users/get-user","status":"500","responseSize":"86","responseTime":"12.033\n"}
[2024-10-15 03:53:42] ERROR: {"method":"GET","url":"/api/v1/users/get-user","status":"400","responseSize":"56","responseTime":"0.336\n"}
[2024-10-15 03:54:19] INFO: {"method":"GET","url":"/api/v1/auth/get-public-key-pem","status":"200","responseSize":"590","responseTime":"0.908\n"}
[2024-10-15 03:54:19] ERROR: {"method":"POST","url":"/api/v1/auth/login","status":"401","responseSize":"105","responseTime":"151.488\n"}
[2024-10-15 03:54:27] INFO: {"method":"GET","url":"/api/v1/auth/get-public-key-pem","status":"200","responseSize":"590","responseTime":"0.997\n"}
[2024-10-15 03:54:27] ERROR: {"method":"POST","url":"/api/v1/auth/login","status":"401","responseSize":"105","responseTime":"144.456\n"}
[2024-10-15 03:54:32] WARN: {"method":"GET","url":"/api/v1/users/get-user","status":"500","responseSize":"86","responseTime":"29.435\n"}
[2024-10-15 03:55:02] INFO: {"method":"GET","url":"/api/v1/auth/get-public-key-pem","status":"200","responseSize":"590","responseTime":"0.837\n"}
[2024-10-15 03:55:02] INFO: {"method":"POST","url":"/api/v1/users/signup","status":"200","responseSize":"339","responseTime":"167.055\n"}
[2024-10-15 04:55:56] ERROR: {"method":"GET","url":"/api/v1/users/get-user","status":"400","responseSize":"56","responseTime":"0.321\n"}
[2024-10-15 04:55:57] ERROR: {"method":"GET","url":"/api/v1/users/get-user","status":"400","responseSize":"56","responseTime":"0.302\n"}
[2024-10-15 04:55:57] ERROR: {"method":"GET","url":"/api/v1/users/get-user","status":"400","responseSize":"56","responseTime":"0.324\n"}
[2024-10-15 04:55:57] ERROR: {"method":"GET","url":"/api/v1/users/get-user","status":"400","responseSize":"56","responseTime":"0.362\n"}
[2024-10-15 04:55:57] ERROR: {"method":"GET","url":"/api/v1/users/get-user","status":"400","responseSize":"56","responseTime":"0.346\n"}
[2024-10-15 04:55:57] ERROR: {"method":"GET","url":"/api/v1/users/get-user","status":"400","responseSize":"56","responseTime":"0.497\n"}
[2024-10-15 04:56:10] ERROR: {"method":"GET","url":"/api/v1/users/get-user","status":"400","responseSize":"56","responseTime":"0.804\n"}
[2024-10-15 04:56:35] INFO: {"method":"GET","url":"/api/v1/auth/get-public-key-pem","status":"200","responseSize":"590","responseTime":"0.827\n"}
[2024-10-15 04:56:36] INFO: {"method":"POST","url":"/api/v1/users/signup","status":"200","responseSize":"360","responseTime":"140.148\n"}
