[2024-10-10 11:02:49] ERROR: {"method":"POST","url":"/api/v1/users/signup","status":"400","responseSize":"680","responseTime":"31.477\n"}
[2024-10-10 11:04:20] ERROR: {"method":"POST","url":"/api/v1/users/signup","status":"400","responseSize":"680","responseTime":"41.266\n"}
[2024-10-10 11:05:54] ERROR: {"method":"POST","url":"/api/v1/users/signup","status":"400","responseSize":"680","responseTime":"10.440\n"}
[2024-10-10 11:30:20] ERROR: {"method":"POST","url":"/api/v1/users/signup","status":"400","responseSize":"680","responseTime":"13.439\n"}
[2024-10-10 11:41:31] WARN: {"method":"POST","url":"/api/v1/users/signup","status":"500","responseSize":"1388","responseTime":"11.232\n"}
[2024-10-10 11:42:18] WARN: {"method":"POST","url":"/api/v1/users/signup","status":"500","responseSize":"1555","responseTime":"23.948\n"}
[2024-10-10 11:46:04] WARN: {"method":"POST","url":"/api/v1/users/signup","status":"500","responseSize":"1555","responseTime":"24.041\n"}
[2024-10-10 11:51:58] WARN: {"method":"POST","url":"/api/v1/users/signup","status":"500","responseSize":"1555","responseTime":"10.894\n"}
[2024-10-10 11:52:46] WARN: {"method":"POST","url":"/api/v1/users/signup","status":"500","responseSize":"1555","responseTime":"5.623\n"}
[2024-10-10 12:16:47] WARN: {"method":"POST","url":"/api/v1/users/signup","status":"500","responseSize":"1711","responseTime":"15.326\n"}
[2024-10-10 01:05:35] ERROR: {"method":"POST","url":"/api/v1/users/signup","status":"400","responseSize":"679","responseTime":"26.465\n"}
[2024-10-10 01:11:53] WARN: {"method":"POST","url":"/api/v1/users/signup","status":"500","responseSize":"1333","responseTime":"10.300\n"}
[2024-10-10 01:12:39] WARN: {"method":"POST","url":"/api/v1/users/signup","status":"500","responseSize":"1333","responseTime":"13.740\n"}
[2024-10-10 01:13:10] WARN: {"method":"POST","url":"/api/v1/users/signup","status":"500","responseSize":"1333","responseTime":"12.330\n"}
[2024-10-10 02:44:15] WARN: {"method":"POST","url":"/api/v1/users/signup","status":"500","responseSize":"1333","responseTime":"12.544\n"}
[2024-10-10 02:45:15] WARN: {"method":"POST","url":"/api/v1/users/signup","status":"500","responseSize":"1333","responseTime":"7.663\n"}
[2024-10-10 02:47:49] WARN: {"method":"POST","url":"/api/v1/users/signup","status":"500","responseSize":"1333","responseTime":"2.641\n"}
[2024-10-10 02:48:28] WARN: {"method":"POST","url":"/api/v1/users/signup","status":"500","responseSize":"1333","responseTime":"1.950\n"}
[2024-10-10 02:48:35] WARN: {"method":"POST","url":"/api/v1/users/signup","status":"500","responseSize":"1333","responseTime":"37.845\n"}
[2024-10-10 03:24:09] ERROR: {"method":"POST","url":"/api/v1/users/signup","status":"400","responseSize":"679","responseTime":"150.405\n"}
[2024-10-10 03:24:57] INFO: {"method":"POST","url":"/api/v1/users/signup","status":"201","responseSize":"286","responseTime":"216.244\n"}
[2024-10-10 03:27:12] INFO: {"method":"POST","url":"/api/v1/users/signup","status":"201","responseSize":"293","responseTime":"151.494\n"}
[2024-10-10 03:28:13] INFO: {"method":"POST","url":"/api/v1/auth/logout","status":"200","responseSize":"91","responseTime":"37.814\n"}
[2024-10-10 03:28:48] INFO: {"method":"POST","url":"/api/v1/users/signup","status":"201","responseSize":"288","responseTime":"159.110\n"}
[2024-10-10 03:29:55] INFO: {"method":"POST","url":"/api/v1/users/signup","status":"201","responseSize":"288","responseTime":"132.835\n"}
[2024-10-10 03:31:35] INFO: {"method":"POST","url":"/api/v1/auth/logout","status":"200","responseSize":"91","responseTime":"45.921\n"}
[2024-10-10 03:32:01] INFO: {"method":"POST","url":"/api/v1/users/signup","status":"201","responseSize":"287","responseTime":"174.009\n"}
[2024-10-10 03:35:59] INFO: {"method":"POST","url":"/api/v1/users/signup","status":"201","responseSize":"291","responseTime":"139.832\n"}
[2024-10-10 03:46:25] INFO: {"method":"POST","url":"/api/v1/users/signup","status":"201","responseSize":"288","responseTime":"200.835\n"}
[2024-10-10 04:20:23] ERROR: {"method":"GET","url":"/api/v1/users/getUserDetails","status":"404","responseSize":"1372","responseTime":"41.592\n"}
[2024-10-10 04:21:20] ERROR: {"method":"GET","url":"/api/v1/users/getUserDetails","status":"404","responseSize":"1372","responseTime":"1.981\n"}
[2024-10-10 04:43:26] INFO: {"method":"POST","url":"/api/v1/auth/login","status":"200","responseSize":"704","responseTime":"115.929\n"}
[2024-10-10 04:43:30] ERROR: {"method":"GET","url":"/api/v1/users/getUserDetails","status":"404","responseSize":"1372","responseTime":"1.741\n"}
[2024-10-10 04:45:56] INFO: {"method":"GET","url":"/api/v1/users/get-user","status":"200","responseSize":"453","responseTime":"42.357\n"}
[2024-10-10 04:46:02] INFO: {"method":"POST","url":"/api/v1/auth/login","status":"200","responseSize":"704","responseTime":"151.314\n"}
[2024-10-10 04:46:13] INFO: {"method":"GET","url":"/api/v1/users/get-user","status":"200","responseSize":"453","responseTime":"3.983\n"}
[2024-10-10 04:46:21] INFO: {"method":"GET","url":"/api/v1/users/get-user","status":"200","responseSize":"453","responseTime":"4.725\n"}
[2024-10-10 04:47:09] INFO: {"method":"GET","url":"/api/v1/users/get-user","status":"200","responseSize":"453","responseTime":"17.909\n"}
[2024-10-10 04:48:43] INFO: {"method":"GET","url":"/api/v1/users/get-user","status":"200","responseSize":"453","responseTime":"29.300\n"}
[2024-10-10 04:49:07] INFO: {"method":"GET","url":"/api/v1/users/get-user","status":"200","responseSize":"453","responseTime":"31.506\n"}
[2024-10-10 04:49:27] INFO: {"method":"GET","url":"/api/v1/users/get-user","status":"200","responseSize":"453","responseTime":"15.955\n"}
[2024-10-10 04:49:29] INFO: {"method":"GET","url":"/api/v1/users/get-user","status":"200","responseSize":"453","responseTime":"3.278\n"}
[2024-10-10 04:50:21] INFO: {"method":"GET","url":"/api/v1/users/get-user","status":"200","responseSize":"453","responseTime":"18.816\n"}
[2024-10-10 04:50:23] INFO: {"method":"GET","url":"/api/v1/users/get-user","status":"200","responseSize":"453","responseTime":"5.719\n"}
[2024-10-10 04:57:23] ERROR: {"method":"GET","url":"/api/v1/users/get-user","status":"400","responseSize":"54","responseTime":"0.410\n"}
[2024-10-10 04:57:23] ERROR: {"method":"GET","url":"/api/v1/users/get-user","status":"400","responseSize":"54","responseTime":"0.362\n"}
[2024-10-10 05:04:04] ERROR: {"method":"GET","url":"/api/v1/users/get-user","status":"400","responseSize":"54","responseTime":"0.373\n"}
[2024-10-10 05:04:04] ERROR: {"method":"GET","url":"/api/v1/users/get-user","status":"400","responseSize":"54","responseTime":"0.427\n"}
[2024-10-10 05:04:40] ERROR: {"method":"GET","url":"/api/v1/users/get-user","status":"400","responseSize":"54","responseTime":"0.329\n"}
[2024-10-10 05:04:40] ERROR: {"method":"GET","url":"/api/v1/users/get-user","status":"400","responseSize":"54","responseTime":"0.324\n"}
[2024-10-10 05:06:43] ERROR: {"method":"GET","url":"/api/v1/users/get-user","status":"400","responseSize":"54","responseTime":"3.535\n"}
[2024-10-10 05:06:43] ERROR: {"method":"GET","url":"/api/v1/users/get-user","status":"400","responseSize":"54","responseTime":"1.584\n"}
[2024-10-10 05:10:14] ERROR: {"method":"GET","url":"/api/v1/users/get-user","status":"400","responseSize":"54","responseTime":"0.349\n"}
[2024-10-10 05:10:14] ERROR: {"method":"GET","url":"/api/v1/users/get-user","status":"400","responseSize":"54","responseTime":"2.625\n"}
[2024-10-10 05:10:50] ERROR: {"method":"GET","url":"/api/v1/users/get-user","status":"400","responseSize":"54","responseTime":"3.393\n"}
[2024-10-10 05:10:50] ERROR: {"method":"GET","url":"/api/v1/users/get-user","status":"400","responseSize":"54","responseTime":"0.449\n"}
[2024-10-10 05:12:16] ERROR: {"method":"GET","url":"/api/v1/users/get-user","status":"400","responseSize":"54","responseTime":"0.336\n"}
[2024-10-10 05:12:16] ERROR: {"method":"GET","url":"/api/v1/users/get-user","status":"400","responseSize":"54","responseTime":"0.323\n"}
[2024-10-10 05:12:26] ERROR: {"method":"GET","url":"/api/v1/users/get-user","status":"400","responseSize":"54","responseTime":"0.371\n"}
[2024-10-10 05:12:26] ERROR: {"method":"GET","url":"/api/v1/users/get-user","status":"400","responseSize":"54","responseTime":"0.350\n"}
[2024-10-10 05:33:22] ERROR: {"method":"GET","url":"/api/v1/users/get-user","status":"400","responseSize":"54","responseTime":"0.345\n"}
[2024-10-10 05:33:22] ERROR: {"method":"GET","url":"/api/v1/users/get-user","status":"400","responseSize":"54","responseTime":"0.443\n"}
[2024-10-10 05:33:50] ERROR: {"method":"GET","url":"/api/v1/users/get-user","status":"400","responseSize":"54","responseTime":"0.329\n"}
[2024-10-10 05:33:50] ERROR: {"method":"GET","url":"/api/v1/users/get-user","status":"400","responseSize":"54","responseTime":"0.393\n"}
[2024-10-10 05:35:43] ERROR: {"method":"GET","url":"/api/v1/users/get-user","status":"400","responseSize":"54","responseTime":"0.273\n"}
[2024-10-10 05:35:43] ERROR: {"method":"GET","url":"/api/v1/users/get-user","status":"400","responseSize":"54","responseTime":"0.305\n"}
[2024-10-10 05:35:43] ERROR: {"method":"GET","url":"/api/v1/users/get-user","status":"400","responseSize":"54","responseTime":"0.322\n"}
[2024-10-10 05:39:05] ERROR: {"method":"GET","url":"/api/v1/users/get-user","status":"400","responseSize":"54","responseTime":"0.340\n"}
[2024-10-10 05:39:05] ERROR: {"method":"GET","url":"/api/v1/users/get-user","status":"400","responseSize":"54","responseTime":"0.343\n"}
[2024-10-10 05:39:05] ERROR: {"method":"GET","url":"/api/v1/users/get-user","status":"400","responseSize":"54","responseTime":"0.324\n"}
[2024-10-10 05:39:39] ERROR: {"method":"GET","url":"/api/v1/users/get-user","status":"400","responseSize":"54","responseTime":"0.426\n"}
[2024-10-10 05:39:39] ERROR: {"method":"GET","url":"/api/v1/users/get-user","status":"400","responseSize":"54","responseTime":"1.204\n"}
[2024-10-10 05:39:39] ERROR: {"method":"GET","url":"/api/v1/users/get-user","status":"400","responseSize":"54","responseTime":"0.364\n"}
[2024-10-10 05:40:09] ERROR: {"method":"GET","url":"/api/v1/users/get-user","status":"400","responseSize":"54","responseTime":"0.333\n"}
[2024-10-10 05:40:09] ERROR: {"method":"GET","url":"/api/v1/users/get-user","status":"400","responseSize":"54","responseTime":"0.327\n"}
[2024-10-10 05:40:09] ERROR: {"method":"GET","url":"/api/v1/users/get-user","status":"400","responseSize":"54","responseTime":"0.324\n"}
[2024-10-10 05:40:25] ERROR: {"method":"GET","url":"/api/v1/users/get-user","status":"400","responseSize":"54","responseTime":"0.379\n"}
[2024-10-10 05:40:25] ERROR: {"method":"GET","url":"/api/v1/users/get-user","status":"400","responseSize":"54","responseTime":"0.313\n"}
[2024-10-10 05:40:25] ERROR: {"method":"GET","url":"/api/v1/users/get-user","status":"400","responseSize":"54","responseTime":"3.608\n"}
[2024-10-10 05:44:21] ERROR: {"method":"GET","url":"/api/v1/users/get-user","status":"400","responseSize":"54","responseTime":"0.333\n"}
[2024-10-10 05:44:21] ERROR: {"method":"GET","url":"/api/v1/users/get-user","status":"400","responseSize":"54","responseTime":"0.335\n"}
[2024-10-10 05:44:21] ERROR: {"method":"GET","url":"/api/v1/users/get-user","status":"400","responseSize":"54","responseTime":"0.384\n"}
[2024-10-10 05:44:34] ERROR: {"method":"GET","url":"/api/v1/users/get-user","status":"400","responseSize":"54","responseTime":"0.444\n"}
[2024-10-10 05:44:34] ERROR: {"method":"GET","url":"/api/v1/users/get-user","status":"400","responseSize":"54","responseTime":"0.344\n"}
[2024-10-10 05:44:34] ERROR: {"method":"GET","url":"/api/v1/users/get-user","status":"400","responseSize":"54","responseTime":"0.385\n"}
[2024-10-10 06:12:14] ERROR: {"method":"GET","url":"/api/v1/users/get-user","status":"400","responseSize":"54","responseTime":"0.346\n"}
[2024-10-10 06:12:14] ERROR: {"method":"GET","url":"/api/v1/users/get-user","status":"400","responseSize":"54","responseTime":"0.467\n"}
[2024-10-10 06:12:14] ERROR: {"method":"GET","url":"/api/v1/users/get-user","status":"400","responseSize":"54","responseTime":"0.325\n"}
[2024-10-10 06:12:22] ERROR: {"method":"GET","url":"/api/v1/users/get-user","status":"400","responseSize":"54","responseTime":"0.336\n"}
[2024-10-10 06:12:22] ERROR: {"method":"GET","url":"/api/v1/users/get-user","status":"400","responseSize":"54","responseTime":"0.332\n"}
[2024-10-10 06:12:22] ERROR: {"method":"GET","url":"/api/v1/users/get-user","status":"400","responseSize":"54","responseTime":"0.357\n"}
[2024-10-10 06:13:07] ERROR: {"method":"GET","url":"/api/v1/users/get-user","status":"400","responseSize":"54","responseTime":"1.162\n"}
[2024-10-10 06:13:10] ERROR: {"method":"GET","url":"/api/v1/users/get-user","status":"400","responseSize":"54","responseTime":"1.322\n"}
[2024-10-10 06:13:13] ERROR: {"method":"GET","url":"/api/v1/users/get-user","status":"400","responseSize":"54","responseTime":"1.241\n"}
[2024-10-10 06:13:36] INFO: {"method":"POST","url":"/api/v1/users/signup","status":"201","responseSize":"287","responseTime":"161.470\n"}
[2024-10-10 06:13:36] INFO: {"method":"GET","url":"/api/v1/users/get-user","status":"200","responseSize":"423","responseTime":"3.929\n"}
[2024-10-10 06:13:36] INFO: {"method":"GET","url":"/api/v1/users/get-user","status":"304","responseSize":"-","responseTime":"3.251\n"}
[2024-10-10 06:20:39] INFO: {"method":"GET","url":"/api/v1/users/get-user","status":"200","responseSize":"423","responseTime":"35.982\n"}
[2024-10-10 06:20:39] INFO: {"method":"GET","url":"/api/v1/users/get-user","status":"304","responseSize":"-","responseTime":"3.573\n"}
[2024-10-10 06:20:39] INFO: {"method":"GET","url":"/api/v1/users/get-user","status":"304","responseSize":"-","responseTime":"11.535\n"}
[2024-10-10 06:23:38] ERROR: {"method":"GET","url":"/api/v1/users/get-user","status":"400","responseSize":"54","responseTime":"0.337\n"}
[2024-10-10 06:23:38] ERROR: {"method":"GET","url":"/api/v1/users/get-user","status":"400","responseSize":"54","responseTime":"0.309\n"}
[2024-10-10 06:23:38] ERROR: {"method":"GET","url":"/api/v1/users/get-user","status":"400","responseSize":"54","responseTime":"0.362\n"}
[2024-10-10 06:23:48] ERROR: {"method":"GET","url":"/api/v1/users/get-user","status":"400","responseSize":"54","responseTime":"2.254\n"}
[2024-10-10 06:23:48] ERROR: {"method":"GET","url":"/api/v1/users/get-user","status":"400","responseSize":"54","responseTime":"0.442\n"}
[2024-10-10 06:23:48] ERROR: {"method":"GET","url":"/api/v1/users/get-user","status":"400","responseSize":"54","responseTime":"0.658\n"}
[2024-10-10 06:23:54] ERROR: {"method":"GET","url":"/api/v1/users/get-user","status":"400","responseSize":"54","responseTime":"0.685\n"}
[2024-10-10 06:23:54] ERROR: {"method":"GET","url":"/api/v1/users/get-user","status":"400","responseSize":"54","responseTime":"0.637\n"}
[2024-10-10 06:23:54] ERROR: {"method":"GET","url":"/api/v1/users/get-user","status":"400","responseSize":"54","responseTime":"0.466\n"}
[2024-10-10 06:33:43] ERROR: {"method":"GET","url":"/api/v1/users/get-user","status":"400","responseSize":"56","responseTime":"23.579\n"}
[2024-10-10 06:33:43] ERROR: {"method":"GET","url":"/api/v1/users/get-user","status":"400","responseSize":"56","responseTime":"0.869\n"}
[2024-10-10 06:33:43] ERROR: {"method":"GET","url":"/api/v1/users/get-user","status":"400","responseSize":"56","responseTime":"0.425\n"}
[2024-10-10 06:33:43] ERROR: {"method":"GET","url":"/api/v1/users/get-user","status":"400","responseSize":"56","responseTime":"0.561\n"}
[2024-10-10 06:33:43] ERROR: {"method":"GET","url":"/api/v1/users/get-user","status":"400","responseSize":"56","responseTime":"0.464\n"}
[2024-10-10 06:33:43] ERROR: {"method":"GET","url":"/api/v1/users/get-user","status":"400","responseSize":"56","responseTime":"0.453\n"}
[2024-10-10 06:33:45] ERROR: {"method":"GET","url":"/api/v1/users/get-user","status":"400","responseSize":"56","responseTime":"1.721\n"}
[2024-10-10 06:34:18] ERROR: {"method":"GET","url":"/api/v1/users/get-user","status":"400","responseSize":"56","responseTime":"0.611\n"}
[2024-10-10 06:34:18] ERROR: {"method":"GET","url":"/api/v1/users/get-user","status":"400","responseSize":"56","responseTime":"0.676\n"}
[2024-10-10 06:34:18] ERROR: {"method":"GET","url":"/api/v1/users/get-user","status":"400","responseSize":"56","responseTime":"0.436\n"}
[2024-10-10 06:34:44] INFO: {"method":"POST","url":"/api/v1/users/signup","status":"201","responseSize":"287","responseTime":"225.892\n"}
[2024-10-10 06:34:44] INFO: {"method":"GET","url":"/api/v1/users/get-user","status":"200","responseSize":"423","responseTime":"6.261\n"}
[2024-10-10 06:34:44] INFO: {"method":"GET","url":"/api/v1/users/get-user","status":"304","responseSize":"-","responseTime":"4.213\n"}
[2024-10-10 06:36:01] INFO: {"method":"GET","url":"/api/v1/users/get-user","status":"200","responseSize":"423","responseTime":"36.926\n"}
[2024-10-10 06:36:01] INFO: {"method":"GET","url":"/api/v1/users/get-user","status":"304","responseSize":"-","responseTime":"18.945\n"}
[2024-10-10 06:36:01] INFO: {"method":"GET","url":"/api/v1/users/get-user","status":"304","responseSize":"-","responseTime":"17.456\n"}
[2024-10-10 06:39:41] INFO: {"method":"GET","url":"/api/v1/users/get-user","status":"200","responseSize":"423","responseTime":"26.274\n"}
[2024-10-10 06:39:41] INFO: {"method":"GET","url":"/api/v1/users/get-user","status":"304","responseSize":"-","responseTime":"7.238\n"}
[2024-10-10 06:39:41] INFO: {"method":"GET","url":"/api/v1/users/get-user","status":"304","responseSize":"-","responseTime":"3.405\n"}
[2024-10-10 06:40:12] INFO: {"method":"GET","url":"/api/v1/users/get-user","status":"200","responseSize":"423","responseTime":"35.659\n"}
[2024-10-10 06:40:12] INFO: {"method":"GET","url":"/api/v1/users/get-user","status":"304","responseSize":"-","responseTime":"12.704\n"}
[2024-10-10 06:56:32] ERROR: {"method":"GET","url":"/api/v1/users/get-user","status":"400","responseSize":"56","responseTime":"19.228\n"}
[2024-10-10 06:56:32] ERROR: {"method":"GET","url":"/api/v1/users/get-user","status":"400","responseSize":"56","responseTime":"2.496\n"}
[2024-10-10 06:56:39] ERROR: {"method":"GET","url":"/api/v1/users/get-user","status":"400","responseSize":"56","responseTime":"0.460\n"}
[2024-10-10 06:56:39] ERROR: {"method":"GET","url":"/api/v1/users/get-user","status":"400","responseSize":"56","responseTime":"0.759\n"}
[2024-10-10 06:56:45] ERROR: {"method":"GET","url":"/api/v1/users/get-user","status":"400","responseSize":"56","responseTime":"0.474\n"}
[2024-10-10 06:56:45] ERROR: {"method":"GET","url":"/api/v1/users/get-user","status":"400","responseSize":"56","responseTime":"0.963\n"}
[2024-10-10 06:56:57] ERROR: {"method":"GET","url":"/api/v1/users/get-user","status":"400","responseSize":"56","responseTime":"0.540\n"}
[2024-10-10 06:56:57] ERROR: {"method":"GET","url":"/api/v1/users/get-user","status":"400","responseSize":"56","responseTime":"1.230\n"}
[2024-10-10 06:57:46] ERROR: {"method":"GET","url":"/api/v1/users/get-user","status":"400","responseSize":"56","responseTime":"0.678\n"}
[2024-10-10 06:57:46] ERROR: {"method":"GET","url":"/api/v1/users/get-user","status":"400","responseSize":"56","responseTime":"0.463\n"}
[2024-10-10 06:57:48] ERROR: {"method":"GET","url":"/api/v1/users/get-user","status":"400","responseSize":"56","responseTime":"0.379\n"}
[2024-10-10 06:57:48] ERROR: {"method":"GET","url":"/api/v1/users/get-user","status":"400","responseSize":"56","responseTime":"0.392\n"}
[2024-10-10 06:57:49] ERROR: {"method":"GET","url":"/api/v1/users/get-user","status":"400","responseSize":"56","responseTime":"0.434\n"}
[2024-10-10 06:57:49] ERROR: {"method":"GET","url":"/api/v1/users/get-user","status":"400","responseSize":"56","responseTime":"0.429\n"}
[2024-10-10 06:57:49] ERROR: {"method":"GET","url":"/api/v1/users/get-user","status":"400","responseSize":"56","responseTime":"0.381\n"}
[2024-10-10 06:57:49] ERROR: {"method":"GET","url":"/api/v1/users/get-user","status":"400","responseSize":"56","responseTime":"0.367\n"}
[2024-10-10 06:57:50] ERROR: {"method":"GET","url":"/api/v1/users/get-user","status":"400","responseSize":"56","responseTime":"0.615\n"}
[2024-10-10 06:57:50] ERROR: {"method":"GET","url":"/api/v1/users/get-user","status":"400","responseSize":"56","responseTime":"0.392\n"}
[2024-10-10 06:57:50] ERROR: {"method":"GET","url":"/api/v1/users/get-user","status":"400","responseSize":"56","responseTime":"0.376\n"}
[2024-10-10 06:57:50] ERROR: {"method":"GET","url":"/api/v1/users/get-user","status":"400","responseSize":"56","responseTime":"0.310\n"}
[2024-10-10 06:57:56] ERROR: {"method":"GET","url":"/api/v1/users/get-user","status":"400","responseSize":"56","responseTime":"0.261\n"}
[2024-10-10 06:57:56] ERROR: {"method":"GET","url":"/api/v1/users/get-user","status":"400","responseSize":"56","responseTime":"0.334\n"}
[2024-10-10 06:58:32] ERROR: {"method":"GET","url":"/api/v1/auth/logout","status":"400","responseSize":"56","responseTime":"1.521\n"}
[2024-10-10 06:58:36] ERROR: {"method":"GET","url":"/api/v1/users/get-user","status":"400","responseSize":"56","responseTime":"0.249\n"}
[2024-10-10 06:58:36] ERROR: {"method":"GET","url":"/api/v1/users/get-user","status":"400","responseSize":"56","responseTime":"0.295\n"}
[2024-10-10 06:58:36] ERROR: {"method":"GET","url":"/api/v1/users/get-user","status":"400","responseSize":"56","responseTime":"0.220\n"}
[2024-10-10 06:58:36] ERROR: {"method":"GET","url":"/api/v1/users/get-user","status":"400","responseSize":"56","responseTime":"0.360\n"}
[2024-10-10 06:58:36] ERROR: {"method":"GET","url":"/api/v1/users/get-user","status":"400","responseSize":"56","responseTime":"0.268\n"}
[2024-10-10 06:58:36] ERROR: {"method":"GET","url":"/api/v1/users/get-user","status":"400","responseSize":"56","responseTime":"0.532\n"}
[2024-10-10 06:58:36] ERROR: {"method":"GET","url":"/api/v1/users/get-user","status":"400","responseSize":"56","responseTime":"0.209\n"}
[2024-10-10 06:58:36] ERROR: {"method":"GET","url":"/api/v1/users/get-user","status":"400","responseSize":"56","responseTime":"0.437\n"}
[2024-10-10 06:58:44] ERROR: {"method":"GET","url":"/api/v1/users/get-user","status":"400","responseSize":"56","responseTime":"0.280\n"}
[2024-10-10 06:58:44] ERROR: {"method":"GET","url":"/api/v1/users/get-user","status":"400","responseSize":"56","responseTime":"0.316\n"}
[2024-10-10 06:59:06] ERROR: {"method":"GET","url":"/api/v1/users/get-user","status":"400","responseSize":"56","responseTime":"0.253\n"}
[2024-10-10 06:59:06] ERROR: {"method":"GET","url":"/api/v1/users/get-user","status":"400","responseSize":"56","responseTime":"0.361\n"}
[2024-10-10 07:00:17] ERROR: {"method":"GET","url":"/api/v1/users/get-user","status":"400","responseSize":"56","responseTime":"0.327\n"}
[2024-10-10 07:00:17] ERROR: {"method":"GET","url":"/api/v1/users/get-user","status":"400","responseSize":"56","responseTime":"0.371\n"}
[2024-10-10 07:00:17] ERROR: {"method":"GET","url":"/api/v1/users/get-user","status":"400","responseSize":"56","responseTime":"0.362\n"}
[2024-10-10 07:00:17] ERROR: {"method":"GET","url":"/api/v1/users/get-user","status":"400","responseSize":"56","responseTime":"0.319\n"}
[2024-10-10 07:00:45] ERROR: {"method":"GET","url":"/api/v1/users/get-user","status":"400","responseSize":"56","responseTime":"1.103\n"}
[2024-10-10 07:01:31] INFO: {"method":"POST","url":"/api/v1/users/signup","status":"201","responseSize":"296","responseTime":"181.796\n"}
[2024-10-10 07:01:31] INFO: {"method":"GET","url":"/api/v1/users/get-user","status":"200","responseSize":"432","responseTime":"4.445\n"}
[2024-10-10 07:01:31] INFO: {"method":"GET","url":"/api/v1/users/get-user","status":"304","responseSize":"-","responseTime":"3.467\n"}
[2024-10-10 07:02:28] INFO: {"method":"GET","url":"/api/v1/users/get-user","status":"200","responseSize":"432","responseTime":"17.280\n"}
[2024-10-10 07:02:28] INFO: {"method":"GET","url":"/api/v1/users/get-user","status":"200","responseSize":"432","responseTime":"3.687\n"}
[2024-10-10 07:02:28] INFO: {"method":"GET","url":"/api/v1/users/get-user","status":"304","responseSize":"-","responseTime":"4.211\n"}
[2024-10-10 07:04:26] INFO: {"method":"GET","url":"/api/v1/users/get-user","status":"200","responseSize":"432","responseTime":"39.721\n"}
[2024-10-10 07:04:26] INFO: {"method":"GET","url":"/api/v1/users/get-user","status":"304","responseSize":"-","responseTime":"4.016\n"}
[2024-10-10 07:04:26] INFO: {"method":"GET","url":"/api/v1/users/get-user","status":"304","responseSize":"-","responseTime":"5.812\n"}
[2024-10-10 07:05:33] INFO: {"method":"GET","url":"/api/v1/users/get-user","status":"200","responseSize":"432","responseTime":"36.062\n"}
[2024-10-10 07:05:33] INFO: {"method":"GET","url":"/api/v1/users/get-user","status":"304","responseSize":"-","responseTime":"5.401\n"}
[2024-10-10 07:05:33] INFO: {"method":"GET","url":"/api/v1/users/get-user","status":"304","responseSize":"-","responseTime":"7.477\n"}
[2024-10-10 07:05:36] INFO: {"method":"GET","url":"/api/v1/users/get-user","status":"200","responseSize":"432","responseTime":"3.102\n"}
[2024-10-10 07:05:36] INFO: {"method":"GET","url":"/api/v1/users/get-user","status":"304","responseSize":"-","responseTime":"4.903\n"}
[2024-10-10 07:05:36] INFO: {"method":"GET","url":"/api/v1/users/get-user","status":"304","responseSize":"-","responseTime":"8.125\n"}
[2024-10-10 07:06:19] INFO: {"method":"GET","url":"/api/v1/users/get-user","status":"200","responseSize":"432","responseTime":"18.982\n"}
[2024-10-10 07:06:19] INFO: {"method":"GET","url":"/api/v1/users/get-user","status":"304","responseSize":"-","responseTime":"5.984\n"}
[2024-10-10 07:06:19] INFO: {"method":"GET","url":"/api/v1/users/get-user","status":"304","responseSize":"-","responseTime":"5.018\n"}
[2024-10-10 07:06:43] INFO: {"method":"GET","url":"/api/v1/users/get-user","status":"200","responseSize":"432","responseTime":"19.514\n"}
[2024-10-10 07:06:43] INFO: {"method":"GET","url":"/api/v1/users/get-user","status":"304","responseSize":"-","responseTime":"4.341\n"}
[2024-10-10 07:06:43] INFO: {"method":"GET","url":"/api/v1/users/get-user","status":"304","responseSize":"-","responseTime":"5.757\n"}
[2024-10-10 07:06:47] INFO: {"method":"GET","url":"/api/v1/users/get-user","status":"200","responseSize":"432","responseTime":"4.860\n"}
[2024-10-10 07:06:47] INFO: {"method":"GET","url":"/api/v1/users/get-user","status":"304","responseSize":"-","responseTime":"9.431\n"}
[2024-10-10 07:06:47] INFO: {"method":"GET","url":"/api/v1/users/get-user","status":"304","responseSize":"-","responseTime":"4.588\n"}
[2024-10-10 07:06:53] INFO: {"method":"GET","url":"/api/v1/users/get-user","status":"200","responseSize":"432","responseTime":"3.229\n"}
[2024-10-10 07:06:53] INFO: {"method":"GET","url":"/api/v1/users/get-user","status":"304","responseSize":"-","responseTime":"3.711\n"}
[2024-10-10 07:06:53] INFO: {"method":"GET","url":"/api/v1/users/get-user","status":"304","responseSize":"-","responseTime":"6.862\n"}
[2024-10-10 07:08:41] INFO: {"method":"GET","url":"/api/v1/users/get-user","status":"200","responseSize":"432","responseTime":"19.831\n"}
[2024-10-10 07:08:41] INFO: {"method":"GET","url":"/api/v1/users/get-user","status":"200","responseSize":"432","responseTime":"3.553\n"}
[2024-10-10 07:08:46] INFO: {"method":"GET","url":"/api/v1/users/get-user","status":"200","responseSize":"432","responseTime":"2.897\n"}
[2024-10-10 07:08:46] INFO: {"method":"GET","url":"/api/v1/users/get-user","status":"304","responseSize":"-","responseTime":"4.377\n"}
[2024-10-10 07:08:59] INFO: {"method":"GET","url":"/api/v1/users/get-user","status":"200","responseSize":"432","responseTime":"26.734\n"}
[2024-10-10 07:08:59] INFO: {"method":"GET","url":"/api/v1/users/get-user","status":"304","responseSize":"-","responseTime":"10.796\n"}
[2024-10-10 07:09:05] INFO: {"method":"GET","url":"/api/v1/users/get-user","status":"200","responseSize":"432","responseTime":"3.560\n"}
[2024-10-10 07:09:05] INFO: {"method":"GET","url":"/api/v1/users/get-user","status":"304","responseSize":"-","responseTime":"3.446\n"}
[2024-10-10 07:09:48] INFO: {"method":"GET","url":"/api/v1/users/get-user","status":"200","responseSize":"432","responseTime":"17.233\n"}
[2024-10-10 07:09:49] INFO: {"method":"GET","url":"/api/v1/users/get-user","status":"304","responseSize":"-","responseTime":"5.883\n"}
[2024-10-10 07:10:08] INFO: {"method":"GET","url":"/api/v1/users/get-user","status":"200","responseSize":"432","responseTime":"38.601\n"}
[2024-10-10 07:10:08] INFO: {"method":"GET","url":"/api/v1/users/get-user","status":"304","responseSize":"-","responseTime":"3.440\n"}
[2024-10-10 07:10:33] INFO: {"method":"GET","url":"/api/v1/users/get-user","status":"200","responseSize":"432","responseTime":"16.364\n"}
[2024-10-10 07:10:33] INFO: {"method":"GET","url":"/api/v1/users/get-user","status":"304","responseSize":"-","responseTime":"6.986\n"}
[2024-10-10 07:10:45] INFO: {"method":"GET","url":"/api/v1/users/get-user","status":"200","responseSize":"432","responseTime":"19.359\n"}
[2024-10-10 07:10:45] INFO: {"method":"GET","url":"/api/v1/users/get-user","status":"304","responseSize":"-","responseTime":"2.815\n"}
[2024-10-10 07:11:02] INFO: {"method":"GET","url":"/api/v1/users/get-user","status":"200","responseSize":"432","responseTime":"51.085\n"}
[2024-10-10 07:11:02] INFO: {"method":"GET","url":"/api/v1/users/get-user","status":"304","responseSize":"-","responseTime":"9.396\n"}
[2024-10-10 07:11:47] ERROR: {"method":"GET","url":"/api/v1/users/get-user","status":"400","responseSize":"56","responseTime":"0.521\n"}
[2024-10-10 07:11:47] ERROR: {"method":"GET","url":"/api/v1/users/get-user","status":"400","responseSize":"56","responseTime":"0.270\n"}
[2024-10-10 07:12:04] ERROR: {"method":"GET","url":"/api/v1/users/get-user","status":"400","responseSize":"56","responseTime":"0.279\n"}
[2024-10-10 07:12:10] ERROR: {"method":"GET","url":"/api/v1/users/get-user","status":"400","responseSize":"56","responseTime":"0.340\n"}
[2024-10-10 07:14:38] ERROR: {"method":"GET","url":"/api/v1/users/get-user","status":"400","responseSize":"56","responseTime":"0.397\n"}
[2024-10-10 07:17:32] ERROR: {"method":"GET","url":"/api/v1/users/get-user","status":"400","responseSize":"56","responseTime":"0.509\n"}
[2024-10-10 07:17:37] ERROR: {"method":"GET","url":"/api/v1/users/get-user","status":"400","responseSize":"56","responseTime":"0.265\n"}
[2024-10-10 07:18:11] ERROR: {"method":"GET","url":"/api/v1/users/get-user","status":"400","responseSize":"56","responseTime":"0.289\n"}
[2024-10-10 07:18:15] ERROR: {"method":"GET","url":"/api/v1/users/get-user","status":"400","responseSize":"56","responseTime":"0.242\n"}
[2024-10-10 07:18:26] ERROR: {"method":"GET","url":"/api/v1/users/get-user","status":"400","responseSize":"56","responseTime":"0.273\n"}
[2024-10-10 07:18:26] ERROR: {"method":"GET","url":"/api/v1/users/get-user","status":"400","responseSize":"56","responseTime":"0.248\n"}
[2024-10-10 07:18:39] ERROR: {"method":"GET","url":"/api/v1/users/get-user","status":"400","responseSize":"56","responseTime":"0.897\n"}
[2024-10-10 07:19:01] INFO: {"method":"POST","url":"/api/v1/users/signup","status":"201","responseSize":"286","responseTime":"168.947\n"}
[2024-10-10 07:19:01] INFO: {"method":"GET","url":"/api/v1/users/get-user","status":"200","responseSize":"422","responseTime":"2.884\n"}
[2024-10-10 07:19:01] INFO: {"method":"GET","url":"/api/v1/users/get-user","status":"304","responseSize":"-","responseTime":"2.849\n"}
[2024-10-10 07:19:56] INFO: {"method":"GET","url":"/api/v1/users/get-user","status":"200","responseSize":"422","responseTime":"30.991\n"}
[2024-10-10 07:19:56] INFO: {"method":"GET","url":"/api/v1/users/get-user","status":"304","responseSize":"-","responseTime":"5.129\n"}
[2024-10-10 07:19:56] INFO: {"method":"GET","url":"/api/v1/users/get-user","status":"304","responseSize":"-","responseTime":"2.564\n"}
[2024-10-10 07:19:58] INFO: {"method":"GET","url":"/api/v1/users/get-user","status":"200","responseSize":"422","responseTime":"7.302\n"}
[2024-10-10 07:19:58] INFO: {"method":"GET","url":"/api/v1/users/get-user","status":"304","responseSize":"-","responseTime":"21.919\n"}
[2024-10-10 07:19:58] INFO: {"method":"GET","url":"/api/v1/users/get-user","status":"304","responseSize":"-","responseTime":"4.341\n"}
[2024-10-10 07:20:00] INFO: {"method":"GET","url":"/api/v1/users/get-user","status":"200","responseSize":"422","responseTime":"6.541\n"}
[2024-10-10 07:20:00] INFO: {"method":"GET","url":"/api/v1/users/get-user","status":"304","responseSize":"-","responseTime":"7.346\n"}
[2024-10-10 07:20:00] INFO: {"method":"GET","url":"/api/v1/users/get-user","status":"304","responseSize":"-","responseTime":"3.144\n"}
[2024-10-10 07:20:28] ERROR: {"method":"GET","url":"/api/v1/auth/logout","status":"400","responseSize":"56","responseTime":"2.128\n"}
[2024-10-10 07:20:28] ERROR: {"method":"GET","url":"/api/v1/auth/logout","status":"400","responseSize":"56","responseTime":"1.286\n"}
[2024-10-10 07:20:29] ERROR: {"method":"GET","url":"/api/v1/auth/logout","status":"400","responseSize":"56","responseTime":"0.446\n"}
[2024-10-10 07:20:44] ERROR: {"method":"GET","url":"/api/v1/users/get-user","status":"400","responseSize":"56","responseTime":"0.239\n"}
[2024-10-10 07:20:44] ERROR: {"method":"GET","url":"/api/v1/users/get-user","status":"400","responseSize":"56","responseTime":"0.341\n"}
[2024-10-10 07:20:48] ERROR: {"method":"GET","url":"/api/v1/users/get-user","status":"400","responseSize":"56","responseTime":"1.151\n"}
[2024-10-10 07:21:16] INFO: {"method":"POST","url":"/api/v1/users/signup","status":"201","responseSize":"298","responseTime":"157.766\n"}
[2024-10-10 07:21:16] INFO: {"method":"GET","url":"/api/v1/users/get-user","status":"200","responseSize":"434","responseTime":"2.300\n"}
[2024-10-10 07:21:16] INFO: {"method":"GET","url":"/api/v1/users/get-user","status":"304","responseSize":"-","responseTime":"2.407\n"}
[2024-10-10 07:22:17] INFO: {"method":"GET","url":"/api/v1/users/get-user","status":"200","responseSize":"434","responseTime":"16.157\n"}
[2024-10-10 07:22:17] INFO: {"method":"GET","url":"/api/v1/users/get-user","status":"304","responseSize":"-","responseTime":"3.060\n"}
[2024-10-10 07:22:20] INFO: {"method":"GET","url":"/api/v1/users/get-user","status":"200","responseSize":"434","responseTime":"7.914\n"}
[2024-10-10 07:22:20] INFO: {"method":"GET","url":"/api/v1/users/get-user","status":"304","responseSize":"-","responseTime":"11.373\n"}
[2024-10-10 07:22:20] INFO: {"method":"GET","url":"/api/v1/users/get-user","status":"304","responseSize":"-","responseTime":"7.131\n"}
[2024-10-10 07:22:22] INFO: {"method":"GET","url":"/api/v1/auth/logout","status":"200","responseSize":"91","responseTime":"7.638\n"}
[2024-10-10 07:22:25] ERROR: {"method":"GET","url":"/api/v1/users/get-user","status":"400","responseSize":"56","responseTime":"0.779\n"}
[2024-10-10 07:22:50] INFO: {"method":"POST","url":"/api/v1/users/signup","status":"201","responseSize":"287","responseTime":"139.490\n"}
[2024-10-10 07:23:24] INFO: {"method":"GET","url":"/api/v1/users/get-user","status":"200","responseSize":"423","responseTime":"41.737\n"}
[2024-10-10 07:23:24] INFO: {"method":"GET","url":"/api/v1/users/get-user","status":"304","responseSize":"-","responseTime":"8.849\n"}
[2024-10-10 07:23:25] INFO: {"method":"GET","url":"/api/v1/auth/logout","status":"200","responseSize":"91","responseTime":"7.574\n"}
[2024-10-10 07:23:30] ERROR: {"method":"GET","url":"/api/v1/users/get-user","status":"400","responseSize":"56","responseTime":"0.602\n"}
[2024-10-10 07:23:55] INFO: {"method":"POST","url":"/api/v1/users/signup","status":"201","responseSize":"296","responseTime":"146.380\n"}
[2024-10-10 07:25:17] INFO: {"method":"GET","url":"/api/v1/users/get-user","status":"200","responseSize":"432","responseTime":"27.465\n"}
[2024-10-10 07:25:18] INFO: {"method":"GET","url":"/api/v1/users/get-user","status":"200","responseSize":"432","responseTime":"3.958\n"}
[2024-10-10 07:25:20] INFO: {"method":"GET","url":"/api/v1/auth/logout","status":"200","responseSize":"91","responseTime":"6.008\n"}
[2024-10-10 07:25:23] ERROR: {"method":"GET","url":"/api/v1/users/get-user","status":"400","responseSize":"56","responseTime":"0.733\n"}
[2024-10-10 07:25:37] ERROR: {"method":"POST","url":"/api/v1/users/signup","status":"400","responseSize":"557","responseTime":"105.986\n"}
[2024-10-10 07:29:38] ERROR: {"method":"GET","url":"/api/v1/users/get-user","status":"400","responseSize":"56","responseTime":"1.647\n"}
[2024-10-10 07:29:38] ERROR: {"method":"GET","url":"/api/v1/users/get-user","status":"400","responseSize":"56","responseTime":"1.646\n"}
[2024-10-10 07:31:13] ERROR: {"method":"GET","url":"/api/v1/users/get-user","status":"400","responseSize":"56","responseTime":"0.378\n"}
[2024-10-10 07:31:13] ERROR: {"method":"GET","url":"/api/v1/users/get-user","status":"400","responseSize":"56","responseTime":"0.276\n"}
[2024-10-10 07:31:34] INFO: {"method":"POST","url":"/api/v1/users/signup","status":"201","responseSize":"295","responseTime":"130.797\n"}
[2024-10-10 07:31:51] INFO: {"method":"GET","url":"/api/v1/users/get-user","status":"200","responseSize":"431","responseTime":"29.908\n"}
[2024-10-10 07:31:51] INFO: {"method":"GET","url":"/api/v1/users/get-user","status":"304","responseSize":"-","responseTime":"5.897\n"}
[2024-10-10 07:32:05] INFO: {"method":"GET","url":"/api/v1/users/get-user","status":"200","responseSize":"431","responseTime":"37.849\n"}
[2024-10-10 07:32:05] INFO: {"method":"GET","url":"/api/v1/users/get-user","status":"304","responseSize":"-","responseTime":"20.244\n"}
[2024-10-10 07:32:05] INFO: {"method":"GET","url":"/api/v1/users/get-user","status":"304","responseSize":"-","responseTime":"6.756\n"}
[2024-10-10 07:32:09] INFO: {"method":"GET","url":"/api/v1/users/get-user","status":"200","responseSize":"431","responseTime":"8.339\n"}
[2024-10-10 07:32:09] INFO: {"method":"GET","url":"/api/v1/users/get-user","status":"304","responseSize":"-","responseTime":"20.317\n"}
[2024-10-10 07:32:09] INFO: {"method":"GET","url":"/api/v1/users/get-user","status":"304","responseSize":"-","responseTime":"4.428\n"}
[2024-10-10 07:32:24] ERROR: {"method":"GET","url":"/api/v1/auth/logout","status":"400","responseSize":"80","responseTime":"44.145\n"}
[2024-10-10 07:32:28] ERROR: {"method":"GET","url":"/api/v1/auth/logout","status":"400","responseSize":"80","responseTime":"9.995\n"}
[2024-10-10 07:32:28] ERROR: {"method":"GET","url":"/api/v1/auth/logout","status":"400","responseSize":"80","responseTime":"5.503\n"}
[2024-10-10 07:32:50] ERROR: {"method":"GET","url":"/api/v1/users/get-user","status":"400","responseSize":"56","responseTime":"0.282\n"}
[2024-10-10 07:32:50] ERROR: {"method":"GET","url":"/api/v1/users/get-user","status":"400","responseSize":"56","responseTime":"0.305\n"}
[2024-10-10 07:32:52] ERROR: {"method":"GET","url":"/api/v1/users/get-user","status":"400","responseSize":"56","responseTime":"0.838\n"}
[2024-10-10 07:33:26] INFO: {"method":"POST","url":"/api/v1/users/signup","status":"201","responseSize":"294","responseTime":"129.337\n"}
[2024-10-10 07:33:26] INFO: {"method":"GET","url":"/api/v1/users/get-user","status":"200","responseSize":"430","responseTime":"4.280\n"}
[2024-10-10 07:33:26] INFO: {"method":"GET","url":"/api/v1/users/get-user","status":"304","responseSize":"-","responseTime":"2.937\n"}
[2024-10-10 07:35:38] INFO: {"method":"GET","url":"/api/v1/users/get-user","status":"200","responseSize":"430","responseTime":"22.385\n"}
[2024-10-10 07:35:38] INFO: {"method":"GET","url":"/api/v1/users/get-user","status":"304","responseSize":"-","responseTime":"3.186\n"}
[2024-10-10 07:37:56] INFO: {"method":"POST","url":"/api/v1/auth/login","status":"200","responseSize":"681","responseTime":"162.428\n"}
[2024-10-10 07:37:56] INFO: {"method":"GET","url":"/api/v1/users/get-user","status":"200","responseSize":"430","responseTime":"2.904\n"}
[2024-10-10 07:37:59] INFO: {"method":"GET","url":"/api/v1/users/get-user","status":"200","responseSize":"430","responseTime":"8.318\n"}
[2024-10-10 07:38:01] INFO: {"method":"GET","url":"/api/v1/users/get-user","status":"200","responseSize":"430","responseTime":"9.503\n"}
[2024-10-10 07:38:01] INFO: {"method":"GET","url":"/api/v1/users/get-user","status":"304","responseSize":"-","responseTime":"9.028\n"}
[2024-10-10 07:38:13] INFO: {"method":"GET","url":"/api/v1/users/get-user","status":"200","responseSize":"430","responseTime":"15.932\n"}
[2024-10-10 07:38:14] INFO: {"method":"GET","url":"/api/v1/users/get-user","status":"304","responseSize":"-","responseTime":"3.945\n"}
[2024-10-10 07:38:14] INFO: {"method":"GET","url":"/api/v1/users/get-user","status":"200","responseSize":"430","responseTime":"5.001\n"}
[2024-10-10 07:39:52] INFO: {"method":"GET","url":"/api/v1/users/get-user","status":"200","responseSize":"430","responseTime":"21.647\n"}
[2024-10-10 07:39:52] INFO: {"method":"GET","url":"/api/v1/users/get-user","status":"304","responseSize":"-","responseTime":"6.264\n"}
[2024-10-10 07:42:22] INFO: {"method":"GET","url":"/api/v1/users/get-user","status":"200","responseSize":"430","responseTime":"28.065\n"}
[2024-10-10 07:42:22] INFO: {"method":"GET","url":"/api/v1/users/get-user","status":"304","responseSize":"-","responseTime":"3.332\n"}
[2024-10-10 07:42:36] INFO: {"method":"POST","url":"/api/v1/auth/login","status":"200","responseSize":"681","responseTime":"197.888\n"}
[2024-10-10 07:42:36] INFO: {"method":"GET","url":"/api/v1/users/get-user","status":"200","responseSize":"430","responseTime":"2.735\n"}
[2024-10-10 07:42:36] INFO: {"method":"GET","url":"/api/v1/users/get-user","status":"304","responseSize":"-","responseTime":"2.788\n"}
[2024-10-10 07:42:36] INFO: {"method":"GET","url":"/api/v1/users/get-user","status":"304","responseSize":"-","responseTime":"4.715\n"}
[2024-10-10 07:42:36] INFO: {"method":"GET","url":"/api/v1/users/get-user","status":"304","responseSize":"-","responseTime":"3.341\n"}
[2024-10-10 07:42:36] INFO: {"method":"GET","url":"/api/v1/users/get-user","status":"304","responseSize":"-","responseTime":"1.622\n"}
[2024-10-10 07:42:36] INFO: {"method":"GET","url":"/api/v1/users/get-user","status":"304","responseSize":"-","responseTime":"2.710\n"}
[2024-10-10 07:42:36] INFO: {"method":"GET","url":"/api/v1/users/get-user","status":"304","responseSize":"-","responseTime":"2.965\n"}
[2024-10-10 07:42:36] INFO: {"method":"GET","url":"/api/v1/users/get-user","status":"304","responseSize":"-","responseTime":"2.291\n"}
[2024-10-10 07:42:36] INFO: {"method":"GET","url":"/api/v1/users/get-user","status":"304","responseSize":"-","responseTime":"2.555\n"}
[2024-10-10 07:42:36] INFO: {"method":"GET","url":"/api/v1/users/get-user","status":"304","responseSize":"-","responseTime":"1.971\n"}
[2024-10-10 07:42:36] INFO: {"method":"GET","url":"/api/v1/users/get-user","status":"304","responseSize":"-","responseTime":"2.081\n"}
[2024-10-10 07:42:36] INFO: {"method":"GET","url":"/api/v1/users/get-user","status":"304","responseSize":"-","responseTime":"3.140\n"}
[2024-10-10 07:42:36] INFO: {"method":"GET","url":"/api/v1/users/get-user","status":"304","responseSize":"-","responseTime":"2.997\n"}
[2024-10-10 07:42:36] INFO: {"method":"GET","url":"/api/v1/users/get-user","status":"304","responseSize":"-","responseTime":"2.966\n"}
[2024-10-10 07:42:36] INFO: {"method":"GET","url":"/api/v1/users/get-user","status":"304","responseSize":"-","responseTime":"2.465\n"}
[2024-10-10 07:42:36] INFO: {"method":"GET","url":"/api/v1/users/get-user","status":"304","responseSize":"-","responseTime":"1.763\n"}
[2024-10-10 07:42:36] INFO: {"method":"GET","url":"/api/v1/users/get-user","status":"304","responseSize":"-","responseTime":"2.350\n"}
[2024-10-10 07:42:36] INFO: {"method":"GET","url":"/api/v1/users/get-user","status":"304","responseSize":"-","responseTime":"1.940\n"}
[2024-10-10 07:42:36] INFO: {"method":"GET","url":"/api/v1/users/get-user","status":"304","responseSize":"-","responseTime":"3.038\n"}
[2024-10-10 07:42:36] INFO: {"method":"GET","url":"/api/v1/users/get-user","status":"304","responseSize":"-","responseTime":"2.247\n"}
[2024-10-10 07:42:36] INFO: {"method":"GET","url":"/api/v1/users/get-user","status":"304","responseSize":"-","responseTime":"3.643\n"}
[2024-10-10 07:42:36] INFO: {"method":"GET","url":"/api/v1/users/get-user","status":"304","responseSize":"-","responseTime":"2.821\n"}
[2024-10-10 07:42:36] INFO: {"method":"GET","url":"/api/v1/users/get-user","status":"304","responseSize":"-","responseTime":"2.190\n"}
[2024-10-10 07:42:36] INFO: {"method":"GET","url":"/api/v1/users/get-user","status":"304","responseSize":"-","responseTime":"2.783\n"}
[2024-10-10 07:42:36] INFO: {"method":"GET","url":"/api/v1/users/get-user","status":"304","responseSize":"-","responseTime":"1.939\n"}
[2024-10-10 07:42:36] INFO: {"method":"GET","url":"/api/v1/users/get-user","status":"304","responseSize":"-","responseTime":"3.951\n"}
[2024-10-10 07:42:36] INFO: {"method":"GET","url":"/api/v1/users/get-user","status":"304","responseSize":"-","responseTime":"1.736\n"}
[2024-10-10 07:42:36] INFO: {"method":"GET","url":"/api/v1/users/get-user","status":"304","responseSize":"-","responseTime":"4.341\n"}
[2024-10-10 07:42:36] INFO: {"method":"GET","url":"/api/v1/users/get-user","status":"304","responseSize":"-","responseTime":"3.143\n"}
[2024-10-10 07:42:36] INFO: {"method":"GET","url":"/api/v1/users/get-user","status":"304","responseSize":"-","responseTime":"2.144\n"}
[2024-10-10 07:42:36] INFO: {"method":"GET","url":"/api/v1/users/get-user","status":"304","responseSize":"-","responseTime":"3.094\n"}
[2024-10-10 07:42:36] INFO: {"method":"GET","url":"/api/v1/users/get-user","status":"304","responseSize":"-","responseTime":"2.249\n"}
[2024-10-10 07:42:57] INFO: {"method":"GET","url":"/api/v1/users/get-user","status":"200","responseSize":"430","responseTime":"17.548\n"}
[2024-10-10 07:42:57] INFO: {"method":"GET","url":"/api/v1/users/get-user","status":"304","responseSize":"-","responseTime":"6.788\n"}
[2024-10-10 07:44:05] INFO: {"method":"GET","url":"/api/v1/users/get-user","status":"200","responseSize":"430","responseTime":"34.978\n"}
[2024-10-10 07:44:05] INFO: {"method":"GET","url":"/api/v1/users/get-user","status":"304","responseSize":"-","responseTime":"3.320\n"}
[2024-10-10 07:44:10] INFO: {"method":"POST","url":"/api/v1/auth/login","status":"200","responseSize":"681","responseTime":"150.759\n"}
[2024-10-10 07:44:10] INFO: {"method":"GET","url":"/api/v1/users/get-user","status":"200","responseSize":"430","responseTime":"2.374\n"}
[2024-10-10 07:44:45] INFO: {"method":"GET","url":"/api/v1/users/get-user","status":"200","responseSize":"430","responseTime":"18.823\n"}
[2024-10-10 07:44:45] INFO: {"method":"GET","url":"/api/v1/users/get-user","status":"304","responseSize":"-","responseTime":"6.173\n"}
[2024-10-10 07:44:54] ERROR: {"method":"GET","url":"/api/v1/auth/logout","status":"400","responseSize":"56","responseTime":"0.871\n"}
[2024-10-10 07:44:57] ERROR: {"method":"GET","url":"/api/v1/users/get-user","status":"400","responseSize":"56","responseTime":"0.278\n"}
[2024-10-10 07:44:57] ERROR: {"method":"GET","url":"/api/v1/users/get-user","status":"400","responseSize":"56","responseTime":"0.665\n"}
[2024-10-10 07:45:06] ERROR: {"method":"GET","url":"/api/v1/users/get-user","status":"400","responseSize":"56","responseTime":"0.459\n"}
[2024-10-10 07:45:06] ERROR: {"method":"GET","url":"/api/v1/users/get-user","status":"400","responseSize":"56","responseTime":"0.381\n"}
[2024-10-10 07:45:21] INFO: {"method":"POST","url":"/api/v1/auth/login","status":"200","responseSize":"681","responseTime":"168.163\n"}
[2024-10-10 07:45:21] INFO: {"method":"GET","url":"/api/v1/users/get-user","status":"200","responseSize":"430","responseTime":"2.823\n"}
[2024-10-10 07:46:09] INFO: {"method":"GET","url":"/api/v1/users/get-user","status":"200","responseSize":"430","responseTime":"22.068\n"}
[2024-10-10 07:46:09] INFO: {"method":"GET","url":"/api/v1/users/get-user","status":"304","responseSize":"-","responseTime":"5.240\n"}
[2024-10-10 07:51:35] INFO: {"method":"GET","url":"/api/v1/users/get-user","status":"200","responseSize":"430","responseTime":"27.784\n"}
[2024-10-10 07:51:35] INFO: {"method":"GET","url":"/api/v1/users/get-user","status":"304","responseSize":"-","responseTime":"3.408\n"}
[2024-10-10 07:52:35] INFO: {"method":"GET","url":"/api/v1/users/get-user","status":"200","responseSize":"430","responseTime":"36.806\n"}
[2024-10-10 07:52:36] INFO: {"method":"GET","url":"/api/v1/users/get-user","status":"304","responseSize":"-","responseTime":"3.186\n"}
[2024-10-10 07:52:41] INFO: {"method":"GET","url":"/api/v1/auth/logout","status":"200","responseSize":"91","responseTime":"7.140\n"}
[2024-10-10 07:52:41] ERROR: {"method":"GET","url":"/api/v1/auth/logout","status":"400","responseSize":"56","responseTime":"0.836\n"}
[2024-10-10 07:54:03] ERROR: {"method":"GET","url":"/api/v1/users/get-user","status":"400","responseSize":"56","responseTime":"0.291\n"}
[2024-10-10 07:54:03] ERROR: {"method":"GET","url":"/api/v1/users/get-user","status":"400","responseSize":"56","responseTime":"2.594\n"}
[2024-10-10 07:55:51] ERROR: {"method":"GET","url":"/api/v1/users/get-user","status":"400","responseSize":"56","responseTime":"0.497\n"}
[2024-10-10 07:55:51] ERROR: {"method":"GET","url":"/api/v1/users/get-user","status":"400","responseSize":"56","responseTime":"0.262\n"}
[2024-10-10 07:56:30] ERROR: {"method":"GET","url":"/api/v1/users/get-user","status":"400","responseSize":"56","responseTime":"2.804\n"}
[2024-10-10 07:56:30] ERROR: {"method":"GET","url":"/api/v1/users/get-user","status":"400","responseSize":"56","responseTime":"0.230\n"}
[2024-10-10 07:57:13] ERROR: {"method":"GET","url":"/api/v1/users/get-user","status":"400","responseSize":"56","responseTime":"0.332\n"}
[2024-10-10 07:57:13] ERROR: {"method":"GET","url":"/api/v1/users/get-user","status":"400","responseSize":"56","responseTime":"0.273\n"}
[2024-10-10 07:57:29] INFO: {"method":"POST","url":"/api/v1/auth/login","status":"200","responseSize":"681","responseTime":"166.816\n"}
[2024-10-10 07:57:33] INFO: {"method":"GET","url":"/api/v1/auth/logout","status":"200","responseSize":"91","responseTime":"9.564\n"}
[2024-10-10 07:57:33] ERROR: {"method":"GET","url":"/api/v1/users/get-user","status":"400","responseSize":"56","responseTime":"1.125\n"}
[2024-10-10 08:02:25] ERROR: {"method":"GET","url":"/api/v1/users/get-user","status":"400","responseSize":"56","responseTime":"0.292\n"}
[2024-10-10 08:02:53] ERROR: {"method":"POST","url":"/api/v1/users/signup","status":"400","responseSize":"557","responseTime":"60.241\n"}
[2024-10-10 08:04:09] ERROR: {"method":"GET","url":"/api/v1/users/get-user","status":"400","responseSize":"56","responseTime":"0.325\n"}
[2024-10-10 08:04:09] ERROR: {"method":"GET","url":"/api/v1/users/get-user","status":"400","responseSize":"56","responseTime":"0.251\n"}
[2024-10-10 08:05:15] ERROR: {"method":"GET","url":"/api/v1/users/get-user","status":"400","responseSize":"56","responseTime":"0.251\n"}
[2024-10-10 08:05:15] ERROR: {"method":"GET","url":"/api/v1/users/get-user","status":"400","responseSize":"56","responseTime":"0.271\n"}
[2024-10-10 08:05:36] ERROR: {"method":"POST","url":"/api/v1/users/signup","status":"400","responseSize":"557","responseTime":"73.012\n"}
[2024-10-10 08:06:29] ERROR: {"method":"GET","url":"/api/v1/users/get-user","status":"400","responseSize":"56","responseTime":"6.216\n"}
[2024-10-10 08:06:29] ERROR: {"method":"GET","url":"/api/v1/users/get-user","status":"400","responseSize":"56","responseTime":"4.062\n"}
[2024-10-10 08:08:44] ERROR: {"method":"GET","url":"/api/v1/users/get-user","status":"400","responseSize":"56","responseTime":"0.293\n"}
[2024-10-10 08:08:44] ERROR: {"method":"GET","url":"/api/v1/users/get-user","status":"400","responseSize":"56","responseTime":"0.286\n"}
[2024-10-10 08:09:13] ERROR: {"method":"GET","url":"/api/v1/users/get-user","status":"400","responseSize":"56","responseTime":"0.274\n"}
[2024-10-10 08:09:13] ERROR: {"method":"GET","url":"/api/v1/users/get-user","status":"400","responseSize":"56","responseTime":"0.318\n"}
[2024-10-10 08:09:34] ERROR: {"method":"POST","url":"/api/v1/users/signup","status":"400","responseSize":"557","responseTime":"58.078\n"}
[2024-10-10 08:10:04] ERROR: {"method":"GET","url":"/api/v1/users/get-user","status":"400","responseSize":"56","responseTime":"0.310\n"}
[2024-10-10 08:10:04] ERROR: {"method":"GET","url":"/api/v1/users/get-user","status":"400","responseSize":"56","responseTime":"0.265\n"}
[2024-10-10 08:15:06] ERROR: {"method":"GET","url":"/api/v1/users/get-user","status":"400","responseSize":"56","responseTime":"2.396\n"}
[2024-10-10 08:15:06] ERROR: {"method":"GET","url":"/api/v1/users/get-user","status":"400","responseSize":"56","responseTime":"3.214\n"}
[2024-10-10 08:20:55] ERROR: {"method":"GET","url":"/api/v1/users/get-user","status":"400","responseSize":"56","responseTime":"0.468\n"}
[2024-10-10 08:20:55] ERROR: {"method":"GET","url":"/api/v1/users/get-user","status":"400","responseSize":"56","responseTime":"0.288\n"}
[2024-10-10 08:22:54] ERROR: {"method":"POST","url":"/api/v1/users/signup","status":"400","responseSize":"557","responseTime":"53.846\n"}
[2024-10-10 08:23:37] ERROR: {"method":"GET","url":"/api/v1/users/get-user","status":"400","responseSize":"56","responseTime":"0.260\n"}
[2024-10-10 08:23:37] ERROR: {"method":"GET","url":"/api/v1/users/get-user","status":"400","responseSize":"56","responseTime":"0.220\n"}
