[2024-10-09 09:29:50] WARN: {"method":"POST","url":"/api/v1/users/signup","status":"500","responseSize":"2517","responseTime":"35.378\n"}
[2024-10-09 09:31:21] WARN: {"method":"POST","url":"/api/v1/users/signup","status":"500","responseSize":"2517","responseTime":"56.537\n"}
[2024-10-09 09:32:38] INFO: {"method":"POST","url":"/api/v1/users/signup","status":"201","responseSize":"285","responseTime":"112.491\n"}
[2024-10-09 09:37:41] INFO: {"method":"POST","url":"/api/v1/users/signup","status":"201","responseSize":"285","responseTime":"111.667\n"}
[2024-10-09 09:38:34] WARN: {"method":"POST","url":"/api/v1/users/signup","status":"500","responseSize":"2517","responseTime":"48.367\n"}
[2024-10-09 09:39:46] WARN: {"method":"POST","url":"/api/v1/users/signup","status":"500","responseSize":"2523","responseTime":"45.781\n"}
[2024-10-09 09:40:28] WARN: {"method":"POST","url":"/api/v1/users/signup","status":"500","responseSize":"2517","responseTime":"61.329\n"}
[2024-10-09 09:41:25] WARN: {"method":"POST","url":"/api/v1/users/signup","status":"500","responseSize":"2532","responseTime":"90.619\n"}
[2024-10-09 09:42:49] WARN: {"method":"POST","url":"/api/v1/users/signup","status":"500","responseSize":"2523","responseTime":"53.109\n"}
[2024-10-09 09:47:02] INFO: {"method":"POST","url":"/api/v1/users/signup","status":"201","responseSize":"288","responseTime":"173.729\n"}
[2024-10-09 09:50:43] INFO: {"method":"POST","url":"/api/v1/auth/login","status":"200","responseSize":"681","responseTime":"116.858\n"}
[2024-10-09 09:52:38] INFO: {"method":"POST","url":"/api/v1/auth/login","status":"200","responseSize":"681","responseTime":"136.418\n"}
[2024-10-09 09:53:00] ERROR: {"method":"POST","url":"/api/v1/auth/change-password","status":"400","responseSize":"54","responseTime":"2.378\n"}
[2024-10-09 09:58:47] ERROR: {"method":"POST","url":"/api/v1/auth/login","status":"400","responseSize":"540","responseTime":"129.410\n"}
[2024-10-09 09:59:01] ERROR: {"method":"POST","url":"/api/v1/auth/login","status":"400","responseSize":"457","responseTime":"181.217\n"}
[2024-10-09 09:59:15] INFO: {"method":"POST","url":"/api/v1/auth/login","status":"200","responseSize":"681","responseTime":"179.767\n"}
[2024-10-09 09:59:19] ERROR: {"method":"POST","url":"/api/v1/auth/logout","status":"404","responseSize":"1343","responseTime":"2.529\n"}
[2024-10-09 09:59:55] ERROR: {"method":"POST","url":"/api/v1/auth/logout","status":"400","responseSize":"54","responseTime":"27.594\n"}
[2024-10-09 10:00:06] INFO: {"method":"POST","url":"/api/v1/auth/login","status":"200","responseSize":"682","responseTime":"144.996\n"}
[2024-10-09 10:00:10] ERROR: {"method":"POST","url":"/api/v1/auth/logout","status":"400","responseSize":"54","responseTime":"2.089\n"}
[2024-10-09 10:00:44] INFO: {"method":"POST","url":"/api/v1/auth/login","status":"200","responseSize":"682","responseTime":"117.277\n"}
[2024-10-09 10:00:53] ERROR: {"method":"POST","url":"/api/v1/auth/logout","status":"400","responseSize":"52","responseTime":"6.959\n"}
[2024-10-09 10:05:12] INFO: {"method":"POST","url":"/api/v1/auth/login","status":"200","responseSize":"682","responseTime":"119.515\n"}
[2024-10-09 10:05:21] ERROR: {"method":"POST","url":"/api/v1/auth/logout","status":"400","responseSize":"54","responseTime":"7.128\n"}
[2024-10-09 10:05:58] ERROR: {"method":"GET","url":"/api/v1/auth/logout","status":"404","responseSize":"1354","responseTime":"8.380\n"}
[2024-10-09 10:05:58] ERROR: {"method":"GET","url":"/favicon.ico","status":"404","responseSize":"1340","responseTime":"0.575\n"}
[2024-10-09 10:08:14] INFO: {"method":"POST","url":"/api/v1/auth/login","status":"200","responseSize":"682","responseTime":"118.114\n"}
[2024-10-09 10:08:18] INFO: {"method":"POST","url":"/api/v1/auth/logout","status":"200","responseSize":"91","responseTime":"3.803\n"}
[2024-10-09 10:09:16] INFO: {"method":"POST","url":"/api/v1/auth/login","status":"200","responseSize":"682","responseTime":"170.664\n"}
[2024-10-09 10:09:19] INFO: {"method":"POST","url":"/api/v1/auth/logout","status":"200","responseSize":"91","responseTime":"7.588\n"}
[2024-10-09 10:15:24] INFO: {"method":"POST","url":"/api/v1/auth/login","status":"200","responseSize":"682","responseTime":"157.086\n"}
[2024-10-09 10:15:28] INFO: {"method":"POST","url":"/api/v1/auth/logout","status":"200","responseSize":"91","responseTime":"1.993\n"}
[2024-10-09 10:16:56] INFO: {"method":"POST","url":"/api/v1/auth/login","status":"200","responseSize":"682","responseTime":"123.022\n"}
[2024-10-09 10:16:59] INFO: {"method":"POST","url":"/api/v1/auth/logout","status":"200","responseSize":"91","responseTime":"5.639\n"}
[2024-10-09 10:18:20] INFO: {"method":"POST","url":"/api/v1/auth/login","status":"200","responseSize":"682","responseTime":"87.184\n"}
[2024-10-09 10:18:43] INFO: {"method":"POST","url":"/api/v1/auth/logout","status":"200","responseSize":"91","responseTime":"0.400\n"}
[2024-10-09 10:22:20] INFO: {"method":"POST","url":"/api/v1/auth/login","status":"200","responseSize":"682","responseTime":"146.301\n"}
[2024-10-09 10:22:26] INFO: {"method":"POST","url":"/api/v1/auth/logout","status":"200","responseSize":"91","responseTime":"5.087\n"}
[2024-10-09 10:23:12] INFO: {"method":"POST","url":"/api/v1/auth/login","status":"200","responseSize":"682","responseTime":"104.373\n"}
[2024-10-09 10:23:15] INFO: {"method":"GET","url":"/api/v1/auth/logout","status":"200","responseSize":"91","responseTime":"3.747\n"}
[2024-10-09 10:46:57] INFO: {"method":"POST","url":"/api/v1/auth/login","status":"200","responseSize":"682","responseTime":"140.593\n"}
[2024-10-09 10:47:15] ERROR: {"method":"GET","url":"/api/v1/auth/logout","status":"400","responseSize":"52","responseTime":"8.447\n"}
[2024-10-09 10:48:14] INFO: {"method":"POST","url":"/api/v1/auth/login","status":"200","responseSize":"682","responseTime":"130.790\n"}
[2024-10-09 10:48:16] ERROR: {"method":"GET","url":"/api/v1/auth/logout","status":"400","responseSize":"52","responseTime":"35.519\n"}
[2024-10-09 10:50:00] INFO: {"method":"POST","url":"/api/v1/auth/login","status":"200","responseSize":"682","responseTime":"126.195\n"}
[2024-10-09 10:50:02] ERROR: {"method":"POST","url":"/api/v1/auth/logout","status":"400","responseSize":"52","responseTime":"23.868\n"}
[2024-10-09 10:50:37] ERROR: {"method":"POST","url":"/api/v1/auth/logout","status":"400","responseSize":"52","responseTime":"32.889\n"}
[2024-10-09 10:50:38] ERROR: {"method":"POST","url":"/api/v1/auth/logout","status":"400","responseSize":"52","responseTime":"16.008\n"}
[2024-10-09 10:50:38] ERROR: {"method":"POST","url":"/api/v1/auth/logout","status":"400","responseSize":"52","responseTime":"7.745\n"}
[2024-10-09 10:50:38] ERROR: {"method":"POST","url":"/api/v1/auth/logout","status":"400","responseSize":"52","responseTime":"6.972\n"}
[2024-10-09 10:50:38] ERROR: {"method":"POST","url":"/api/v1/auth/logout","status":"400","responseSize":"52","responseTime":"8.170\n"}
[2024-10-09 10:50:38] ERROR: {"method":"POST","url":"/api/v1/auth/logout","status":"400","responseSize":"52","responseTime":"9.094\n"}
[2024-10-09 10:50:39] ERROR: {"method":"POST","url":"/api/v1/auth/logout","status":"400","responseSize":"52","responseTime":"7.965\n"}
[2024-10-09 10:50:39] ERROR: {"method":"POST","url":"/api/v1/auth/logout","status":"400","responseSize":"52","responseTime":"3.163\n"}
[2024-10-09 10:50:57] INFO: {"method":"POST","url":"/api/v1/auth/login","status":"200","responseSize":"682","responseTime":"203.130\n"}
[2024-10-09 10:51:10] ERROR: {"method":"POST","url":"/api/v1/auth/logout","status":"400","responseSize":"52","responseTime":"12.863\n"}
[2024-10-09 10:52:55] INFO: {"method":"POST","url":"/api/v1/auth/login","status":"200","responseSize":"682","responseTime":"133.095\n"}
[2024-10-09 10:53:00] ERROR: {"method":"POST","url":"/api/v1/auth/logout","status":"400","responseSize":"52","responseTime":"8.494\n"}
[2024-10-09 10:57:18] INFO: {"method":"POST","url":"/api/v1/auth/login","status":"200","responseSize":"682","responseTime":"182.128\n"}
[2024-10-09 10:58:14] INFO: {"method":"POST","url":"/api/v1/auth/login","status":"200","responseSize":"682","responseTime":"169.476\n"}
[2024-10-09 10:59:44] ERROR: {"method":"POST","url":"/api/v1/auth/logout","status":"400","responseSize":"52","responseTime":"29.501\n"}
[2024-10-09 10:59:54] INFO: {"method":"POST","url":"/api/v1/auth/login","status":"200","responseSize":"682","responseTime":"124.310\n"}
[2024-10-09 11:00:01] ERROR: {"method":"POST","url":"/api/v1/auth/logout","status":"400","responseSize":"52","responseTime":"12.985\n"}
[2024-10-09 11:03:58] INFO: {"method":"POST","url":"/api/v1/auth/login","status":"200","responseSize":"682","responseTime":"165.911\n"}
[2024-10-09 11:04:27] INFO: {"method":"POST","url":"/api/v1/auth/login","status":"200","responseSize":"682","responseTime":"172.237\n"}
[2024-10-09 11:33:28] INFO: {"method":"POST","url":"/api/v1/auth/login","status":"200","responseSize":"682","responseTime":"146.298\n"}
[2024-10-09 11:33:37] ERROR: {"method":"POST","url":"/api/v1/auth/logout","status":"400","responseSize":"52","responseTime":"21.517\n"}
[2024-10-09 11:34:33] ERROR: {"method":"POST","url":"/api/v1/auth/logout","status":"400","responseSize":"52","responseTime":"21.145\n"}
[2024-10-09 11:34:50] INFO: {"method":"POST","url":"/api/v1/auth/login","status":"200","responseSize":"682","responseTime":"201.208\n"}
[2024-10-09 11:34:59] ERROR: {"method":"POST","url":"/api/v1/auth/logout","status":"400","responseSize":"52","responseTime":"24.481\n"}
[2024-10-09 11:36:05] ERROR: {"method":"POST","url":"/api/v1/auth/logout","status":"400","responseSize":"52","responseTime":"25.930\n"}
[2024-10-09 11:36:10] INFO: {"method":"POST","url":"/api/v1/auth/login","status":"200","responseSize":"682","responseTime":"159.488\n"}
[2024-10-09 11:36:12] ERROR: {"method":"POST","url":"/api/v1/auth/logout","status":"400","responseSize":"52","responseTime":"22.081\n"}
[2024-10-09 03:01:11] INFO: {"method":"POST","url":"/api/v1/auth/login","status":"200","responseSize":"681","responseTime":"124.357\n"}
[2024-10-09 03:01:18] ERROR: {"method":"POST","url":"/api/v1/auth/logout","status":"400","responseSize":"52","responseTime":"11.678\n"}
[2024-10-09 03:02:18] INFO: {"method":"POST","url":"/api/v1/auth/logout","status":"200","responseSize":"90","responseTime":"29.948\n"}
[2024-10-09 03:02:27] INFO: {"method":"POST","url":"/api/v1/auth/login","status":"200","responseSize":"681","responseTime":"173.646\n"}
[2024-10-09 03:02:31] INFO: {"method":"POST","url":"/api/v1/auth/logout","status":"200","responseSize":"90","responseTime":"9.931\n"}
