[2024-10-05 09:36:08] INFO: {"method":"POST","url":"/api/v1/auth/login","status":"200","responseSize":"702","responseTime":"131.621\n"}
[2024-10-05 11:22:26] INFO: {"method":"POST","url":"/api/v1/auth/login","status":"200","responseSize":"703","responseTime":"166.708\n"}
[2024-10-05 11:23:08] INFO: {"method":"POST","url":"/api/v1/auth/forgot-password","status":"200","responseSize":"133","responseTime":"3526.357\n"}
[2024-10-05 11:23:09] INFO: {"method":"POST","url":"/api/v1/auth/forgot-password","status":"200","responseSize":"133","responseTime":"3322.456\n"}
[2024-10-05 11:23:10] INFO: {"method":"POST","url":"/api/v1/auth/forgot-password","status":"200","responseSize":"133","responseTime":"3324.232\n"}
[2024-10-05 11:23:10] INFO: {"method":"POST","url":"/api/v1/auth/forgot-password","status":"200","responseSize":"133","responseTime":"3247.324\n"}
[2024-10-05 11:23:10] INFO: {"method":"POST","url":"/api/v1/auth/forgot-password","status":"200","responseSize":"133","responseTime":"3207.493\n"}
[2024-10-05 11:57:15] INFO: {"method":"POST","url":"/api/v1/users/signup","status":"201","responseSize":"298","responseTime":"126.612\n"}
[2024-10-05 11:57:54] ERROR: {"method":"POST","url":"/api/v1/auth/login","status":"400","responseSize":"109","responseTime":"1.553\n"}
[2024-10-05 11:59:31] ERROR: {"method":"POST","url":"/api/v1/auth/login","status":"400","responseSize":"109","responseTime":"10.111\n"}
[2024-10-05 12:01:18] ERROR: {"method":"POST","url":"/api/v1/auth/login","status":"400","responseSize":"109","responseTime":"12.454\n"}
[2024-10-05 12:01:54] INFO: {"method":"POST","url":"/api/v1/auth/login","status":"200","responseSize":"686","responseTime":"111.122\n"}
[2024-10-05 12:38:51] ERROR: {"method":"POST","url":"/api/v1/users/signup","status":"400","responseSize":"119","responseTime":"29.257\n"}
[2024-10-05 12:39:25] INFO: {"method":"POST","url":"/api/v1/users/signup","status":"201","responseSize":"308","responseTime":"115.063\n"}
[2024-10-05 12:39:51] INFO: {"method":"POST","url":"/api/v1/auth/login","status":"200","responseSize":"696","responseTime":"90.733\n"}
[2024-10-05 12:40:04] ERROR: {"method":"POST","url":"/api/v1/auth/forgot-password","status":"404","responseSize":"109","responseTime":"95.979\n"}
[2024-10-05 12:40:32] ERROR: {"method":"POST","url":"/api/v1/auth/forgot-password","status":"404","responseSize":"71","responseTime":"115.352\n"}
[2024-10-05 12:40:44] ERROR: {"method":"POST","url":"/api/v1/auth/forgot-password","status":"404","responseSize":"97","responseTime":"113.791\n"}
[2024-10-05 12:41:10] INFO: {"method":"POST","url":"/api/v1/auth/forgot-password","status":"200","responseSize":"133","responseTime":"120.305\n"}
[2024-10-05 12:42:41] INFO: {"method":"POST","url":"/api/v1/auth/forgot-password","status":"200","responseSize":"133","responseTime":"128.175\n"}
[2024-10-05 12:43:21] INFO: {"method":"POST","url":"/api/v1/auth/forgot-password","status":"200","responseSize":"133","responseTime":"118.651\n"}
[2024-10-05 12:44:42] INFO: {"method":"POST","url":"/api/v1/auth/forgot-password","status":"200","responseSize":"133","responseTime":"131.502\n"}
[2024-10-05 12:47:09] INFO: {"method":"POST","url":"/api/v1/auth/forgot-password","status":"200","responseSize":"133","responseTime":"117.823\n"}
[2024-10-05 01:02:28] ERROR: {"method":"POST","url":"/api/v1/users/signup","status":"400","responseSize":"118","responseTime":"29.518\n"}
[2024-10-05 01:02:45] INFO: {"method":"POST","url":"/api/v1/users/signup","status":"201","responseSize":"306","responseTime":"117.643\n"}
[2024-10-05 01:03:07] INFO: {"method":"POST","url":"/api/v1/auth/login","status":"200","responseSize":"694","responseTime":"85.837\n"}
[2024-10-05 01:03:48] INFO: {"method":"POST","url":"/api/v1/auth/forgot-password","status":"200","responseSize":"132","responseTime":"98.365\n"}
[2024-10-05 01:04:41] INFO: {"method":"POST","url":"/api/v1/auth/forgot-password","status":"200","responseSize":"132","responseTime":"87.788\n"}
[2024-10-05 01:07:10] ERROR: {"method":"POST","url":"/api/v1reset-password/3597ef9399422dcbd18448e66373a9ff","status":"400","responseSize":"116","responseTime":"0.354\n"}
[2024-10-05 01:07:28] ERROR: {"method":"POST","url":"/api/v1/reset-password/3597ef9399422dcbd18448e66373a9ff","status":"400","responseSize":"117","responseTime":"0.277\n"}
[2024-10-05 01:08:09] ERROR: {"method":"POST","url":"/api/v1/reset-password/3597ef9399422dcbd18448e66373a9ff","status":"400","responseSize":"117","responseTime":"0.207\n"}
[2024-10-05 01:09:21] ERROR: {"method":"POST","url":"/api/v1/auth/reset-password/3597ef9399422dcbd18448e66373a9ff","status":"400","responseSize":"70","responseTime":"10.820\n"}
[2024-10-05 01:09:47] ERROR: {"method":"POST","url":"/api/v1/auth/reset-password/3597ef9399422dcbd18448e66373a9ff","status":"400","responseSize":"70","responseTime":"18.895\n"}
[2024-10-05 01:09:53] ERROR: {"method":"POST","url":"/api/v1/auth/reset-password/3597ef9399422dcbd18448e66373a9ff","status":"400","responseSize":"70","responseTime":"23.382\n"}
[2024-10-05 01:10:00] ERROR: {"method":"POST","url":"/api/v1/auth/reset-password/3597ef9399422dcbd18448e66373a9ff","status":"400","responseSize":"70","responseTime":"19.283\n"}
[2024-10-05 01:10:30] ERROR: {"method":"POST","url":"/api/v1/auth/reset-password/3597ef9399422dcbd18448e66373a9ff","status":"400","responseSize":"102","responseTime":"19.524\n"}
[2024-10-05 01:12:42] INFO: {"method":"POST","url":"/api/v1/auth/reset-password/3597ef9399422dcbd18448e66373a9ff","status":"200","responseSize":"98","responseTime":"114.365\n"}
[2024-10-05 03:08:58] ERROR: {"method":"POST","url":"/api/v1/auth/login","status":"400","responseSize":"92","responseTime":"100.092\n"}
[2024-10-05 03:09:04] ERROR: {"method":"POST","url":"/api/v1/auth/login","status":"400","responseSize":"92","responseTime":"73.962\n"}
[2024-10-05 03:09:07] ERROR: {"method":"POST","url":"/api/v1/auth/login","status":"400","responseSize":"92","responseTime":"73.887\n"}
[2024-10-05 03:09:33] INFO: {"method":"POST","url":"/api/v1/auth/login","status":"200","responseSize":"717","responseTime":"87.073\n"}
[2024-10-05 03:10:44] ERROR: {"method":"POST","url":"/api/v1/auth/change-password","status":"400","responseSize":"54","responseTime":"2.036\n"}
[2024-10-05 03:11:20] ERROR: {"method":"POST","url":"/api/v1/auth/change-password","status":"400","responseSize":"45","responseTime":"12.466\n"}
[2024-10-05 03:11:39] ERROR: {"method":"POST","url":"/api/v1/auth/change-password","status":"400","responseSize":"45","responseTime":"0.881\n"}
[2024-10-05 03:11:44] INFO: {"method":"POST","url":"/api/v1/auth/login","status":"200","responseSize":"717","responseTime":"102.238\n"}
[2024-10-05 03:11:47] ERROR: {"method":"POST","url":"/api/v1/auth/change-password","status":"400","responseSize":"45","responseTime":"0.479\n"}
[2024-10-05 03:12:30] ERROR: {"method":"POST","url":"/api/v1/auth/login","status":"400","responseSize":"92","responseTime":"153.646\n"}
[2024-10-05 03:12:36] ERROR: {"method":"POST","url":"/api/v1/auth/login","status":"400","responseSize":"92","responseTime":"141.668\n"}
[2024-10-05 03:14:33] ERROR: {"method":"POST","url":"/api/v1/auth/change-password","status":"400","responseSize":"54","responseTime":"10.878\n"}
[2024-10-05 03:14:37] INFO: {"method":"POST","url":"/api/v1/auth/login","status":"200","responseSize":"717","responseTime":"99.460\n"}
[2024-10-05 03:14:55] ERROR: {"method":"POST","url":"/api/v1/auth/change-password","status":"400","responseSize":"54","responseTime":"0.669\n"}
[2024-10-05 03:15:04] ERROR: {"method":"POST","url":"/api/v1/auth/change-password","status":"400","responseSize":"45","responseTime":"12.821\n"}
[2024-10-05 03:15:29] ERROR: {"method":"POST","url":"/api/v1/auth/change-password","status":"400","responseSize":"45","responseTime":"13.809\n"}
[2024-10-05 03:15:30] ERROR: {"method":"POST","url":"/api/v1/auth/change-password","status":"400","responseSize":"45","responseTime":"1.194\n"}
[2024-10-05 03:16:38] ERROR: {"method":"POST","url":"/api/v1/auth/change-password","status":"400","responseSize":"45","responseTime":"11.772\n"}
[2024-10-05 03:16:50] ERROR: {"method":"POST","url":"/api/v1/auth/change-password","status":"400","responseSize":"45","responseTime":"12.680\n"}
[2024-10-05 03:17:05] ERROR: {"method":"POST","url":"/api/v1/auth/change-password","status":"400","responseSize":"45","responseTime":"11.734\n"}
[2024-10-05 03:17:30] ERROR: {"method":"POST","url":"/api/v1/auth/change-password","status":"400","responseSize":"45","responseTime":"12.118\n"}
[2024-10-05 03:17:36] ERROR: {"method":"POST","url":"/api/v1/auth/change-password","status":"400","responseSize":"45","responseTime":"11.674\n"}
[2024-10-05 03:18:11] ERROR: {"method":"POST","url":"/api/v1/auth/change-password","status":"400","responseSize":"45","responseTime":"10.791\n"}
[2024-10-05 03:18:22] ERROR: {"method":"POST","url":"/api/v1/auth/change-password","status":"400","responseSize":"45","responseTime":"13.254\n"}
[2024-10-05 03:19:28] ERROR: {"method":"POST","url":"/api/v1/auth/change-password","status":"400","responseSize":"45","responseTime":"12.226\n"}
[2024-10-05 03:20:45] ERROR: {"method":"POST","url":"/api/v1/auth/change-password","status":"400","responseSize":"45","responseTime":"13.296\n"}
[2024-10-05 03:21:36] ERROR: {"method":"POST","url":"/api/v1/auth/change-password","status":"400","responseSize":"45","responseTime":"12.138\n"}
[2024-10-05 03:22:36] ERROR: {"method":"POST","url":"/api/v1/auth/login","status":"400","responseSize":"92","responseTime":"103.111\n"}
[2024-10-05 03:22:56] INFO: {"method":"POST","url":"/api/v1/auth/login","status":"200","responseSize":"717","responseTime":"113.567\n"}
[2024-10-05 03:23:19] ERROR: {"method":"POST","url":"/api/v1/auth/change-password","status":"400","responseSize":"54","responseTime":"2.465\n"}
[2024-10-05 03:24:33] ERROR: {"method":"POST","url":"/api/v1/auth/change-password","status":"400","responseSize":"54","responseTime":"2.449\n"}
[2024-10-05 03:25:27] ERROR: {"method":"POST","url":"/api/v1/auth/change-password","status":"400","responseSize":"54","responseTime":"1.049\n"}
[2024-10-05 03:26:32] ERROR: {"method":"POST","url":"/api/v1/auth/change-password","status":"400","responseSize":"54","responseTime":"10.619\n"}
[2024-10-05 03:26:37] INFO: {"method":"POST","url":"/api/v1/auth/login","status":"200","responseSize":"717","responseTime":"95.256\n"}
[2024-10-05 03:26:40] INFO: {"method":"POST","url":"/api/v1/auth/change-password","status":"200","responseSize":"100","responseTime":"162.543\n"}
[2024-10-05 03:27:05] INFO: {"method":"POST","url":"/api/v1/auth/change-password","status":"200","responseSize":"100","responseTime":"179.976\n"}
[2024-10-05 06:30:51] ERROR: {"method":"POST","url":"/api/v1/auth/change-passwordhkjjhk","status":"400","responseSize":"96","responseTime":"9.953\n"}
[2024-10-05 07:02:00] ERROR: {"method":"POST","url":"/api/v1/auth/change-passwordhkjjhk","status":"404","responseSize":"96","responseTime":"10.763\n"}
[2024-10-05 07:02:14] ERROR: {"method":"POST","url":"/api/v1/auth/change-passwordhkjjhk","status":"404","responseSize":"95","responseTime":"9.865\n"}
[2024-10-05 08:24:25] ERROR: {"method":"POST","url":"/api/v1/auth/change-passwordhkjjhk","status":"404","responseSize":"96","responseTime":"10.217\n"}
[2024-10-05 08:30:29] WARN: {"method":"POST","url":"/api/v1/auth/change-passwordhkjjhk","status":"500","responseSize":"1257","responseTime":"9.316\n"}
[2024-10-05 08:30:55] WARN: {"method":"POST","url":"/api/v1/auth/change-passwordhkjjhk","status":"500","responseSize":"130","responseTime":"9.447\n"}
[2024-10-05 08:31:22] WARN: {"method":"POST","url":"/api/v1/auth/change-passwordhkjjhk","status":"500","responseSize":"130","responseTime":"10.248\n"}
[2024-10-05 08:31:39] WARN: {"method":"POST","url":"/api/v1/auth/change-passwordhkjjhk","status":"500","responseSize":"130","responseTime":"9.039\n"}
[2024-10-05 08:31:47] WARN: {"method":"POST","url":"/api/v1/auth/change-passwordhkjjhk","status":"500","responseSize":"130","responseTime":"9.155\n"}
[2024-10-05 08:32:12] WARN: {"method":"POST","url":"/api/v1/auth/change-passwordhkjjhk","status":"500","responseSize":"130","responseTime":"11.980\n"}
[2024-10-05 08:32:44] WARN: {"method":"POST","url":"/api/v1/auth/change-passwordhkjjhk","status":"500","responseSize":"1257","responseTime":"9.949\n"}
[2024-10-05 08:33:02] WARN: {"method":"POST","url":"/api/v1/auth/change-passwordhkjjhk","status":"500","responseSize":"1257","responseTime":"9.433\n"}
[2024-10-05 08:55:45] ERROR: {"method":"POST","url":"/api/v1/auth/change-passwordhkjjhk","status":"404","responseSize":"96","responseTime":"9.452\n"}
[2024-10-05 08:56:00] WARN: {"method":"POST","url":"/api/v1/auth/login","status":"500","responseSize":"65","responseTime":"0.656\n"}
[2024-10-05 08:57:34] WARN: {"method":"POST","url":"/api/v1/auth/login","status":"500","responseSize":"69","responseTime":"105.972\n"}
[2024-10-05 08:58:53] WARN: {"method":"POST","url":"/api/v1/auth/login","status":"500","responseSize":"69","responseTime":"108.402\n"}
[2024-10-05 08:59:23] WARN: {"method":"POST","url":"/api/v1/auth/login","status":"500","responseSize":"53","responseTime":"106.156\n"}
[2024-10-05 09:04:50] ERROR: {"method":"POST","url":"/api/v1/users/signup","status":"400","responseSize":"154","responseTime":"22.999\n"}
[2024-10-05 09:06:35] WARN: {"method":"POST","url":"/api/v1/auth/login","status":"500","responseSize":"91","responseTime":"111.291\n"}
[2024-10-05 09:49:06] WARN: {"method":"POST","url":"/api/v1/auth/login","status":"500","responseSize":"88","responseTime":"108.644\n"}
[2024-10-05 09:49:34] WARN: {"method":"POST","url":"/api/v1/auth/login","status":"500","responseSize":"88","responseTime":"101.292\n"}
[2024-10-05 09:50:29] WARN: {"method":"POST","url":"/api/v1/auth/login","status":"500","responseSize":"88","responseTime":"85.988\n"}
[2024-10-05 09:51:32] WARN: {"method":"POST","url":"/api/v1/auth/login","status":"500","responseSize":"102","responseTime":"101.563\n"}
[2024-10-05 09:51:51] WARN: {"method":"POST","url":"/api/v1/auth/login","status":"500","responseSize":"88","responseTime":"100.377\n"}
[2024-10-05 09:52:43] WARN: {"method":"POST","url":"/api/v1/auth/login","status":"500","responseSize":"88","responseTime":"100.133\n"}
[2024-10-05 09:53:14] WARN: {"method":"POST","url":"/api/v1/auth/login","status":"500","responseSize":"88","responseTime":"13.047\n"}
[2024-10-05 09:53:25] WARN: {"method":"POST","url":"/api/v1/auth/login","status":"500","responseSize":"88","responseTime":"102.506\n"}
