[2024-10-06 11:04:41] WARN: {"method":"POST","url":"/api/v1/users/signup","status":"500","responseSize":"92","responseTime":"158.133\n"}
[2024-10-06 11:05:31] WARN: {"method":"POST","url":"/api/v1/users/signup","status":"500","responseSize":"92","responseTime":"102.167\n"}
[2024-10-06 11:06:13] WARN: {"method":"POST","url":"/api/v1/users/signup","status":"500","responseSize":"102","responseTime":"258.747\n"}
[2024-10-06 11:06:57] WARN: {"method":"POST","url":"/api/v1/users/signup","status":"500","responseSize":"89","responseTime":"611.958\n"}
[2024-10-06 11:28:50] WARN: {"method":"POST","url":"/api/v1/users/signup","status":"500","responseSize":"89","responseTime":"108.907\n"}
[2024-10-06 11:30:15] WARN: {"method":"POST","url":"/api/v1/users/signup","status":"500","responseSize":"89","responseTime":"161.024\n"}
[2024-10-06 11:30:33] WARN: {"method":"POST","url":"/api/v1/users/signup","status":"500","responseSize":"89","responseTime":"176.563\n"}
[2024-10-06 11:33:23] ERROR: {"method":"POST","url":"/api/v1/users/signup","status":"400","responseSize":"102","responseTime":"61.637\n"}
[2024-10-06 11:34:28] ERROR: {"method":"POST","url":"/api/v1/users/signup","status":"400","responseSize":"121","responseTime":"382.210\n"}
[2024-10-06 11:35:20] ERROR: {"method":"POST","url":"/api/v1/users/signup","status":"404","responseSize":"121","responseTime":"294.645\n"}
[2024-10-06 12:12:33] WARN: {"method":"POST","url":"/api/v1/users/signup","status":"500","responseSize":"102","responseTime":"365.028\n"}
[2024-10-06 12:13:26] INFO: {"method":"POST","url":"/api/v1/users/signup","status":"201","responseSize":"300","responseTime":"269.819\n"}
[2024-10-06 12:15:57] INFO: {"method":"POST","url":"/api/v1/users/signup","status":"201","responseSize":"306","responseTime":"397.957\n"}
[2024-10-06 12:16:41] INFO: {"method":"POST","url":"/api/v1/auth/login","status":"200","responseSize":"694","responseTime":"174.235\n"}
[2024-10-06 12:17:20] INFO: {"method":"POST","url":"/api/v1/auth/forgot-password","status":"200","responseSize":"133","responseTime":"225.433\n"}
[2024-10-06 12:19:42] INFO: {"method":"POST","url":"/api/v1/users/signup","status":"201","responseSize":"308","responseTime":"646.732\n"}
[2024-10-06 12:19:49] INFO: {"method":"POST","url":"/api/v1/auth/login","status":"200","responseSize":"696","responseTime":"105.998\n"}
[2024-10-06 12:20:00] INFO: {"method":"POST","url":"/api/v1/auth/forgot-password","status":"200","responseSize":"131","responseTime":"164.501\n"}
[2024-10-06 12:24:31] INFO: {"method":"POST","url":"/api/v1/auth/forgot-password","status":"200","responseSize":"131","responseTime":"351.813\n"}
[2024-10-06 12:24:46] INFO: {"method":"POST","url":"/api/v1/auth/forgot-password","status":"200","responseSize":"131","responseTime":"532.864\n"}
[2024-10-06 12:25:24] INFO: {"method":"POST","url":"/api/v1/auth/forgot-password","status":"200","responseSize":"131","responseTime":"610.647\n"}
[2024-10-06 12:32:12] WARN: {"method":"POST","url":"/api/v1/auth/reset-password/71af4e34b3ed24857a2f46821fb026f2","status":"500","responseSize":"154","responseTime":"310.063\n"}
[2024-10-06 12:32:20] ERROR: {"method":"POST","url":"/api/v1/reset-password/71af4e34b3ed24857a2f46821fb026f2","status":"404","responseSize":"156","responseTime":"2.425\n"}
[2024-10-06 12:32:44] WARN: {"method":"POST","url":"/api/v1/auth/reset-password/71af4e34b3ed24857a2f46821fb026f2","status":"500","responseSize":"154","responseTime":"125.593\n"}
[2024-10-06 12:32:52] INFO: {"method":"POST","url":"/api/v1/auth/reset-password/71af4e34b3ed24857a2f46821fb026f2","status":"200","responseSize":"99","responseTime":"489.145\n"}
[2024-10-06 12:33:27] INFO: {"method":"POST","url":"/api/v1/auth/login","status":"200","responseSize":"718","responseTime":"244.810\n"}
[2024-10-06 12:33:46] INFO: {"method":"POST","url":"/api/v1/auth/login","status":"200","responseSize":"718","responseTime":"529.493\n"}
[2024-10-06 12:34:18] ERROR: {"method":"POST","url":"/api/v1/auth/change-passwordygujb","status":"404","responseSize":"134","responseTime":"1.924\n"}
[2024-10-06 12:34:28] ERROR: {"method":"POST","url":"/api/v1/auth/change-password","status":"400","responseSize":"105","responseTime":"423.639\n"}
[2024-10-06 12:34:38] ERROR: {"method":"POST","url":"/api/v1/auth/change-password","status":"400","responseSize":"122","responseTime":"266.577\n"}
[2024-10-06 12:35:26] WARN: {"method":"POST","url":"/api/v1/auth/change-password","status":"500","responseSize":"154","responseTime":"323.761\n"}
[2024-10-06 12:35:33] ERROR: {"method":"POST","url":"/api/v1/auth/change-password","status":"400","responseSize":"118","responseTime":"312.838\n"}
[2024-10-06 12:35:40] INFO: {"method":"POST","url":"/api/v1/auth/change-password","status":"200","responseSize":"101","responseTime":"678.773\n"}
[2024-10-06 01:00:49] INFO: {"method":"POST","url":"/api/v1/auth/forgot-password","status":"200","responseSize":"130","responseTime":"1004.365\n"}
[2024-10-06 01:03:55] INFO: {"method":"POST","url":"/api/v1/auth/forgot-password","status":"200","responseSize":"130","responseTime":"352.648\n"}
[2024-10-06 01:14:59] ERROR: {"method":"POST","url":"/api/v1/auth/reset-password/71af4e34b3ed24857a2f46821fb026f7","status":"400","responseSize":"531","responseTime":"421.625\n"}
[2024-10-06 01:15:58] ERROR: {"method":"POST","url":"/api/v1/auth/reset-password/71af4e34b3ed24857a2f46821fb026f7","status":"400","responseSize":"531","responseTime":"55.701\n"}
[2024-10-06 01:21:06] ERROR: {"method":"POST","url":"/api/v1/auth/reset-password/71af4e34b3ed24857a2f46821fb026f7","status":"400","responseSize":"531","responseTime":"63.776\n"}
[2024-10-06 01:21:29] ERROR: {"method":"POST","url":"/api/v1/auth/reset-password/71af4e34b3ed24857a2f46821fb026f7","status":"400","responseSize":"531","responseTime":"108.402\n"}
[2024-10-06 01:21:35] ERROR: {"method":"POST","url":"/api/v1/auth/reset-password/71af4e34b3ed24857a2f46821fb026f7","status":"400","responseSize":"531","responseTime":"140.572\n"}
[2024-10-06 02:33:13] ERROR: {"method":"POST","url":"/api/v1/users/signup","status":"400","responseSize":"548","responseTime":"119.993\n"}
[2024-10-06 02:34:22] ERROR: {"method":"POST","url":"/api/v1/users/signup","status":"400","responseSize":"548","responseTime":"173.194\n"}
[2024-10-06 02:35:38] ERROR: {"method":"POST","url":"/api/v1/users/signup","status":"400","responseSize":"548","responseTime":"268.129\n"}
[2024-10-06 02:36:34] ERROR: {"method":"POST","url":"/api/v1/users/signup","status":"400","responseSize":"548","responseTime":"199.730\n"}
[2024-10-06 02:40:33] ERROR: {"method":"POST","url":"/api/v1/users/signup","status":"400","responseSize":"548","responseTime":"70.710\n"}
[2024-10-06 02:40:57] ERROR: {"method":"POST","url":"/api/v1/users/signup","status":"400","responseSize":"548","responseTime":"402.902\n"}
[2024-10-06 02:41:34] ERROR: {"method":"POST","url":"/api/v1/users/signup","status":"400","responseSize":"548","responseTime":"71.722\n"}
[2024-10-06 02:47:23] ERROR: {"method":"POST","url":"/api/v1/users/signup","status":"400","responseSize":"548","responseTime":"381.589\n"}
[2024-10-06 02:49:32] ERROR: {"method":"POST","url":"/api/v1/auth/login","status":"400","responseSize":"449","responseTime":"363.846\n"}
[2024-10-06 02:54:20] INFO: {"method":"POST","url":"/api/v1/auth/forgot-password","status":"200","responseSize":"130","responseTime":"450.274\n"}
[2024-10-06 02:56:03] INFO: {"method":"POST","url":"/api/v1/auth/reset-password/10483eff8bee16e45df7aef61b7510ab","status":"200","responseSize":"98","responseTime":"677.555\n"}
[2024-10-06 02:56:14] INFO: {"method":"POST","url":"/api/v1/auth/login","status":"200","responseSize":"717","responseTime":"250.434\n"}
[2024-10-06 07:19:39] ERROR: {"method":"POST","url":"/api/v1/users/signup","status":"400","responseSize":"548","responseTime":"128.107\n"}
[2024-10-06 07:21:50] INFO: {"method":"POST","url":"/api/v1/users/signup","status":"201","responseSize":"295","responseTime":"871.516\n"}
[2024-10-06 07:24:06] INFO: {"method":"POST","url":"/api/v1/users/signup","status":"201","responseSize":"293","responseTime":"262.104\n"}
[2024-10-06 07:26:31] INFO: {"method":"POST","url":"/api/v1/users/signup","status":"201","responseSize":"292","responseTime":"614.219\n"}
[2024-10-06 11:05:29] INFO: {"method":"POST","url":"/api/v1/users/signup","status":"201","responseSize":"296","responseTime":"544.588\n"}
[2024-10-06 11:11:55] INFO: {"method":"POST","url":"/api/v1/users/signup","status":"201","responseSize":"294","responseTime":"609.932\n"}
